[2024-11-02T06:06:53.699+0000] {taskinstance.py:1979} INFO - Dependencies all met for dep_context=non-requeueable deps ti=<TaskInstance: spark-pg-read-dag-example.spark_submit_task manual__2024-11-02T06:06:52.899982+00:00 [queued]>
[2024-11-02T06:06:53.718+0000] {taskinstance.py:1979} INFO - Dependencies all met for dep_context=requeueable deps ti=<TaskInstance: spark-pg-read-dag-example.spark_submit_task manual__2024-11-02T06:06:52.899982+00:00 [queued]>
[2024-11-02T06:06:53.718+0000] {taskinstance.py:2193} INFO - Starting attempt 1 of 1
[2024-11-02T06:06:53.741+0000] {taskinstance.py:2214} INFO - Executing <Task(SparkSubmitOperator): spark_submit_task> on 2024-11-02 06:06:52.899982+00:00
[2024-11-02T06:06:53.749+0000] {standard_task_runner.py:60} INFO - Started process 1933 to run task
[2024-11-02T06:06:53.754+0000] {standard_task_runner.py:87} INFO - Running: ['airflow', 'tasks', 'run', 'spark-pg-read-dag-example', 'spark_submit_task', 'manual__2024-11-02T06:06:52.899982+00:00', '--job-id', '7', '--raw', '--subdir', 'DAGS_FOLDER/spark-pg-read-dag-example.py', '--cfg-path', '/tmp/tmpu3ihe3jf']
[2024-11-02T06:06:53.758+0000] {standard_task_runner.py:88} INFO - Job 7: Subtask spark_submit_task
[2024-11-02T06:06:53.782+0000] {logging_mixin.py:188} WARNING - /home/airflow/.local/lib/python3.9/site-packages/airflow/settings.py:194 DeprecationWarning: The sql_alchemy_conn option in [core] has been moved to the sql_alchemy_conn option in [database] - the old setting has been used, but please update your config.
[2024-11-02T06:06:53.832+0000] {task_command.py:423} INFO - Running <TaskInstance: spark-pg-read-dag-example.spark_submit_task manual__2024-11-02T06:06:52.899982+00:00 [running]> on host dataeng-airflow-scheduler
[2024-11-02T06:06:53.918+0000] {taskinstance.py:2510} INFO - Exporting env vars: AIRFLOW_CTX_DAG_OWNER='dibimbing' AIRFLOW_CTX_DAG_ID='spark-pg-read-dag-example' AIRFLOW_CTX_TASK_ID='spark_submit_task' AIRFLOW_CTX_EXECUTION_DATE='2024-11-02T06:06:52.899982+00:00' AIRFLOW_CTX_TRY_NUMBER='1' AIRFLOW_CTX_DAG_RUN_ID='manual__2024-11-02T06:06:52.899982+00:00'
[2024-11-02T06:06:53.929+0000] {base.py:83} INFO - Using connection ID 'spark_main' for task execution.
[2024-11-02T06:06:53.931+0000] {spark_submit.py:473} INFO - Spark-Submit cmd: spark-submit --master spark://dataeng-spark-master:7077 --jars /spark-scripts/jars/jars_postgresql-42.2.20.jar --name arrow-spark /spark-scripts/spark-pg-read-example.py
[2024-11-02T06:06:55.878+0000] {spark_submit.py:634} INFO - 24/11/02 06:06:55 WARN NativeCodeLoader: Unable to load native-hadoop library for your platform... using builtin-java classes where applicable
[2024-11-02T06:06:56.757+0000] {spark_submit.py:634} INFO - 24/11/02 06:06:56 INFO SparkContext: Running Spark version 3.3.2
[2024-11-02T06:06:56.788+0000] {spark_submit.py:634} INFO - 24/11/02 06:06:56 INFO ResourceUtils: ==============================================================
[2024-11-02T06:06:56.788+0000] {spark_submit.py:634} INFO - 24/11/02 06:06:56 INFO ResourceUtils: No custom resources configured for spark.driver.
[2024-11-02T06:06:56.789+0000] {spark_submit.py:634} INFO - 24/11/02 06:06:56 INFO ResourceUtils: ==============================================================
[2024-11-02T06:06:56.789+0000] {spark_submit.py:634} INFO - 24/11/02 06:06:56 INFO SparkContext: Submitted application: Dibimbing
[2024-11-02T06:06:56.823+0000] {spark_submit.py:634} INFO - 24/11/02 06:06:56 INFO ResourceProfile: Default ResourceProfile created, executor resources: Map(cores -> name: cores, amount: 1, script: , vendor: , memory -> name: memory, amount: 1024, script: , vendor: , offHeap -> name: offHeap, amount: 0, script: , vendor: ), task resources: Map(cpus -> name: cpus, amount: 1.0)
[2024-11-02T06:06:56.833+0000] {spark_submit.py:634} INFO - 24/11/02 06:06:56 INFO ResourceProfile: Limiting resource is cpu
[2024-11-02T06:06:56.834+0000] {spark_submit.py:634} INFO - 24/11/02 06:06:56 INFO ResourceProfileManager: Added ResourceProfile id: 0
[2024-11-02T06:06:56.885+0000] {spark_submit.py:634} INFO - 24/11/02 06:06:56 INFO SecurityManager: Changing view acls to: airflow
[2024-11-02T06:06:56.886+0000] {spark_submit.py:634} INFO - 24/11/02 06:06:56 INFO SecurityManager: Changing modify acls to: airflow
[2024-11-02T06:06:56.887+0000] {spark_submit.py:634} INFO - 24/11/02 06:06:56 INFO SecurityManager: Changing view acls groups to:
[2024-11-02T06:06:56.887+0000] {spark_submit.py:634} INFO - 24/11/02 06:06:56 INFO SecurityManager: Changing modify acls groups to:
[2024-11-02T06:06:56.888+0000] {spark_submit.py:634} INFO - 24/11/02 06:06:56 INFO SecurityManager: SecurityManager: authentication disabled; ui acls disabled; users  with view permissions: Set(airflow); groups with view permissions: Set(); users  with modify permissions: Set(airflow); groups with modify permissions: Set()
[2024-11-02T06:06:57.102+0000] {spark_submit.py:634} INFO - 24/11/02 06:06:57 INFO Utils: Successfully started service 'sparkDriver' on port 35937.
[2024-11-02T06:06:57.134+0000] {spark_submit.py:634} INFO - 24/11/02 06:06:57 INFO SparkEnv: Registering MapOutputTracker
[2024-11-02T06:06:57.168+0000] {spark_submit.py:634} INFO - 24/11/02 06:06:57 INFO SparkEnv: Registering BlockManagerMaster
[2024-11-02T06:06:57.180+0000] {spark_submit.py:634} INFO - 24/11/02 06:06:57 INFO BlockManagerMasterEndpoint: Using org.apache.spark.storage.DefaultTopologyMapper for getting topology information
[2024-11-02T06:06:57.181+0000] {spark_submit.py:634} INFO - 24/11/02 06:06:57 INFO BlockManagerMasterEndpoint: BlockManagerMasterEndpoint up
[2024-11-02T06:06:57.185+0000] {spark_submit.py:634} INFO - 24/11/02 06:06:57 INFO SparkEnv: Registering BlockManagerMasterHeartbeat
[2024-11-02T06:06:57.214+0000] {spark_submit.py:634} INFO - 24/11/02 06:06:57 INFO DiskBlockManager: Created local directory at /tmp/blockmgr-ce1fde23-a277-4b46-8fef-7f8e7538190e
[2024-11-02T06:06:57.241+0000] {spark_submit.py:634} INFO - 24/11/02 06:06:57 INFO MemoryStore: MemoryStore started with capacity 434.4 MiB
[2024-11-02T06:06:57.266+0000] {spark_submit.py:634} INFO - 24/11/02 06:06:57 INFO SparkEnv: Registering OutputCommitCoordinator
[2024-11-02T06:06:57.438+0000] {spark_submit.py:634} INFO - 24/11/02 06:06:57 WARN Utils: Service 'SparkUI' could not bind on port 4040. Attempting port 4041.
[2024-11-02T06:06:57.450+0000] {spark_submit.py:634} INFO - 24/11/02 06:06:57 INFO Utils: Successfully started service 'SparkUI' on port 4041.
[2024-11-02T06:06:57.497+0000] {spark_submit.py:634} INFO - 24/11/02 06:06:57 ERROR SparkContext: Failed to add /opt/bitnami/spark/jars/postgresql-42.2.18.jar to Spark environment
[2024-11-02T06:06:57.498+0000] {spark_submit.py:634} INFO - java.io.FileNotFoundException: Jar /opt/bitnami/spark/jars/postgresql-42.2.18.jar not found
[2024-11-02T06:06:57.498+0000] {spark_submit.py:634} INFO - at org.apache.spark.SparkContext.addLocalJarFile$1(SparkContext.scala:1959)
[2024-11-02T06:06:57.499+0000] {spark_submit.py:634} INFO - at org.apache.spark.SparkContext.addJar(SparkContext.scala:2014)
[2024-11-02T06:06:57.499+0000] {spark_submit.py:634} INFO - at org.apache.spark.SparkContext.$anonfun$new$12(SparkContext.scala:507)
[2024-11-02T06:06:57.500+0000] {spark_submit.py:634} INFO - at org.apache.spark.SparkContext.$anonfun$new$12$adapted(SparkContext.scala:507)
[2024-11-02T06:06:57.500+0000] {spark_submit.py:634} INFO - at scala.collection.mutable.ResizableArray.foreach(ResizableArray.scala:62)
[2024-11-02T06:06:57.500+0000] {spark_submit.py:634} INFO - at scala.collection.mutable.ResizableArray.foreach$(ResizableArray.scala:55)
[2024-11-02T06:06:57.501+0000] {spark_submit.py:634} INFO - at scala.collection.mutable.ArrayBuffer.foreach(ArrayBuffer.scala:49)
[2024-11-02T06:06:57.501+0000] {spark_submit.py:634} INFO - at org.apache.spark.SparkContext.<init>(SparkContext.scala:507)
[2024-11-02T06:06:57.502+0000] {spark_submit.py:634} INFO - at org.apache.spark.api.java.JavaSparkContext.<init>(JavaSparkContext.scala:58)
[2024-11-02T06:06:57.502+0000] {spark_submit.py:634} INFO - at java.base/jdk.internal.reflect.NativeConstructorAccessorImpl.newInstance0(Native Method)
[2024-11-02T06:06:57.503+0000] {spark_submit.py:634} INFO - at java.base/jdk.internal.reflect.NativeConstructorAccessorImpl.newInstance(NativeConstructorAccessorImpl.java:77)
[2024-11-02T06:06:57.503+0000] {spark_submit.py:634} INFO - at java.base/jdk.internal.reflect.DelegatingConstructorAccessorImpl.newInstance(DelegatingConstructorAccessorImpl.java:45)
[2024-11-02T06:06:57.504+0000] {spark_submit.py:634} INFO - at java.base/java.lang.reflect.Constructor.newInstanceWithCaller(Constructor.java:500)
[2024-11-02T06:06:57.504+0000] {spark_submit.py:634} INFO - at java.base/java.lang.reflect.Constructor.newInstance(Constructor.java:481)
[2024-11-02T06:06:57.505+0000] {spark_submit.py:634} INFO - at py4j.reflection.MethodInvoker.invoke(MethodInvoker.java:247)
[2024-11-02T06:06:57.505+0000] {spark_submit.py:634} INFO - at py4j.reflection.ReflectionEngine.invoke(ReflectionEngine.java:357)
[2024-11-02T06:06:57.506+0000] {spark_submit.py:634} INFO - at py4j.Gateway.invoke(Gateway.java:238)
[2024-11-02T06:06:57.506+0000] {spark_submit.py:634} INFO - at py4j.commands.ConstructorCommand.invokeConstructor(ConstructorCommand.java:80)
[2024-11-02T06:06:57.507+0000] {spark_submit.py:634} INFO - at py4j.commands.ConstructorCommand.execute(ConstructorCommand.java:69)
[2024-11-02T06:06:57.507+0000] {spark_submit.py:634} INFO - at py4j.ClientServerConnection.waitForCommands(ClientServerConnection.java:182)
[2024-11-02T06:06:57.508+0000] {spark_submit.py:634} INFO - at py4j.ClientServerConnection.run(ClientServerConnection.java:106)
[2024-11-02T06:06:57.508+0000] {spark_submit.py:634} INFO - at java.base/java.lang.Thread.run(Thread.java:840)
[2024-11-02T06:06:57.573+0000] {spark_submit.py:634} INFO - 24/11/02 06:06:57 INFO StandaloneAppClient$ClientEndpoint: Connecting to master spark://dibimbing-dataeng-spark-master:7077...
[2024-11-02T06:06:57.622+0000] {spark_submit.py:634} INFO - 24/11/02 06:06:57 INFO TransportClientFactory: Successfully created connection to dibimbing-dataeng-spark-master/172.18.0.2:7077 after 26 ms (0 ms spent in bootstraps)
[2024-11-02T06:06:57.705+0000] {spark_submit.py:634} INFO - 24/11/02 06:06:57 INFO StandaloneSchedulerBackend: Connected to Spark cluster with app ID app-20241102060657-0005
[2024-11-02T06:06:57.710+0000] {spark_submit.py:634} INFO - 24/11/02 06:06:57 INFO Utils: Successfully started service 'org.apache.spark.network.netty.NettyBlockTransferService' on port 43063.
[2024-11-02T06:06:57.710+0000] {spark_submit.py:634} INFO - 24/11/02 06:06:57 INFO NettyBlockTransferService: Server created on dataeng-airflow-scheduler:43063
[2024-11-02T06:06:57.712+0000] {spark_submit.py:634} INFO - 24/11/02 06:06:57 INFO BlockManager: Using org.apache.spark.storage.RandomBlockReplicationPolicy for block replication policy
[2024-11-02T06:06:57.716+0000] {spark_submit.py:634} INFO - 24/11/02 06:06:57 INFO BlockManagerMaster: Registering BlockManager BlockManagerId(driver, dataeng-airflow-scheduler, 43063, None)
[2024-11-02T06:06:57.718+0000] {spark_submit.py:634} INFO - 24/11/02 06:06:57 INFO BlockManagerMasterEndpoint: Registering block manager dataeng-airflow-scheduler:43063 with 434.4 MiB RAM, BlockManagerId(driver, dataeng-airflow-scheduler, 43063, None)
[2024-11-02T06:06:57.720+0000] {spark_submit.py:634} INFO - 24/11/02 06:06:57 INFO BlockManagerMaster: Registered BlockManager BlockManagerId(driver, dataeng-airflow-scheduler, 43063, None)
[2024-11-02T06:06:57.721+0000] {spark_submit.py:634} INFO - 24/11/02 06:06:57 INFO BlockManager: Initialized BlockManager: BlockManagerId(driver, dataeng-airflow-scheduler, 43063, None)
[2024-11-02T06:06:57.892+0000] {spark_submit.py:634} INFO - 24/11/02 06:06:57 INFO StandaloneSchedulerBackend: SchedulerBackend is ready for scheduling beginning after reached minRegisteredResourcesRatio: 0.0
[2024-11-02T06:07:04.537+0000] {spark_submit.py:634} INFO - +---------+---------+--------------------+--------+-----------+---------+----------+--------------+
[2024-11-02T06:07:04.539+0000] {spark_submit.py:634} INFO - |invoiceno|stockcode|         description|quantity|invoicedate|unitprice|customerid|       country|
[2024-11-02T06:07:04.540+0000] {spark_submit.py:634} INFO - +---------+---------+--------------------+--------+-----------+---------+----------+--------------+
[2024-11-02T06:07:04.540+0000] {spark_submit.py:634} INFO - |   536365|   85123A|WHITE HANGING HEA...|       6| 2010-12-01|     2.55|     17850|United Kingdom|
[2024-11-02T06:07:04.541+0000] {spark_submit.py:634} INFO - |   536365|    71053| WHITE METAL LANTERN|       6| 2010-12-01|     3.39|     17850|United Kingdom|
[2024-11-02T06:07:04.541+0000] {spark_submit.py:634} INFO - |   536365|   84406B|CREAM CUPID HEART...|       8| 2010-12-01|     2.75|     17850|United Kingdom|
[2024-11-02T06:07:04.541+0000] {spark_submit.py:634} INFO - |   536365|   84029G|KNITTED UNION FLA...|       6| 2010-12-01|     3.39|     17850|United Kingdom|
[2024-11-02T06:07:04.542+0000] {spark_submit.py:634} INFO - |   536365|   84029E|RED WOOLLY HOTTIE...|       6| 2010-12-01|     3.39|     17850|United Kingdom|
[2024-11-02T06:07:04.542+0000] {spark_submit.py:634} INFO - +---------+---------+--------------------+--------+-----------+---------+----------+--------------+
[2024-11-02T06:07:04.542+0000] {spark_submit.py:634} INFO - only showing top 5 rows
[2024-11-02T06:07:04.543+0000] {spark_submit.py:634} INFO - 
[2024-11-02T06:07:04.741+0000] {taskinstance.py:1149} INFO - Marking task as SUCCESS. dag_id=spark-pg-read-dag-example, task_id=spark_submit_task, execution_date=20241102T060652, start_date=20241102T060653, end_date=20241102T060704
[2024-11-02T06:07:04.783+0000] {local_task_job_runner.py:234} INFO - Task exited with return code 0
[2024-11-02T06:07:04.797+0000] {taskinstance.py:3309} INFO - 0 downstream tasks scheduled from follow-on schedule check
