[2024-11-02T09:38:24.887+0000] {taskinstance.py:1979} INFO - Dependencies all met for dep_context=non-requeueable deps ti=<TaskInstance: spark_transformationagg_reza.spark_trans_task manual__2024-11-02T09:38:24.273103+00:00 [queued]>
[2024-11-02T09:38:24.900+0000] {taskinstance.py:1979} INFO - Dependencies all met for dep_context=requeueable deps ti=<TaskInstance: spark_transformationagg_reza.spark_trans_task manual__2024-11-02T09:38:24.273103+00:00 [queued]>
[2024-11-02T09:38:24.900+0000] {taskinstance.py:2193} INFO - Starting attempt 1 of 1
[2024-11-02T09:38:24.922+0000] {taskinstance.py:2214} INFO - Executing <Task(SparkSubmitOperator): spark_trans_task> on 2024-11-02 09:38:24.273103+00:00
[2024-11-02T09:38:24.929+0000] {standard_task_runner.py:60} INFO - Started process 22333 to run task
[2024-11-02T09:38:24.934+0000] {standard_task_runner.py:87} INFO - Running: ['airflow', 'tasks', 'run', 'spark_transformationagg_reza', 'spark_trans_task', 'manual__2024-11-02T09:38:24.273103+00:00', '--job-id', '35', '--raw', '--subdir', 'DAGS_FOLDER/spark-transformationagg-reza.py', '--cfg-path', '/tmp/tmpt3ep951g']
[2024-11-02T09:38:24.937+0000] {standard_task_runner.py:88} INFO - Job 35: Subtask spark_trans_task
[2024-11-02T09:38:24.961+0000] {logging_mixin.py:188} WARNING - /home/airflow/.local/lib/python3.9/site-packages/airflow/settings.py:194 DeprecationWarning: The sql_alchemy_conn option in [core] has been moved to the sql_alchemy_conn option in [database] - the old setting has been used, but please update your config.
[2024-11-02T09:38:25.012+0000] {task_command.py:423} INFO - Running <TaskInstance: spark_transformationagg_reza.spark_trans_task manual__2024-11-02T09:38:24.273103+00:00 [running]> on host dataeng-airflow-scheduler
[2024-11-02T09:38:25.134+0000] {taskinstance.py:2510} INFO - Exporting env vars: AIRFLOW_CTX_DAG_OWNER='Reza' AIRFLOW_CTX_DAG_ID='spark_transformationagg_reza' AIRFLOW_CTX_TASK_ID='spark_trans_task' AIRFLOW_CTX_EXECUTION_DATE='2024-11-02T09:38:24.273103+00:00' AIRFLOW_CTX_TRY_NUMBER='1' AIRFLOW_CTX_DAG_RUN_ID='manual__2024-11-02T09:38:24.273103+00:00'
[2024-11-02T09:38:25.146+0000] {base.py:83} INFO - Using connection ID 'spark_main' for task execution.
[2024-11-02T09:38:25.148+0000] {spark_submit.py:473} INFO - Spark-Submit cmd: spark-submit --master spark://dataeng-spark-master:7077 --jars /spark-scripts/jars/jars_postgresql-42.2.20.jar --name arrow-spark /spark-scripts/spark-transformationagg-reza.py
[2024-11-02T09:38:26.903+0000] {spark_submit.py:634} INFO - 24/11/02 09:38:26 WARN NativeCodeLoader: Unable to load native-hadoop library for your platform... using builtin-java classes where applicable
[2024-11-02T09:38:27.734+0000] {spark_submit.py:634} INFO - 24/11/02 09:38:27 INFO SparkContext: Running Spark version 3.3.2
[2024-11-02T09:38:27.754+0000] {spark_submit.py:634} INFO - 24/11/02 09:38:27 INFO ResourceUtils: ==============================================================
[2024-11-02T09:38:27.755+0000] {spark_submit.py:634} INFO - 24/11/02 09:38:27 INFO ResourceUtils: No custom resources configured for spark.driver.
[2024-11-02T09:38:27.755+0000] {spark_submit.py:634} INFO - 24/11/02 09:38:27 INFO ResourceUtils: ==============================================================
[2024-11-02T09:38:27.756+0000] {spark_submit.py:634} INFO - 24/11/02 09:38:27 INFO SparkContext: Submitted application: Dibimbing
[2024-11-02T09:38:27.770+0000] {spark_submit.py:634} INFO - 24/11/02 09:38:27 INFO ResourceProfile: Default ResourceProfile created, executor resources: Map(cores -> name: cores, amount: 1, script: , vendor: , memory -> name: memory, amount: 1024, script: , vendor: , offHeap -> name: offHeap, amount: 0, script: , vendor: ), task resources: Map(cpus -> name: cpus, amount: 1.0)
[2024-11-02T09:38:27.777+0000] {spark_submit.py:634} INFO - 24/11/02 09:38:27 INFO ResourceProfile: Limiting resource is cpu
[2024-11-02T09:38:27.778+0000] {spark_submit.py:634} INFO - 24/11/02 09:38:27 INFO ResourceProfileManager: Added ResourceProfile id: 0
[2024-11-02T09:38:27.810+0000] {spark_submit.py:634} INFO - 24/11/02 09:38:27 INFO SecurityManager: Changing view acls to: airflow
[2024-11-02T09:38:27.811+0000] {spark_submit.py:634} INFO - 24/11/02 09:38:27 INFO SecurityManager: Changing modify acls to: airflow
[2024-11-02T09:38:27.812+0000] {spark_submit.py:634} INFO - 24/11/02 09:38:27 INFO SecurityManager: Changing view acls groups to:
[2024-11-02T09:38:27.812+0000] {spark_submit.py:634} INFO - 24/11/02 09:38:27 INFO SecurityManager: Changing modify acls groups to:
[2024-11-02T09:38:27.813+0000] {spark_submit.py:634} INFO - 24/11/02 09:38:27 INFO SecurityManager: SecurityManager: authentication disabled; ui acls disabled; users  with view permissions: Set(airflow); groups with view permissions: Set(); users  with modify permissions: Set(airflow); groups with modify permissions: Set()
[2024-11-02T09:38:27.999+0000] {spark_submit.py:634} INFO - 24/11/02 09:38:27 INFO Utils: Successfully started service 'sparkDriver' on port 43819.
[2024-11-02T09:38:28.028+0000] {spark_submit.py:634} INFO - 24/11/02 09:38:28 INFO SparkEnv: Registering MapOutputTracker
[2024-11-02T09:38:28.065+0000] {spark_submit.py:634} INFO - 24/11/02 09:38:28 INFO SparkEnv: Registering BlockManagerMaster
[2024-11-02T09:38:28.078+0000] {spark_submit.py:634} INFO - 24/11/02 09:38:28 INFO BlockManagerMasterEndpoint: Using org.apache.spark.storage.DefaultTopologyMapper for getting topology information
[2024-11-02T09:38:28.079+0000] {spark_submit.py:634} INFO - 24/11/02 09:38:28 INFO BlockManagerMasterEndpoint: BlockManagerMasterEndpoint up
[2024-11-02T09:38:28.083+0000] {spark_submit.py:634} INFO - 24/11/02 09:38:28 INFO SparkEnv: Registering BlockManagerMasterHeartbeat
[2024-11-02T09:38:28.101+0000] {spark_submit.py:634} INFO - 24/11/02 09:38:28 INFO DiskBlockManager: Created local directory at /tmp/blockmgr-d7166e13-792c-49d6-963b-35a3f5ad78f8
[2024-11-02T09:38:28.117+0000] {spark_submit.py:634} INFO - 24/11/02 09:38:28 INFO MemoryStore: MemoryStore started with capacity 434.4 MiB
[2024-11-02T09:38:28.132+0000] {spark_submit.py:634} INFO - 24/11/02 09:38:28 INFO SparkEnv: Registering OutputCommitCoordinator
[2024-11-02T09:38:28.303+0000] {spark_submit.py:634} INFO - 24/11/02 09:38:28 INFO Utils: Successfully started service 'SparkUI' on port 4040.
[2024-11-02T09:38:28.336+0000] {spark_submit.py:634} INFO - 24/11/02 09:38:28 ERROR SparkContext: Failed to add /opt/bitnami/spark/jars/postgresql-42.2.18.jar to Spark environment
[2024-11-02T09:38:28.337+0000] {spark_submit.py:634} INFO - java.io.FileNotFoundException: Jar /opt/bitnami/spark/jars/postgresql-42.2.18.jar not found
[2024-11-02T09:38:28.337+0000] {spark_submit.py:634} INFO - at org.apache.spark.SparkContext.addLocalJarFile$1(SparkContext.scala:1959)
[2024-11-02T09:38:28.338+0000] {spark_submit.py:634} INFO - at org.apache.spark.SparkContext.addJar(SparkContext.scala:2014)
[2024-11-02T09:38:28.338+0000] {spark_submit.py:634} INFO - at org.apache.spark.SparkContext.$anonfun$new$12(SparkContext.scala:507)
[2024-11-02T09:38:28.339+0000] {spark_submit.py:634} INFO - at org.apache.spark.SparkContext.$anonfun$new$12$adapted(SparkContext.scala:507)
[2024-11-02T09:38:28.339+0000] {spark_submit.py:634} INFO - at scala.collection.mutable.ResizableArray.foreach(ResizableArray.scala:62)
[2024-11-02T09:38:28.340+0000] {spark_submit.py:634} INFO - at scala.collection.mutable.ResizableArray.foreach$(ResizableArray.scala:55)
[2024-11-02T09:38:28.340+0000] {spark_submit.py:634} INFO - at scala.collection.mutable.ArrayBuffer.foreach(ArrayBuffer.scala:49)
[2024-11-02T09:38:28.341+0000] {spark_submit.py:634} INFO - at org.apache.spark.SparkContext.<init>(SparkContext.scala:507)
[2024-11-02T09:38:28.341+0000] {spark_submit.py:634} INFO - at org.apache.spark.api.java.JavaSparkContext.<init>(JavaSparkContext.scala:58)
[2024-11-02T09:38:28.342+0000] {spark_submit.py:634} INFO - at java.base/jdk.internal.reflect.NativeConstructorAccessorImpl.newInstance0(Native Method)
[2024-11-02T09:38:28.342+0000] {spark_submit.py:634} INFO - at java.base/jdk.internal.reflect.NativeConstructorAccessorImpl.newInstance(NativeConstructorAccessorImpl.java:77)
[2024-11-02T09:38:28.343+0000] {spark_submit.py:634} INFO - at java.base/jdk.internal.reflect.DelegatingConstructorAccessorImpl.newInstance(DelegatingConstructorAccessorImpl.java:45)
[2024-11-02T09:38:28.343+0000] {spark_submit.py:634} INFO - at java.base/java.lang.reflect.Constructor.newInstanceWithCaller(Constructor.java:500)
[2024-11-02T09:38:28.343+0000] {spark_submit.py:634} INFO - at java.base/java.lang.reflect.Constructor.newInstance(Constructor.java:481)
[2024-11-02T09:38:28.344+0000] {spark_submit.py:634} INFO - at py4j.reflection.MethodInvoker.invoke(MethodInvoker.java:247)
[2024-11-02T09:38:28.344+0000] {spark_submit.py:634} INFO - at py4j.reflection.ReflectionEngine.invoke(ReflectionEngine.java:357)
[2024-11-02T09:38:28.345+0000] {spark_submit.py:634} INFO - at py4j.Gateway.invoke(Gateway.java:238)
[2024-11-02T09:38:28.345+0000] {spark_submit.py:634} INFO - at py4j.commands.ConstructorCommand.invokeConstructor(ConstructorCommand.java:80)
[2024-11-02T09:38:28.346+0000] {spark_submit.py:634} INFO - at py4j.commands.ConstructorCommand.execute(ConstructorCommand.java:69)
[2024-11-02T09:38:28.346+0000] {spark_submit.py:634} INFO - at py4j.ClientServerConnection.waitForCommands(ClientServerConnection.java:182)
[2024-11-02T09:38:28.347+0000] {spark_submit.py:634} INFO - at py4j.ClientServerConnection.run(ClientServerConnection.java:106)
[2024-11-02T09:38:28.347+0000] {spark_submit.py:634} INFO - at java.base/java.lang.Thread.run(Thread.java:840)
[2024-11-02T09:38:28.387+0000] {spark_submit.py:634} INFO - 24/11/02 09:38:28 INFO Executor: Starting executor ID driver on host dataeng-airflow-scheduler
[2024-11-02T09:38:28.395+0000] {spark_submit.py:634} INFO - 24/11/02 09:38:28 INFO Executor: Starting executor with user classpath (userClassPathFirst = false): ''
[2024-11-02T09:38:28.411+0000] {spark_submit.py:634} INFO - 24/11/02 09:38:28 INFO Utils: Successfully started service 'org.apache.spark.network.netty.NettyBlockTransferService' on port 38599.
[2024-11-02T09:38:28.411+0000] {spark_submit.py:634} INFO - 24/11/02 09:38:28 INFO NettyBlockTransferService: Server created on dataeng-airflow-scheduler:38599
[2024-11-02T09:38:28.413+0000] {spark_submit.py:634} INFO - 24/11/02 09:38:28 INFO BlockManager: Using org.apache.spark.storage.RandomBlockReplicationPolicy for block replication policy
[2024-11-02T09:38:28.418+0000] {spark_submit.py:634} INFO - 24/11/02 09:38:28 INFO BlockManagerMaster: Registering BlockManager BlockManagerId(driver, dataeng-airflow-scheduler, 38599, None)
[2024-11-02T09:38:28.421+0000] {spark_submit.py:634} INFO - 24/11/02 09:38:28 INFO BlockManagerMasterEndpoint: Registering block manager dataeng-airflow-scheduler:38599 with 434.4 MiB RAM, BlockManagerId(driver, dataeng-airflow-scheduler, 38599, None)
[2024-11-02T09:38:28.422+0000] {spark_submit.py:634} INFO - 24/11/02 09:38:28 INFO BlockManagerMaster: Registered BlockManager BlockManagerId(driver, dataeng-airflow-scheduler, 38599, None)
[2024-11-02T09:38:28.423+0000] {spark_submit.py:634} INFO - 24/11/02 09:38:28 INFO BlockManager: Initialized BlockManager: BlockManagerId(driver, dataeng-airflow-scheduler, 38599, None)
[2024-11-02T09:38:31.788+0000] {spark_submit.py:634} INFO - +--------------------+--------------------+------------------------+--------------------+--------------+
[2024-11-02T09:38:31.789+0000] {spark_submit.py:634} INFO - |         customer_id|  customer_unique_id|customer_zip_code_prefix|       customer_city|customer_state|
[2024-11-02T09:38:31.790+0000] {spark_submit.py:634} INFO - +--------------------+--------------------+------------------------+--------------------+--------------+
[2024-11-02T09:38:31.790+0000] {spark_submit.py:634} INFO - |06b8999e2fba1a1fb...|861eff4711a542e4b...|                   14409|              franca|            SP|
[2024-11-02T09:38:31.791+0000] {spark_submit.py:634} INFO - |18955e83d337fd6b2...|290c77bc529b7ac93...|                    9790|sao bernardo do c...|            SP|
[2024-11-02T09:38:31.791+0000] {spark_submit.py:634} INFO - |4e7b3e00288586ebd...|060e732b5b29e8181...|                    1151|           sao paulo|            SP|
[2024-11-02T09:38:31.792+0000] {spark_submit.py:634} INFO - |b2b6027bc5c5109e5...|259dac757896d24d7...|                    8775|     mogi das cruzes|            SP|
[2024-11-02T09:38:31.792+0000] {spark_submit.py:634} INFO - |4f2d8ab171c80ec83...|345ecd01c38d18a90...|                   13056|            campinas|            SP|
[2024-11-02T09:38:31.793+0000] {spark_submit.py:634} INFO - +--------------------+--------------------+------------------------+--------------------+--------------+
[2024-11-02T09:38:31.793+0000] {spark_submit.py:634} INFO - only showing top 5 rows
[2024-11-02T09:38:31.794+0000] {spark_submit.py:634} INFO - 
[2024-11-02T09:38:32.358+0000] {spark_submit.py:634} INFO - +--------------------+-------------+--------------------+--------------------+-------------------+-----+-------------+
[2024-11-02T09:38:32.359+0000] {spark_submit.py:634} INFO - |            order_id|order_item_id|          product_id|           seller_id|shipping_limit_date|price|freight_value|
[2024-11-02T09:38:32.360+0000] {spark_submit.py:634} INFO - +--------------------+-------------+--------------------+--------------------+-------------------+-----+-------------+
[2024-11-02T09:38:32.360+0000] {spark_submit.py:634} INFO - |00010242fe8c5a6d1...|            1|4244733e06e7ecb49...|48436dade18ac8b2b...|2017-09-19 09:45:35| 58.9|        13.29|
[2024-11-02T09:38:32.361+0000] {spark_submit.py:634} INFO - |00018f77f2f0320c5...|            1|e5f2d52b802189ee6...|dd7ddc04e1b6c2c61...|2017-05-03 11:05:13|239.9|        19.93|
[2024-11-02T09:38:32.361+0000] {spark_submit.py:634} INFO - |000229ec398224ef6...|            1|c777355d18b72b67a...|5b51032eddd242adc...|2018-01-18 14:48:30|199.0|        17.87|
[2024-11-02T09:38:32.361+0000] {spark_submit.py:634} INFO - |00024acbcdf0a6daa...|            1|7634da152a4610f15...|9d7a1d34a50524090...|2018-08-15 10:10:18|12.99|        12.79|
[2024-11-02T09:38:32.362+0000] {spark_submit.py:634} INFO - |00042b26cf59d7ce6...|            1|ac6c3623068f30de0...|df560393f3a51e745...|2017-02-13 13:57:51|199.9|        18.14|
[2024-11-02T09:38:32.362+0000] {spark_submit.py:634} INFO - +--------------------+-------------+--------------------+--------------------+-------------------+-----+-------------+
[2024-11-02T09:38:32.363+0000] {spark_submit.py:634} INFO - only showing top 5 rows
[2024-11-02T09:38:32.363+0000] {spark_submit.py:634} INFO - 
[2024-11-02T09:38:32.657+0000] {spark_submit.py:634} INFO - +--------------------+--------------------+------------+------------------------+-------------------+----------------------------+-----------------------------+-----------------------------+
[2024-11-02T09:38:32.658+0000] {spark_submit.py:634} INFO - |            order_id|         customer_id|order_status|order_purchase_timestamp|  order_approved_at|order_delivered_carrier_date|order_delivered_customer_date|order_estimated_delivery_date|
[2024-11-02T09:38:32.658+0000] {spark_submit.py:634} INFO - +--------------------+--------------------+------------+------------------------+-------------------+----------------------------+-----------------------------+-----------------------------+
[2024-11-02T09:38:32.658+0000] {spark_submit.py:634} INFO - |e481f51cbdc54678b...|9ef432eb625129730...|   delivered|     2017-10-02 10:56:33|2017-10-02 11:07:15|         2017-10-04 19:55:00|          2017-10-10 21:25:13|          2017-10-18 00:00:00|
[2024-11-02T09:38:32.659+0000] {spark_submit.py:634} INFO - |53cdb2fc8bc7dce0b...|b0830fb4747a6c6d2...|   delivered|     2018-07-24 20:41:37|2018-07-26 03:24:27|         2018-07-26 14:31:00|          2018-08-07 15:27:45|          2018-08-13 00:00:00|
[2024-11-02T09:38:32.659+0000] {spark_submit.py:634} INFO - |47770eb9100c2d0c4...|41ce2a54c0b03bf34...|   delivered|     2018-08-08 08:38:49|2018-08-08 08:55:23|         2018-08-08 13:50:00|          2018-08-17 18:06:29|          2018-09-04 00:00:00|
[2024-11-02T09:38:32.660+0000] {spark_submit.py:634} INFO - |949d5b44dbf5de918...|f88197465ea7920ad...|   delivered|     2017-11-18 19:28:06|2017-11-18 19:45:59|         2017-11-22 13:39:59|          2017-12-02 00:28:42|          2017-12-15 00:00:00|
[2024-11-02T09:38:32.660+0000] {spark_submit.py:634} INFO - |ad21c59c0840e6cb8...|8ab97904e6daea886...|   delivered|     2018-02-13 21:18:39|2018-02-13 22:20:29|         2018-02-14 19:46:34|          2018-02-16 18:17:02|          2018-02-26 00:00:00|
[2024-11-02T09:38:32.661+0000] {spark_submit.py:634} INFO - +--------------------+--------------------+------------+------------------------+-------------------+----------------------------+-----------------------------+-----------------------------+
[2024-11-02T09:38:32.661+0000] {spark_submit.py:634} INFO - only showing top 5 rows
[2024-11-02T09:38:32.661+0000] {spark_submit.py:634} INFO - 
[2024-11-02T09:38:32.766+0000] {spark_submit.py:634} INFO - +---------------------+-----------------------------+
[2024-11-02T09:38:32.767+0000] {spark_submit.py:634} INFO - |product_category_name|product_category_name_english|
[2024-11-02T09:38:32.768+0000] {spark_submit.py:634} INFO - +---------------------+-----------------------------+
[2024-11-02T09:38:32.768+0000] {spark_submit.py:634} INFO - |         beleza_saude|                health_beauty|
[2024-11-02T09:38:32.768+0000] {spark_submit.py:634} INFO - | informatica_acess...|         computers_accesso...|
[2024-11-02T09:38:32.769+0000] {spark_submit.py:634} INFO - |           automotivo|                         auto|
[2024-11-02T09:38:32.769+0000] {spark_submit.py:634} INFO - |      cama_mesa_banho|               bed_bath_table|
[2024-11-02T09:38:32.770+0000] {spark_submit.py:634} INFO - |     moveis_decoracao|              furniture_decor|
[2024-11-02T09:38:32.770+0000] {spark_submit.py:634} INFO - +---------------------+-----------------------------+
[2024-11-02T09:38:32.770+0000] {spark_submit.py:634} INFO - only showing top 5 rows
[2024-11-02T09:38:32.771+0000] {spark_submit.py:634} INFO - 
[2024-11-02T09:38:32.938+0000] {spark_submit.py:634} INFO - +--------------------+---------------------+-------------------+--------------------------+------------------+----------------+-----------------+-----------------+----------------+
[2024-11-02T09:38:32.939+0000] {spark_submit.py:634} INFO - |          product_id|product_category_name|product_name_lenght|product_description_lenght|product_photos_qty|product_weight_g|product_length_cm|product_height_cm|product_width_cm|
[2024-11-02T09:38:32.939+0000] {spark_submit.py:634} INFO - +--------------------+---------------------+-------------------+--------------------------+------------------+----------------+-----------------+-----------------+----------------+
[2024-11-02T09:38:32.940+0000] {spark_submit.py:634} INFO - |1e9e8ef04dbcff454...|           perfumaria|                 40|                       287|                 1|           225.0|             16.0|             10.0|            14.0|
[2024-11-02T09:38:32.940+0000] {spark_submit.py:634} INFO - |3aa071139cb16b67c...|                artes|                 44|                       276|                 1|          1000.0|             30.0|             18.0|            20.0|
[2024-11-02T09:38:32.940+0000] {spark_submit.py:634} INFO - |96bd76ec8810374ed...|        esporte_lazer|                 46|                       250|                 1|           154.0|             18.0|              9.0|            15.0|
[2024-11-02T09:38:32.941+0000] {spark_submit.py:634} INFO - |cef67bcfe19066a93...|                bebes|                 27|                       261|                 1|           371.0|             26.0|              4.0|            26.0|
[2024-11-02T09:38:32.941+0000] {spark_submit.py:634} INFO - |9dc1a7de274444849...| utilidades_domest...|                 37|                       402|                 4|           625.0|             20.0|             17.0|            13.0|
[2024-11-02T09:38:32.941+0000] {spark_submit.py:634} INFO - +--------------------+---------------------+-------------------+--------------------------+------------------+----------------+-----------------+-----------------+----------------+
[2024-11-02T09:38:32.942+0000] {spark_submit.py:634} INFO - only showing top 5 rows
[2024-11-02T09:38:32.942+0000] {spark_submit.py:634} INFO - 
[2024-11-02T09:38:33.056+0000] {spark_submit.py:634} INFO - +--------------------+----------------------+-----------------+------------+
[2024-11-02T09:38:33.057+0000] {spark_submit.py:634} INFO - |           seller_id|seller_zip_code_prefix|      seller_city|seller_state|
[2024-11-02T09:38:33.058+0000] {spark_submit.py:634} INFO - +--------------------+----------------------+-----------------+------------+
[2024-11-02T09:38:33.058+0000] {spark_submit.py:634} INFO - |3442f8959a84dea7e...|                 13023|         campinas|          SP|
[2024-11-02T09:38:33.058+0000] {spark_submit.py:634} INFO - |d1b65fc7debc3361e...|                 13844|       mogi guacu|          SP|
[2024-11-02T09:38:33.059+0000] {spark_submit.py:634} INFO - |ce3ad9de960102d06...|                 20031|   rio de janeiro|          RJ|
[2024-11-02T09:38:33.059+0000] {spark_submit.py:634} INFO - |c0f3eea2e14555b6f...|                  4195|        sao paulo|          SP|
[2024-11-02T09:38:33.060+0000] {spark_submit.py:634} INFO - |51a04a8a6bdcb23de...|                 12914|braganca paulista|          SP|
[2024-11-02T09:38:33.060+0000] {spark_submit.py:634} INFO - +--------------------+----------------------+-----------------+------------+
[2024-11-02T09:38:33.061+0000] {spark_submit.py:634} INFO - only showing top 5 rows
[2024-11-02T09:38:33.061+0000] {spark_submit.py:634} INFO - 
[2024-11-02T09:38:33.807+0000] {spark_submit.py:634} INFO - +---------+---------+--------------------+--------+-----------+---------+----------+--------------+
[2024-11-02T09:38:33.808+0000] {spark_submit.py:634} INFO - |invoiceno|stockcode|         description|quantity|invoicedate|unitprice|customerid|       country|
[2024-11-02T09:38:33.808+0000] {spark_submit.py:634} INFO - +---------+---------+--------------------+--------+-----------+---------+----------+--------------+
[2024-11-02T09:38:33.808+0000] {spark_submit.py:634} INFO - |   536365|   85123A|WHITE HANGING HEA...|       6| 2010-12-01|     2.55|     17850|United Kingdom|
[2024-11-02T09:38:33.809+0000] {spark_submit.py:634} INFO - |   536365|    71053| WHITE METAL LANTERN|       6| 2010-12-01|     3.39|     17850|United Kingdom|
[2024-11-02T09:38:33.809+0000] {spark_submit.py:634} INFO - |   536365|   84406B|CREAM CUPID HEART...|       8| 2010-12-01|     2.75|     17850|United Kingdom|
[2024-11-02T09:38:33.809+0000] {spark_submit.py:634} INFO - |   536365|   84029G|KNITTED UNION FLA...|       6| 2010-12-01|     3.39|     17850|United Kingdom|
[2024-11-02T09:38:33.810+0000] {spark_submit.py:634} INFO - |   536365|   84029E|RED WOOLLY HOTTIE...|       6| 2010-12-01|     3.39|     17850|United Kingdom|
[2024-11-02T09:38:33.810+0000] {spark_submit.py:634} INFO - +---------+---------+--------------------+--------+-----------+---------+----------+--------------+
[2024-11-02T09:38:33.811+0000] {spark_submit.py:634} INFO - only showing top 5 rows
[2024-11-02T09:38:33.811+0000] {spark_submit.py:634} INFO - 
[2024-11-02T09:38:36.420+0000] {spark_submit.py:634} INFO - +--------------------+--------------------+--------------------+-------------+-------------------+-----+-------------+---------------------+-------------------+--------------------------+------------------+----------------+-----------------+-----------------+----------------+----------------------+-----------+------------+
[2024-11-02T09:38:36.421+0000] {spark_submit.py:634} INFO - |           seller_id|          product_id|            order_id|order_item_id|shipping_limit_date|price|freight_value|product_category_name|product_name_lenght|product_description_lenght|product_photos_qty|product_weight_g|product_length_cm|product_height_cm|product_width_cm|seller_zip_code_prefix|seller_city|seller_state|
[2024-11-02T09:38:36.422+0000] {spark_submit.py:634} INFO - +--------------------+--------------------+--------------------+-------------+-------------------+-----+-------------+---------------------+-------------------+--------------------------+------------------+----------------+-----------------+-----------------+----------------+----------------------+-----------+------------+
[2024-11-02T09:38:36.422+0000] {spark_submit.py:634} INFO - |0015a82c2db000af6...|a2ff5a97bf95719e3...|7f39ba4c9052be115...|            1|2017-10-24 23:56:20|895.0|        21.02|      eletroportateis|                 40|                       849|                 2|         11800.0|             40.0|             43.0|            36.0|                  9080|santo andre|          SP|
[2024-11-02T09:38:36.423+0000] {spark_submit.py:634} INFO - |0015a82c2db000af6...|a2ff5a97bf95719e3...|9dc8d1a6f16f1b898...|            1|2017-10-18 14:49:22|895.0|        21.02|      eletroportateis|                 40|                       849|                 2|         11800.0|             40.0|             43.0|            36.0|                  9080|santo andre|          SP|
[2024-11-02T09:38:36.423+0000] {spark_submit.py:634} INFO - |0015a82c2db000af6...|a2ff5a97bf95719e3...|d455a8cb295653b55...|            1|2017-10-12 22:24:16|895.0|        21.02|      eletroportateis|                 40|                       849|                 2|         11800.0|             40.0|             43.0|            36.0|                  9080|santo andre|          SP|
[2024-11-02T09:38:36.424+0000] {spark_submit.py:634} INFO - |001cca7ae9ae17fb1...|08574b074924071f4...|006e43460a55bc60c...|            1|2017-05-17 01:30:22| 99.0|        43.06|   ferramentas_jardim|                 36|                       450|                 1|          9000.0|             42.0|             12.0|            39.0|                 29156|  cariacica|          ES|
[2024-11-02T09:38:36.425+0000] {spark_submit.py:634} INFO - |001cca7ae9ae17fb1...|08574b074924071f4...|038345c4a9d21c171...|            1|2017-11-20 20:07:41| 99.0|        33.08|   ferramentas_jardim|                 36|                       450|                 1|          9000.0|             42.0|             12.0|            39.0|                 29156|  cariacica|          ES|
[2024-11-02T09:38:36.425+0000] {spark_submit.py:634} INFO - |001cca7ae9ae17fb1...|08574b074924071f4...|06c07d5b2696b9631...|            1|2017-11-13 18:15:29| 99.0|        33.08|   ferramentas_jardim|                 36|                       450|                 1|          9000.0|             42.0|             12.0|            39.0|                 29156|  cariacica|          ES|
[2024-11-02T09:38:36.426+0000] {spark_submit.py:634} INFO - |001cca7ae9ae17fb1...|08574b074924071f4...|077934ed5527f66c1...|            1|2017-05-31 02:50:19| 89.0|        34.99|   ferramentas_jardim|                 36|                       450|                 1|          9000.0|             42.0|             12.0|            39.0|                 29156|  cariacica|          ES|
[2024-11-02T09:38:36.427+0000] {spark_submit.py:634} INFO - |001cca7ae9ae17fb1...|08574b074924071f4...|07dba073c2b18c2c7...|            1|2018-02-14 21:28:11|101.0|        46.01|   ferramentas_jardim|                 36|                       450|                 1|          9000.0|             42.0|             12.0|            39.0|                 29156|  cariacica|          ES|
[2024-11-02T09:38:36.427+0000] {spark_submit.py:634} INFO - |001cca7ae9ae17fb1...|08574b074924071f4...|0aed18a03ea2ccdb5...|            2|2017-09-18 04:55:21| 99.0|        52.71|   ferramentas_jardim|                 36|                       450|                 1|          9000.0|             42.0|             12.0|            39.0|                 29156|  cariacica|          ES|
[2024-11-02T09:38:36.428+0000] {spark_submit.py:634} INFO - |001cca7ae9ae17fb1...|08574b074924071f4...|0f0da37d4b99bfd60...|            1|2017-06-01 10:55:09| 89.0|        30.46|   ferramentas_jardim|                 36|                       450|                 1|          9000.0|             42.0|             12.0|            39.0|                 29156|  cariacica|          ES|
[2024-11-02T09:38:36.429+0000] {spark_submit.py:634} INFO - |001cca7ae9ae17fb1...|08574b074924071f4...|0f548bd29148ebc51...|            1|2017-09-08 08:25:50| 99.0|        33.08|   ferramentas_jardim|                 36|                       450|                 1|          9000.0|             42.0|             12.0|            39.0|                 29156|  cariacica|          ES|
[2024-11-02T09:38:36.430+0000] {spark_submit.py:634} INFO - |001cca7ae9ae17fb1...|08574b074924071f4...|0f548bd29148ebc51...|            2|2017-09-08 08:25:50| 99.0|        33.08|   ferramentas_jardim|                 36|                       450|                 1|          9000.0|             42.0|             12.0|            39.0|                 29156|  cariacica|          ES|
[2024-11-02T09:38:36.431+0000] {spark_submit.py:634} INFO - |001cca7ae9ae17fb1...|08574b074924071f4...|128db96d96f727da2...|            1|2017-07-14 16:55:16| 89.0|        41.01|   ferramentas_jardim|                 36|                       450|                 1|          9000.0|             42.0|             12.0|            39.0|                 29156|  cariacica|          ES|
[2024-11-02T09:38:36.432+0000] {spark_submit.py:634} INFO - |001cca7ae9ae17fb1...|08574b074924071f4...|15816297ce3f82c12...|            1|2017-08-03 14:55:20| 89.0|        37.92|   ferramentas_jardim|                 36|                       450|                 1|          9000.0|             42.0|             12.0|            39.0|                 29156|  cariacica|          ES|
[2024-11-02T09:38:36.432+0000] {spark_submit.py:634} INFO - |001cca7ae9ae17fb1...|08574b074924071f4...|15816297ce3f82c12...|            2|2017-08-03 14:55:20| 89.0|        37.92|   ferramentas_jardim|                 36|                       450|                 1|          9000.0|             42.0|             12.0|            39.0|                 29156|  cariacica|          ES|
[2024-11-02T09:38:36.433+0000] {spark_submit.py:634} INFO - |001cca7ae9ae17fb1...|08574b074924071f4...|1758ad531fb74f63e...|            1|2017-05-31 02:50:14| 89.0|        54.89|   ferramentas_jardim|                 36|                       450|                 1|          9000.0|             42.0|             12.0|            39.0|                 29156|  cariacica|          ES|
[2024-11-02T09:38:36.433+0000] {spark_submit.py:634} INFO - |001cca7ae9ae17fb1...|08574b074924071f4...|17d3fed0f8f1fadf8...|            1|2017-05-17 22:25:15| 99.0|        35.06|   ferramentas_jardim|                 36|                       450|                 1|          9000.0|             42.0|             12.0|            39.0|                 29156|  cariacica|          ES|
[2024-11-02T09:38:36.434+0000] {spark_submit.py:634} INFO - |001cca7ae9ae17fb1...|08574b074924071f4...|1d03e29afa208b835...|            1|2017-07-24 05:50:21| 89.0|        41.01|   ferramentas_jardim|                 36|                       450|                 1|          9000.0|             42.0|             12.0|            39.0|                 29156|  cariacica|          ES|
[2024-11-02T09:38:36.435+0000] {spark_submit.py:634} INFO - |001cca7ae9ae17fb1...|08574b074924071f4...|213ede0c70c581ede...|            1|2017-10-09 12:56:48| 99.0|        41.08|   ferramentas_jardim|                 36|                       450|                 1|          9000.0|             42.0|             12.0|            39.0|                 29156|  cariacica|          ES|
[2024-11-02T09:38:36.435+0000] {spark_submit.py:634} INFO - |001cca7ae9ae17fb1...|08574b074924071f4...|225d6c38f3b55e647...|            1|2018-03-19 10:47:53|101.0|        67.02|   ferramentas_jardim|                 36|                       450|                 1|          9000.0|             42.0|             12.0|            39.0|                 29156|  cariacica|          ES|
[2024-11-02T09:38:36.436+0000] {spark_submit.py:634} INFO - +--------------------+--------------------+--------------------+-------------+-------------------+-----+-------------+---------------------+-------------------+--------------------------+------------------+----------------+-----------------+-----------------+----------------+----------------------+-----------+------------+
[2024-11-02T09:38:36.436+0000] {spark_submit.py:634} INFO - only showing top 20 rows
[2024-11-02T09:38:36.437+0000] {spark_submit.py:634} INFO - 
[2024-11-02T09:38:37.938+0000] {spark_submit.py:634} INFO - +---------------------+--------------------+--------------------+-------------+--------------------+-------------------+-----+-------------+-------------------+--------------------------+------------------+----------------+-----------------+-----------------+----------------+-----------------------------+
[2024-11-02T09:38:37.938+0000] {spark_submit.py:634} INFO - |product_category_name|          product_id|            order_id|order_item_id|           seller_id|shipping_limit_date|price|freight_value|product_name_lenght|product_description_lenght|product_photos_qty|product_weight_g|product_length_cm|product_height_cm|product_width_cm|product_category_name_english|
[2024-11-02T09:38:37.939+0000] {spark_submit.py:634} INFO - +---------------------+--------------------+--------------------+-------------+--------------------+-------------------+-----+-------------+-------------------+--------------------------+------------------+----------------+-----------------+-----------------+----------------+-----------------------------+
[2024-11-02T09:38:37.940+0000] {spark_submit.py:634} INFO - | agro_industria_e_...|018ca97302e429305...|2f80a0b08926b808e...|            1|6481e96574816ead5...|2018-04-19 02:13:28| 88.0|        11.95|                 45|                       266|                 1|          2467.0|             28.0|             26.0|            24.0|         agro_industry_and...|
[2024-11-02T09:38:37.940+0000] {spark_submit.py:634} INFO - | agro_industria_e_...|026f43af35e795106...|ca00c2ba5781124bd...|            1|269cff2d3c8d205c1...|2018-08-14 18:25:13|179.9|        31.34|                 58|                      1075|                 1|         10317.0|             52.0|             33.0|            43.0|         agro_industry_and...|
[2024-11-02T09:38:37.941+0000] {spark_submit.py:634} INFO - | agro_industria_e_...|026f43af35e795106...|ca00c2ba5781124bd...|            2|269cff2d3c8d205c1...|2018-08-14 18:25:13|179.9|        31.34|                 58|                      1075|                 1|         10317.0|             52.0|             33.0|            43.0|         agro_industry_and...|
[2024-11-02T09:38:37.942+0000] {spark_submit.py:634} INFO - | agro_industria_e_...|07f01b6fcacc1b187...|21577126c19bf11a0...|            1|6481e96574816ead5...|2018-03-22 17:28:45| 57.0|        29.99|                 39|                       430|                 1|         16400.0|             63.0|             66.0|            56.0|         agro_industry_and...|
[2024-11-02T09:38:37.942+0000] {spark_submit.py:634} INFO - | agro_industria_e_...|0a0adf0de1769b297...|f4c75150bfe11df19...|            1|6481e96574816ead5...|2018-04-10 14:10:27| 58.5|        29.11|                 47|                       418|                 1|         13325.0|             41.0|             42.0|            47.0|         agro_industry_and...|
[2024-11-02T09:38:37.943+0000] {spark_submit.py:634} INFO - | agro_industria_e_...|0a27862bbf658a5b8...|5df489bf628aa8726...|            1|d17f467e4bf608a51...|2018-08-06 21:00:13|51.73|        66.89|                 53|                       642|                 1|          2000.0|             65.0|             22.0|            38.0|         agro_industry_and...|
[2024-11-02T09:38:37.943+0000] {spark_submit.py:634} INFO - | agro_industria_e_...|0b2a1288e8ba64c79...|4856100f6860747b1...|            1|d17f467e4bf608a51...|2018-07-25 02:50:21| 67.7|        34.23|                 38|                       397|                 1|          3450.0|             33.0|             36.0|            33.0|         agro_industry_and...|
[2024-11-02T09:38:37.944+0000] {spark_submit.py:634} INFO - | agro_industria_e_...|0b2a1288e8ba64c79...|b02f2888891cd431e...|            1|06579cb253ecd5a3a...|2018-05-07 02:10:24| 96.9|         7.54|                 38|                       397|                 1|          3450.0|             33.0|             36.0|            33.0|         agro_industry_and...|
[2024-11-02T09:38:37.944+0000] {spark_submit.py:634} INFO - | agro_industria_e_...|10e33205ed375c8e4...|d4c9b64645181fa71...|            1|6481e96574816ead5...|2018-03-20 21:55:22|330.0|        61.15|                 59|                       436|                 2|          6650.0|             46.0|             76.0|            46.0|         agro_industry_and...|
[2024-11-02T09:38:37.945+0000] {spark_submit.py:634} INFO - | agro_industria_e_...|11250b0d4b709fee9...|08791ec24b12af5af...|            1|e59aa562b9f8076dd...|2018-04-24 15:31:47|412.0|        33.87|                 28|                       388|                 2|          3000.0|             30.0|             30.0|            20.0|         agro_industry_and...|
[2024-11-02T09:38:37.945+0000] {spark_submit.py:634} INFO - | agro_industria_e_...|11250b0d4b709fee9...|0d799dd97f4ffcecb...|            1|e59aa562b9f8076dd...|2018-04-12 13:48:00|412.0|         20.4|                 28|                       388|                 2|          3000.0|             30.0|             30.0|            20.0|         agro_industry_and...|
[2024-11-02T09:38:37.946+0000] {spark_submit.py:634} INFO - | agro_industria_e_...|11250b0d4b709fee9...|114c4a21b3e731dc6...|            1|e59aa562b9f8076dd...|2018-01-22 12:52:13|412.0|        30.26|                 28|                       388|                 2|          3000.0|             30.0|             30.0|            20.0|         agro_industry_and...|
[2024-11-02T09:38:37.946+0000] {spark_submit.py:634} INFO - | agro_industria_e_...|11250b0d4b709fee9...|203a651bc28694f33...|            1|e59aa562b9f8076dd...|2018-01-04 21:11:24|412.0|        30.26|                 28|                       388|                 2|          3000.0|             30.0|             30.0|            20.0|         agro_industry_and...|
[2024-11-02T09:38:37.947+0000] {spark_submit.py:634} INFO - | agro_industria_e_...|11250b0d4b709fee9...|41410b416c3844a17...|            1|e59aa562b9f8076dd...|2018-05-17 03:10:47|412.0|        25.42|                 28|                       388|                 2|          3000.0|             30.0|             30.0|            20.0|         agro_industry_and...|
[2024-11-02T09:38:37.947+0000] {spark_submit.py:634} INFO - | agro_industria_e_...|11250b0d4b709fee9...|41a002779a1684abe...|            1|e59aa562b9f8076dd...|2018-03-06 15:15:36|412.0|        26.26|                 28|                       388|                 2|          3000.0|             30.0|             30.0|            20.0|         agro_industry_and...|
[2024-11-02T09:38:37.948+0000] {spark_submit.py:634} INFO - | agro_industria_e_...|11250b0d4b709fee9...|45cbedcdca177029a...|            1|e59aa562b9f8076dd...|2018-07-20 04:31:26|420.0|        24.24|                 28|                       388|                 2|          3000.0|             30.0|             30.0|            20.0|         agro_industry_and...|
[2024-11-02T09:38:37.948+0000] {spark_submit.py:634} INFO - | agro_industria_e_...|11250b0d4b709fee9...|465c2e1bee4561cb3...|            1|e59aa562b9f8076dd...|2018-02-27 12:28:15|412.0|        27.72|                 28|                       388|                 2|          3000.0|             30.0|             30.0|            20.0|         agro_industry_and...|
[2024-11-02T09:38:37.949+0000] {spark_submit.py:634} INFO - | agro_industria_e_...|11250b0d4b709fee9...|465c2e1bee4561cb3...|            2|e59aa562b9f8076dd...|2018-02-27 12:28:15|412.0|        27.72|                 28|                       388|                 2|          3000.0|             30.0|             30.0|            20.0|         agro_industry_and...|
[2024-11-02T09:38:37.949+0000] {spark_submit.py:634} INFO - | agro_industria_e_...|11250b0d4b709fee9...|4e9ff1cf3de62fe0f...|            1|e59aa562b9f8076dd...|2017-12-11 04:11:58|412.0|        23.72|                 28|                       388|                 2|          3000.0|             30.0|             30.0|            20.0|         agro_industry_and...|
[2024-11-02T09:38:37.950+0000] {spark_submit.py:634} INFO - | agro_industria_e_...|11250b0d4b709fee9...|63ac25fa7a6efd7b9...|            1|e59aa562b9f8076dd...|2018-02-07 02:35:37|412.0|         20.5|                 28|                       388|                 2|          3000.0|             30.0|             30.0|            20.0|         agro_industry_and...|
[2024-11-02T09:38:37.950+0000] {spark_submit.py:634} INFO - +---------------------+--------------------+--------------------+-------------+--------------------+-------------------+-----+-------------+-------------------+--------------------------+------------------+----------------+-----------------+-----------------+----------------+-----------------------------+
[2024-11-02T09:38:37.950+0000] {spark_submit.py:634} INFO - only showing top 20 rows
[2024-11-02T09:38:37.951+0000] {spark_submit.py:634} INFO - 
[2024-11-02T09:38:38.995+0000] {spark_submit.py:634} INFO - +--------------------+--------------------+------------+------------------------+-------------------+----------------------------+-----------------------------+-----------------------------+--------------------+------------------------+--------------------+--------------+
[2024-11-02T09:38:38.996+0000] {spark_submit.py:634} INFO - |         customer_id|            order_id|order_status|order_purchase_timestamp|  order_approved_at|order_delivered_carrier_date|order_delivered_customer_date|order_estimated_delivery_date|  customer_unique_id|customer_zip_code_prefix|       customer_city|customer_state|
[2024-11-02T09:38:38.996+0000] {spark_submit.py:634} INFO - +--------------------+--------------------+------------+------------------------+-------------------+----------------------------+-----------------------------+-----------------------------+--------------------+------------------------+--------------------+--------------+
[2024-11-02T09:38:38.997+0000] {spark_submit.py:634} INFO - |00012a2ce6f8dcda2...|5f79b5b0931d63f1a...|   delivered|     2017-11-14 16:08:26|2017-11-14 16:35:32|         2017-11-17 15:32:08|          2017-11-28 15:41:30|          2017-12-04 00:00:00|248ffe10d632bebe4...|                    6273|              osasco|            SP|
[2024-11-02T09:38:38.997+0000] {spark_submit.py:634} INFO - |000161a058600d590...|a44895d095d7e0702...|   delivered|     2017-07-16 09:40:32|2017-07-16 09:55:12|         2017-07-19 19:09:37|          2017-07-25 18:57:33|          2017-08-04 00:00:00|b0015e09bb4b6e47c...|                   35550|         itapecerica|            MG|
[2024-11-02T09:38:38.998+0000] {spark_submit.py:634} INFO - |0001fd6190edaaf88...|316a104623542e4d7...|   delivered|     2017-02-28 11:06:43|2017-02-28 11:15:20|         2017-03-01 15:24:20|          2017-03-06 08:57:49|          2017-03-22 00:00:00|94b11d37cd61cb299...|                   29830|        nova venecia|            ES|
[2024-11-02T09:38:38.998+0000] {spark_submit.py:634} INFO - |0002414f953443074...|5825ce2e88d534643...|   delivered|     2017-08-16 13:09:20|2017-08-17 03:10:27|         2017-08-19 11:34:29|          2017-09-13 20:06:02|          2017-09-14 00:00:00|4893ad4ea28b2c5b3...|                   39664|            mendonca|            MG|
[2024-11-02T09:38:38.999+0000] {spark_submit.py:634} INFO - |000379cdec6255224...|0ab7fb08086d4af91...|   delivered|     2018-04-02 13:42:17|2018-04-04 03:10:19|         2018-04-04 18:11:09|          2018-04-13 20:21:08|          2018-04-18 00:00:00|0b83f73b19c2019e1...|                    4841|           sao paulo|            SP|
[2024-11-02T09:38:39.000+0000] {spark_submit.py:634} INFO - |0004164d20a9e969a...|cd3558a10d854487b...|   delivered|     2017-04-12 08:35:12|2017-04-12 08:50:12|         2017-04-12 17:05:42|          2017-04-20 16:12:26|          2017-05-04 00:00:00|104bdb7e6a6cdceaa...|                   13272|            valinhos|            SP|
[2024-11-02T09:38:39.000+0000] {spark_submit.py:634} INFO - |000419c5494106c30...|07f6c3baf9ac86865...|   delivered|     2018-03-02 17:47:40|2018-03-03 14:10:38|         2018-03-07 21:07:51|          2018-04-17 17:17:34|          2018-03-22 00:00:00|14843983d4a159080...|                   24220|             niteroi|            RJ|
[2024-11-02T09:38:39.001+0000] {spark_submit.py:634} INFO - |00046a560d407e99b...|8c3d752c5c0222787...|   delivered|     2017-12-18 11:08:30|2017-12-18 12:45:31|         2017-12-18 20:55:54|          2017-12-26 20:58:33|          2018-01-12 00:00:00|0b5295fc9819d831f...|                   20540|      rio de janeiro|            RJ|
[2024-11-02T09:38:39.001+0000] {spark_submit.py:634} INFO - |00050bf6e01e69d5c...|fa906f338cee30a98...|   delivered|     2017-09-17 16:04:44|2017-09-17 16:15:13|         2017-09-18 21:02:46|          2017-10-02 21:14:31|          2017-10-13 00:00:00|e3cf594a99e810f58...|                   98700|                ijui|            RS|
[2024-11-02T09:38:39.002+0000] {spark_submit.py:634} INFO - |000598caf2ef41174...|9b961b894e797f636...|   delivered|     2018-08-11 12:14:35|2018-08-11 12:25:08|         2018-08-13 14:41:00|          2018-08-20 18:18:41|          2018-09-06 00:00:00|7e0516b486e92ed3f...|                   35540|            oliveira|            MG|
[2024-11-02T09:38:39.002+0000] {spark_submit.py:634} INFO - |0005aefbb696d34b3...|263ba12390d0fbce3...|   delivered|     2018-06-20 09:46:53|2018-06-20 10:21:32|         2018-06-21 15:17:00|          2018-06-22 17:58:39|          2018-07-03 00:00:00|616309b2eeb7bd9c0...|                    3052|           sao paulo|            SP|
[2024-11-02T09:38:39.003+0000] {spark_submit.py:634} INFO - |00062b33cb9f6fe97...|c208db5638f7f1cd0...|   delivered|     2017-03-15 23:44:09|2017-03-15 23:44:09|         2017-03-17 15:01:29|          2017-03-24 14:59:53|          2017-04-04 00:00:00|f90f55ee274a4ae21...|                    2306|           sao paulo|            SP|
[2024-11-02T09:38:39.003+0000] {spark_submit.py:634} INFO - |00066ccbe787a588c...|728416b0db65935db...|   delivered|     2018-02-06 16:10:09|2018-02-08 07:49:51|         2018-02-14 19:58:58|          2018-02-21 22:22:17|          2018-03-12 00:00:00|15090f48004f3b0fc...|                   93525|       novo hamburgo|            RS|
[2024-11-02T09:38:39.004+0000] {spark_submit.py:634} INFO - |00072d033fe2e5906...|2346e1104a4b18a23...|   delivered|     2017-09-01 09:24:39|2017-09-02 02:50:58|         2017-09-05 13:16:55|          2017-09-14 18:33:48|          2017-09-27 00:00:00|b7c13491fd2aecd93...|                   45026|vitoria da conquista|            BA|
[2024-11-02T09:38:39.004+0000] {spark_submit.py:634} INFO - |0009a69b72033b2d0...|048beca6ccda094fb...|   delivered|     2017-04-28 13:36:30|2017-04-28 13:45:15|         2017-04-28 15:08:40|          2017-05-08 10:04:13|          2017-05-22 00:00:00|fa30145b07cad8e97...|                   13106|            campinas|            SP|
[2024-11-02T09:38:39.005+0000] {spark_submit.py:634} INFO - |000bf8121c3412d30...|bc3e295306ee4d3eb...|   delivered|     2017-10-11 07:44:31|2017-10-11 07:56:17|         2017-10-13 15:16:26|          2017-10-16 19:35:33|          2017-10-24 00:00:00|1bc9b2dad6aefbfbc...|                   12335|             jacarei|            SP|
[2024-11-02T09:38:39.005+0000] {spark_submit.py:634} INFO - |000e943451fc2788c...|cfde948cbe426f37a...|   delivered|     2017-04-20 19:37:14|2017-04-22 10:15:17|         2017-04-25 08:23:14|          2017-05-09 11:50:02|          2017-05-17 00:00:00|d73c3cf4a0922ece1...|                   99460|            colorado|            RS|
[2024-11-02T09:38:39.006+0000] {spark_submit.py:634} INFO - |000f17e290c26b285...|cabfe1219e952ead9...|   delivered|     2017-11-10 16:37:05|2017-11-11 02:46:34|         2017-11-14 16:39:07|          2017-11-30 18:02:33|          2017-12-08 00:00:00|74541fbb7526dabec...|                   98400|frederico westphalen|            RS|
[2024-11-02T09:38:39.006+0000] {spark_submit.py:634} INFO - |000fd45d6fedae68f...|574fb93317faefb9a...|   delivered|     2018-04-15 15:55:01|2018-04-17 05:55:38|         2018-04-23 23:44:37|          2018-04-30 20:31:39|          2018-05-08 00:00:00|cee6fa72fb403ef95...|                   12970|            piracaia|            SP|
[2024-11-02T09:38:39.006+0000] {spark_submit.py:634} INFO - |0010068a73b7c56da...|fa9f5a4655d840e1d...|   delivered|     2017-04-11 18:19:55|2017-04-12 02:42:19|         2017-04-13 09:06:54|          2017-05-05 14:28:06|          2017-05-17 00:00:00|03dabd77cb0ed7a26...|                   63680|             parambu|            CE|
[2024-11-02T09:38:39.007+0000] {spark_submit.py:634} INFO - +--------------------+--------------------+------------+------------------------+-------------------+----------------------------+-----------------------------+-----------------------------+--------------------+------------------------+--------------------+--------------+
[2024-11-02T09:38:39.007+0000] {spark_submit.py:634} INFO - only showing top 20 rows
[2024-11-02T09:38:39.008+0000] {spark_submit.py:634} INFO - 
[2024-11-02T09:38:47.115+0000] {spark_submit.py:634} INFO - +--------------------+---------------------+------------------+
[2024-11-02T09:38:47.116+0000] {spark_submit.py:634} INFO - |           seller_id|product_category_name|Total_Sold_Product|
[2024-11-02T09:38:47.117+0000] {spark_submit.py:634} INFO - +--------------------+---------------------+------------------+
[2024-11-02T09:38:47.118+0000] {spark_submit.py:634} INFO - |1f50f920176fa81da...|   ferramentas_jardim|              1882|
[2024-11-02T09:38:47.118+0000] {spark_submit.py:634} INFO - |6560211a19b47992c...|   relogios_presentes|              1628|
[2024-11-02T09:38:47.119+0000] {spark_submit.py:634} INFO - |4a3ca9315b744ce9f...|      cama_mesa_banho|              1572|
[2024-11-02T09:38:47.120+0000] {spark_submit.py:634} INFO - |1025f0e2d44d7041d...|     moveis_decoracao|              1292|
[2024-11-02T09:38:47.120+0000] {spark_submit.py:634} INFO - |da8622b14eb17ae28...|      cama_mesa_banho|              1277|
[2024-11-02T09:38:47.121+0000] {spark_submit.py:634} INFO - |7c67e1448b00f6e96...|    moveis_escritorio|              1233|
[2024-11-02T09:38:47.121+0000] {spark_submit.py:634} INFO - |ea8482cd71df3c196...|            telefonia|              1178|
[2024-11-02T09:38:47.122+0000] {spark_submit.py:634} INFO - |cc419e0650a3c5ba7...|         beleza_saude|              1091|
[2024-11-02T09:38:47.122+0000] {spark_submit.py:634} INFO - |7a67c85e85bb2ce85...|           cool_stuff|              1069|
[2024-11-02T09:38:47.123+0000] {spark_submit.py:634} INFO - |4869f7a5dfa277a7d...|   relogios_presentes|              1002|
[2024-11-02T09:38:47.123+0000] {spark_submit.py:634} INFO - |8b321bb669392f516...|          eletronicos|               910|
[2024-11-02T09:38:47.124+0000] {spark_submit.py:634} INFO - |3d871de0142ce09b7...|            papelaria|               834|
[2024-11-02T09:38:47.124+0000] {spark_submit.py:634} INFO - |cc419e0650a3c5ba7...|           perfumaria|               657|
[2024-11-02T09:38:47.125+0000] {spark_submit.py:634} INFO - |d2374cbcbb3ca4ab1...|      cama_mesa_banho|               597|
[2024-11-02T09:38:47.125+0000] {spark_submit.py:634} INFO - |fa1c13f2614d7b5c4...|   relogios_presentes|               579|
[2024-11-02T09:38:47.126+0000] {spark_submit.py:634} INFO - |1835b56ce799e6a4d...|      cama_mesa_banho|               553|
[2024-11-02T09:38:47.126+0000] {spark_submit.py:634} INFO - |cca3071e3e9bb7d12...|     moveis_decoracao|               544|
[2024-11-02T09:38:47.127+0000] {spark_submit.py:634} INFO - |128639473a139ac0f...|          eletronicos|               540|
[2024-11-02T09:38:47.127+0000] {spark_submit.py:634} INFO - |955fee9216a65b617...|     moveis_decoracao|               535|
[2024-11-02T09:38:47.128+0000] {spark_submit.py:634} INFO - |1900267e848ceeba8...|      cama_mesa_banho|               519|
[2024-11-02T09:38:47.128+0000] {spark_submit.py:634} INFO - +--------------------+---------------------+------------------+
[2024-11-02T09:38:47.128+0000] {spark_submit.py:634} INFO - only showing top 20 rows
[2024-11-02T09:38:47.129+0000] {spark_submit.py:634} INFO - 
[2024-11-02T09:38:48.088+0000] {spark_submit.py:634} INFO - +--------------------+------------------+
[2024-11-02T09:38:48.089+0000] {spark_submit.py:634} INFO - |             Product|Total_Sold_Product|
[2024-11-02T09:38:48.090+0000] {spark_submit.py:634} INFO - +--------------------+------------------+
[2024-11-02T09:38:48.091+0000] {spark_submit.py:634} INFO - |      bed_bath_table|             11115|
[2024-11-02T09:38:48.092+0000] {spark_submit.py:634} INFO - |       health_beauty|              9670|
[2024-11-02T09:38:48.093+0000] {spark_submit.py:634} INFO - |      sports_leisure|              8641|
[2024-11-02T09:38:48.093+0000] {spark_submit.py:634} INFO - |     furniture_decor|              8334|
[2024-11-02T09:38:48.094+0000] {spark_submit.py:634} INFO - |computers_accesso...|              7827|
[2024-11-02T09:38:48.095+0000] {spark_submit.py:634} INFO - |          housewares|              6964|
[2024-11-02T09:38:48.096+0000] {spark_submit.py:634} INFO - |       watches_gifts|              5991|
[2024-11-02T09:38:48.097+0000] {spark_submit.py:634} INFO - |           telephony|              4545|
[2024-11-02T09:38:48.097+0000] {spark_submit.py:634} INFO - |        garden_tools|              4347|
[2024-11-02T09:38:48.098+0000] {spark_submit.py:634} INFO - |                auto|              4235|
[2024-11-02T09:38:48.098+0000] {spark_submit.py:634} INFO - |                toys|              4117|
[2024-11-02T09:38:48.099+0000] {spark_submit.py:634} INFO - |          cool_stuff|              3796|
[2024-11-02T09:38:48.099+0000] {spark_submit.py:634} INFO - |           perfumery|              3419|
[2024-11-02T09:38:48.100+0000] {spark_submit.py:634} INFO - |                baby|              3065|
[2024-11-02T09:38:48.101+0000] {spark_submit.py:634} INFO - |         electronics|              2767|
[2024-11-02T09:38:48.101+0000] {spark_submit.py:634} INFO - |          stationery|              2517|
[2024-11-02T09:38:48.102+0000] {spark_submit.py:634} INFO - |fashion_bags_acce...|              2031|
[2024-11-02T09:38:48.102+0000] {spark_submit.py:634} INFO - |            pet_shop|              1947|
[2024-11-02T09:38:48.103+0000] {spark_submit.py:634} INFO - |    office_furniture|              1691|
[2024-11-02T09:38:48.103+0000] {spark_submit.py:634} INFO - |      consoles_games|              1137|
[2024-11-02T09:38:48.104+0000] {spark_submit.py:634} INFO - +--------------------+------------------+
[2024-11-02T09:38:48.104+0000] {spark_submit.py:634} INFO - only showing top 20 rows
[2024-11-02T09:38:48.105+0000] {spark_submit.py:634} INFO - 
[2024-11-02T09:38:48.972+0000] {spark_submit.py:634} INFO - +--------------------+------------------+
[2024-11-02T09:38:48.973+0000] {spark_submit.py:634} INFO - |       customer_city|Total_Sold_Product|
[2024-11-02T09:38:48.973+0000] {spark_submit.py:634} INFO - +--------------------+------------------+
[2024-11-02T09:38:48.974+0000] {spark_submit.py:634} INFO - |           sao paulo|             15540|
[2024-11-02T09:38:48.975+0000] {spark_submit.py:634} INFO - |      rio de janeiro|              6882|
[2024-11-02T09:38:48.975+0000] {spark_submit.py:634} INFO - |      belo horizonte|              2773|
[2024-11-02T09:38:48.976+0000] {spark_submit.py:634} INFO - |            brasilia|              2131|
[2024-11-02T09:38:48.976+0000] {spark_submit.py:634} INFO - |            curitiba|              1521|
[2024-11-02T09:38:48.977+0000] {spark_submit.py:634} INFO - |            campinas|              1444|
[2024-11-02T09:38:48.977+0000] {spark_submit.py:634} INFO - |        porto alegre|              1379|
[2024-11-02T09:38:48.977+0000] {spark_submit.py:634} INFO - |            salvador|              1245|
[2024-11-02T09:38:48.978+0000] {spark_submit.py:634} INFO - |           guarulhos|              1189|
[2024-11-02T09:38:48.978+0000] {spark_submit.py:634} INFO - |sao bernardo do c...|               938|
[2024-11-02T09:38:48.978+0000] {spark_submit.py:634} INFO - |             niteroi|               849|
[2024-11-02T09:38:48.979+0000] {spark_submit.py:634} INFO - |         santo andre|               797|
[2024-11-02T09:38:48.979+0000] {spark_submit.py:634} INFO - |              osasco|               746|
[2024-11-02T09:38:48.980+0000] {spark_submit.py:634} INFO - |              santos|               713|
[2024-11-02T09:38:48.981+0000] {spark_submit.py:634} INFO - |             goiania|               692|
[2024-11-02T09:38:48.981+0000] {spark_submit.py:634} INFO - | sao jose dos campos|               691|
[2024-11-02T09:38:48.982+0000] {spark_submit.py:634} INFO - |           fortaleza|               654|
[2024-11-02T09:38:48.982+0000] {spark_submit.py:634} INFO - |            sorocaba|               633|
[2024-11-02T09:38:48.983+0000] {spark_submit.py:634} INFO - |              recife|               613|
[2024-11-02T09:38:48.983+0000] {spark_submit.py:634} INFO - |       florianopolis|               570|
[2024-11-02T09:38:48.984+0000] {spark_submit.py:634} INFO - +--------------------+------------------+
[2024-11-02T09:38:48.984+0000] {spark_submit.py:634} INFO - only showing top 20 rows
[2024-11-02T09:38:48.985+0000] {spark_submit.py:634} INFO - 
[2024-11-02T09:38:52.873+0000] {taskinstance.py:1149} INFO - Marking task as SUCCESS. dag_id=spark_transformationagg_reza, task_id=spark_trans_task, execution_date=20241102T093824, start_date=20241102T093824, end_date=20241102T093852
[2024-11-02T09:38:52.913+0000] {local_task_job_runner.py:234} INFO - Task exited with return code 0
[2024-11-02T09:38:52.926+0000] {taskinstance.py:3309} INFO - 0 downstream tasks scheduled from follow-on schedule check
