[2024-11-02T06:53:50.079+0000] {taskinstance.py:1979} INFO - Dependencies all met for dep_context=non-requeueable deps ti=<TaskInstance: spark_load_to_postgres_reza.spark_submit_task manual__2024-11-02T06:53:49.441374+00:00 [queued]>
[2024-11-02T06:53:50.090+0000] {taskinstance.py:1979} INFO - Dependencies all met for dep_context=requeueable deps ti=<TaskInstance: spark_load_to_postgres_reza.spark_submit_task manual__2024-11-02T06:53:49.441374+00:00 [queued]>
[2024-11-02T06:53:50.090+0000] {taskinstance.py:2193} INFO - Starting attempt 1 of 1
[2024-11-02T06:53:50.108+0000] {taskinstance.py:2214} INFO - Executing <Task(SparkSubmitOperator): spark_submit_task> on 2024-11-02 06:53:49.441374+00:00
[2024-11-02T06:53:50.114+0000] {standard_task_runner.py:60} INFO - Started process 4036 to run task
[2024-11-02T06:53:50.117+0000] {standard_task_runner.py:87} INFO - Running: ['airflow', 'tasks', 'run', 'spark_load_to_postgres_reza', 'spark_submit_task', 'manual__2024-11-02T06:53:49.441374+00:00', '--job-id', '10', '--raw', '--subdir', 'DAGS_FOLDER/spark-loadpostgres-reza.py', '--cfg-path', '/tmp/tmpvqiqmdoz']
[2024-11-02T06:53:50.119+0000] {standard_task_runner.py:88} INFO - Job 10: Subtask spark_submit_task
[2024-11-02T06:53:50.136+0000] {logging_mixin.py:188} WARNING - /home/airflow/.local/lib/python3.9/site-packages/airflow/settings.py:194 DeprecationWarning: The sql_alchemy_conn option in [core] has been moved to the sql_alchemy_conn option in [database] - the old setting has been used, but please update your config.
[2024-11-02T06:53:50.171+0000] {task_command.py:423} INFO - Running <TaskInstance: spark_load_to_postgres_reza.spark_submit_task manual__2024-11-02T06:53:49.441374+00:00 [running]> on host dataeng-airflow-scheduler
[2024-11-02T06:53:50.240+0000] {taskinstance.py:2510} INFO - Exporting env vars: AIRFLOW_CTX_DAG_OWNER='Reza' AIRFLOW_CTX_DAG_ID='spark_load_to_postgres_reza' AIRFLOW_CTX_TASK_ID='spark_submit_task' AIRFLOW_CTX_EXECUTION_DATE='2024-11-02T06:53:49.441374+00:00' AIRFLOW_CTX_TRY_NUMBER='1' AIRFLOW_CTX_DAG_RUN_ID='manual__2024-11-02T06:53:49.441374+00:00'
[2024-11-02T06:53:50.248+0000] {base.py:83} INFO - Using connection ID 'spark_main' for task execution.
[2024-11-02T06:53:50.249+0000] {spark_submit.py:473} INFO - Spark-Submit cmd: spark-submit --master spark://dataeng-spark-master:7077 --jars /spark-scripts/jars/jars_postgresql-42.2.20.jar --name arrow-spark /spark-scripts/spark-loadto-postgres-reza.py
[2024-11-02T06:53:51.815+0000] {spark_submit.py:634} INFO - 24/11/02 06:53:51 WARN NativeCodeLoader: Unable to load native-hadoop library for your platform... using builtin-java classes where applicable
[2024-11-02T06:53:52.581+0000] {spark_submit.py:634} INFO - 24/11/02 06:53:52 INFO SparkContext: Running Spark version 3.3.2
[2024-11-02T06:53:52.608+0000] {spark_submit.py:634} INFO - 24/11/02 06:53:52 INFO ResourceUtils: ==============================================================
[2024-11-02T06:53:52.609+0000] {spark_submit.py:634} INFO - 24/11/02 06:53:52 INFO ResourceUtils: No custom resources configured for spark.driver.
[2024-11-02T06:53:52.609+0000] {spark_submit.py:634} INFO - 24/11/02 06:53:52 INFO ResourceUtils: ==============================================================
[2024-11-02T06:53:52.610+0000] {spark_submit.py:634} INFO - 24/11/02 06:53:52 INFO SparkContext: Submitted application: Dibimbing
[2024-11-02T06:53:52.627+0000] {spark_submit.py:634} INFO - 24/11/02 06:53:52 INFO ResourceProfile: Default ResourceProfile created, executor resources: Map(cores -> name: cores, amount: 1, script: , vendor: , memory -> name: memory, amount: 1024, script: , vendor: , offHeap -> name: offHeap, amount: 0, script: , vendor: ), task resources: Map(cpus -> name: cpus, amount: 1.0)
[2024-11-02T06:53:52.635+0000] {spark_submit.py:634} INFO - 24/11/02 06:53:52 INFO ResourceProfile: Limiting resource is cpu
[2024-11-02T06:53:52.636+0000] {spark_submit.py:634} INFO - 24/11/02 06:53:52 INFO ResourceProfileManager: Added ResourceProfile id: 0
[2024-11-02T06:53:52.681+0000] {spark_submit.py:634} INFO - 24/11/02 06:53:52 INFO SecurityManager: Changing view acls to: airflow
[2024-11-02T06:53:52.682+0000] {spark_submit.py:634} INFO - 24/11/02 06:53:52 INFO SecurityManager: Changing modify acls to: airflow
[2024-11-02T06:53:52.682+0000] {spark_submit.py:634} INFO - 24/11/02 06:53:52 INFO SecurityManager: Changing view acls groups to:
[2024-11-02T06:53:52.683+0000] {spark_submit.py:634} INFO - 24/11/02 06:53:52 INFO SecurityManager: Changing modify acls groups to:
[2024-11-02T06:53:52.683+0000] {spark_submit.py:634} INFO - 24/11/02 06:53:52 INFO SecurityManager: SecurityManager: authentication disabled; ui acls disabled; users  with view permissions: Set(airflow); groups with view permissions: Set(); users  with modify permissions: Set(airflow); groups with modify permissions: Set()
[2024-11-02T06:53:52.890+0000] {spark_submit.py:634} INFO - 24/11/02 06:53:52 INFO Utils: Successfully started service 'sparkDriver' on port 36137.
[2024-11-02T06:53:52.915+0000] {spark_submit.py:634} INFO - 24/11/02 06:53:52 INFO SparkEnv: Registering MapOutputTracker
[2024-11-02T06:53:52.952+0000] {spark_submit.py:634} INFO - 24/11/02 06:53:52 INFO SparkEnv: Registering BlockManagerMaster
[2024-11-02T06:53:52.967+0000] {spark_submit.py:634} INFO - 24/11/02 06:53:52 INFO BlockManagerMasterEndpoint: Using org.apache.spark.storage.DefaultTopologyMapper for getting topology information
[2024-11-02T06:53:52.967+0000] {spark_submit.py:634} INFO - 24/11/02 06:53:52 INFO BlockManagerMasterEndpoint: BlockManagerMasterEndpoint up
[2024-11-02T06:53:52.972+0000] {spark_submit.py:634} INFO - 24/11/02 06:53:52 INFO SparkEnv: Registering BlockManagerMasterHeartbeat
[2024-11-02T06:53:52.994+0000] {spark_submit.py:634} INFO - 24/11/02 06:53:52 INFO DiskBlockManager: Created local directory at /tmp/blockmgr-54f5b986-f1e8-4cb3-93b1-8aaeca71f65c
[2024-11-02T06:53:53.012+0000] {spark_submit.py:634} INFO - 24/11/02 06:53:53 INFO MemoryStore: MemoryStore started with capacity 434.4 MiB
[2024-11-02T06:53:53.041+0000] {spark_submit.py:634} INFO - 24/11/02 06:53:53 INFO SparkEnv: Registering OutputCommitCoordinator
[2024-11-02T06:53:53.241+0000] {spark_submit.py:634} INFO - 24/11/02 06:53:53 INFO Utils: Successfully started service 'SparkUI' on port 4040.
[2024-11-02T06:53:53.284+0000] {spark_submit.py:634} INFO - 24/11/02 06:53:53 ERROR SparkContext: Failed to add /opt/bitnami/spark/jars/postgresql-42.2.18.jar to Spark environment
[2024-11-02T06:53:53.285+0000] {spark_submit.py:634} INFO - java.io.FileNotFoundException: Jar /opt/bitnami/spark/jars/postgresql-42.2.18.jar not found
[2024-11-02T06:53:53.286+0000] {spark_submit.py:634} INFO - at org.apache.spark.SparkContext.addLocalJarFile$1(SparkContext.scala:1959)
[2024-11-02T06:53:53.286+0000] {spark_submit.py:634} INFO - at org.apache.spark.SparkContext.addJar(SparkContext.scala:2014)
[2024-11-02T06:53:53.287+0000] {spark_submit.py:634} INFO - at org.apache.spark.SparkContext.$anonfun$new$12(SparkContext.scala:507)
[2024-11-02T06:53:53.288+0000] {spark_submit.py:634} INFO - at org.apache.spark.SparkContext.$anonfun$new$12$adapted(SparkContext.scala:507)
[2024-11-02T06:53:53.288+0000] {spark_submit.py:634} INFO - at scala.collection.mutable.ResizableArray.foreach(ResizableArray.scala:62)
[2024-11-02T06:53:53.288+0000] {spark_submit.py:634} INFO - at scala.collection.mutable.ResizableArray.foreach$(ResizableArray.scala:55)
[2024-11-02T06:53:53.289+0000] {spark_submit.py:634} INFO - at scala.collection.mutable.ArrayBuffer.foreach(ArrayBuffer.scala:49)
[2024-11-02T06:53:53.289+0000] {spark_submit.py:634} INFO - at org.apache.spark.SparkContext.<init>(SparkContext.scala:507)
[2024-11-02T06:53:53.289+0000] {spark_submit.py:634} INFO - at org.apache.spark.api.java.JavaSparkContext.<init>(JavaSparkContext.scala:58)
[2024-11-02T06:53:53.290+0000] {spark_submit.py:634} INFO - at java.base/jdk.internal.reflect.NativeConstructorAccessorImpl.newInstance0(Native Method)
[2024-11-02T06:53:53.290+0000] {spark_submit.py:634} INFO - at java.base/jdk.internal.reflect.NativeConstructorAccessorImpl.newInstance(NativeConstructorAccessorImpl.java:77)
[2024-11-02T06:53:53.291+0000] {spark_submit.py:634} INFO - at java.base/jdk.internal.reflect.DelegatingConstructorAccessorImpl.newInstance(DelegatingConstructorAccessorImpl.java:45)
[2024-11-02T06:53:53.291+0000] {spark_submit.py:634} INFO - at java.base/java.lang.reflect.Constructor.newInstanceWithCaller(Constructor.java:500)
[2024-11-02T06:53:53.292+0000] {spark_submit.py:634} INFO - at java.base/java.lang.reflect.Constructor.newInstance(Constructor.java:481)
[2024-11-02T06:53:53.293+0000] {spark_submit.py:634} INFO - at py4j.reflection.MethodInvoker.invoke(MethodInvoker.java:247)
[2024-11-02T06:53:53.293+0000] {spark_submit.py:634} INFO - at py4j.reflection.ReflectionEngine.invoke(ReflectionEngine.java:357)
[2024-11-02T06:53:53.294+0000] {spark_submit.py:634} INFO - at py4j.Gateway.invoke(Gateway.java:238)
[2024-11-02T06:53:53.294+0000] {spark_submit.py:634} INFO - at py4j.commands.ConstructorCommand.invokeConstructor(ConstructorCommand.java:80)
[2024-11-02T06:53:53.294+0000] {spark_submit.py:634} INFO - at py4j.commands.ConstructorCommand.execute(ConstructorCommand.java:69)
[2024-11-02T06:53:53.295+0000] {spark_submit.py:634} INFO - at py4j.ClientServerConnection.waitForCommands(ClientServerConnection.java:182)
[2024-11-02T06:53:53.296+0000] {spark_submit.py:634} INFO - at py4j.ClientServerConnection.run(ClientServerConnection.java:106)
[2024-11-02T06:53:53.296+0000] {spark_submit.py:634} INFO - at java.base/java.lang.Thread.run(Thread.java:840)
[2024-11-02T06:53:53.368+0000] {spark_submit.py:634} INFO - 24/11/02 06:53:53 INFO StandaloneAppClient$ClientEndpoint: Connecting to master spark://dibimbing-dataeng-spark-master:7077...
[2024-11-02T06:53:53.411+0000] {spark_submit.py:634} INFO - 24/11/02 06:53:53 INFO TransportClientFactory: Successfully created connection to dibimbing-dataeng-spark-master/172.18.0.2:7077 after 24 ms (0 ms spent in bootstraps)
[2024-11-02T06:53:53.486+0000] {spark_submit.py:634} INFO - 24/11/02 06:53:53 INFO StandaloneSchedulerBackend: Connected to Spark cluster with app ID app-20241102065353-0008
[2024-11-02T06:53:53.488+0000] {spark_submit.py:634} INFO - 24/11/02 06:53:53 INFO StandaloneAppClient$ClientEndpoint: Executor added: app-20241102065353-0008/0 on worker-20241102054001-172.18.0.3-35871 (172.18.0.3:35871) with 1 core(s)
[2024-11-02T06:53:53.491+0000] {spark_submit.py:634} INFO - 24/11/02 06:53:53 INFO StandaloneSchedulerBackend: Granted executor ID app-20241102065353-0008/0 on hostPort 172.18.0.3:35871 with 1 core(s), 1024.0 MiB RAM
[2024-11-02T06:53:53.494+0000] {spark_submit.py:634} INFO - 24/11/02 06:53:53 INFO Utils: Successfully started service 'org.apache.spark.network.netty.NettyBlockTransferService' on port 44435.
[2024-11-02T06:53:53.494+0000] {spark_submit.py:634} INFO - 24/11/02 06:53:53 INFO NettyBlockTransferService: Server created on dataeng-airflow-scheduler:44435
[2024-11-02T06:53:53.496+0000] {spark_submit.py:634} INFO - 24/11/02 06:53:53 INFO BlockManager: Using org.apache.spark.storage.RandomBlockReplicationPolicy for block replication policy
[2024-11-02T06:53:53.500+0000] {spark_submit.py:634} INFO - 24/11/02 06:53:53 INFO BlockManagerMaster: Registering BlockManager BlockManagerId(driver, dataeng-airflow-scheduler, 44435, None)
[2024-11-02T06:53:53.504+0000] {spark_submit.py:634} INFO - 24/11/02 06:53:53 INFO BlockManagerMasterEndpoint: Registering block manager dataeng-airflow-scheduler:44435 with 434.4 MiB RAM, BlockManagerId(driver, dataeng-airflow-scheduler, 44435, None)
[2024-11-02T06:53:53.505+0000] {spark_submit.py:634} INFO - 24/11/02 06:53:53 INFO BlockManagerMaster: Registered BlockManager BlockManagerId(driver, dataeng-airflow-scheduler, 44435, None)
[2024-11-02T06:53:53.507+0000] {spark_submit.py:634} INFO - 24/11/02 06:53:53 INFO BlockManager: Initialized BlockManager: BlockManagerId(driver, dataeng-airflow-scheduler, 44435, None)
[2024-11-02T06:53:53.549+0000] {spark_submit.py:634} INFO - 24/11/02 06:53:53 INFO StandaloneAppClient$ClientEndpoint: Executor updated: app-20241102065353-0008/0 is now RUNNING
[2024-11-02T06:53:53.664+0000] {spark_submit.py:634} INFO - 24/11/02 06:53:53 INFO StandaloneSchedulerBackend: SchedulerBackend is ready for scheduling beginning after reached minRegisteredResourcesRatio: 0.0
[2024-11-02T06:53:56.287+0000] {spark_submit.py:634} INFO - Traceback (most recent call last):
[2024-11-02T06:53:56.288+0000] {spark_submit.py:634} INFO - File "/spark-scripts/spark-loadto-postgres-reza.py", line 77, in <module>
[2024-11-02T06:53:56.290+0000] {spark_submit.py:634} INFO - df_order_items = spark.read.csv(
[2024-11-02T06:53:56.290+0000] {spark_submit.py:634} INFO - File "/home/airflow/.local/lib/python3.9/site-packages/pyspark/python/lib/pyspark.zip/pyspark/sql/readwriter.py", line 535, in csv
[2024-11-02T06:53:56.291+0000] {spark_submit.py:634} INFO - File "/home/airflow/.local/lib/python3.9/site-packages/pyspark/python/lib/py4j-0.10.9.5-src.zip/py4j/java_gateway.py", line 1321, in __call__
[2024-11-02T06:53:56.291+0000] {spark_submit.py:634} INFO - File "/home/airflow/.local/lib/python3.9/site-packages/pyspark/python/lib/pyspark.zip/pyspark/sql/utils.py", line 196, in deco
[2024-11-02T06:53:56.296+0000] {spark_submit.py:634} INFO - pyspark.sql.utils.AnalysisException: Path does not exist: file:/data/olist/olist_orders_items.csv
[2024-11-02T06:53:56.496+0000] {taskinstance.py:2728} ERROR - Task failed with exception
Traceback (most recent call last):
  File "/home/airflow/.local/lib/python3.9/site-packages/airflow/models/taskinstance.py", line 444, in _execute_task
    result = _execute_callable(context=context, **execute_callable_kwargs)
  File "/home/airflow/.local/lib/python3.9/site-packages/airflow/models/taskinstance.py", line 414, in _execute_callable
    return execute_callable(context=context, **execute_callable_kwargs)
  File "/home/airflow/.local/lib/python3.9/site-packages/airflow/providers/apache/spark/operators/spark_submit.py", line 176, in execute
    self._hook.submit(self.application)
  File "/home/airflow/.local/lib/python3.9/site-packages/airflow/providers/apache/spark/hooks/spark_submit.py", line 560, in submit
    raise AirflowException(
airflow.exceptions.AirflowException: Cannot execute: spark-submit --master spark://dataeng-spark-master:7077 --jars /spark-scripts/jars/jars_postgresql-42.2.20.jar --name arrow-spark /spark-scripts/spark-loadto-postgres-reza.py. Error code is: 1.
[2024-11-02T06:53:56.500+0000] {taskinstance.py:1149} INFO - Marking task as FAILED. dag_id=spark_load_to_postgres_reza, task_id=spark_submit_task, execution_date=20241102T065349, start_date=20241102T065350, end_date=20241102T065356
[2024-11-02T06:53:56.513+0000] {standard_task_runner.py:107} ERROR - Failed to execute job 10 for task spark_submit_task (Cannot execute: spark-submit --master spark://dataeng-spark-master:7077 --jars /spark-scripts/jars/jars_postgresql-42.2.20.jar --name arrow-spark /spark-scripts/spark-loadto-postgres-reza.py. Error code is: 1.; 4036)
[2024-11-02T06:53:56.523+0000] {local_task_job_runner.py:234} INFO - Task exited with return code 1
[2024-11-02T06:53:56.535+0000] {taskinstance.py:3309} INFO - 0 downstream tasks scheduled from follow-on schedule check
