[2024-11-02T06:56:01.849+0000] {taskinstance.py:1979} INFO - Dependencies all met for dep_context=non-requeueable deps ti=<TaskInstance: spark_load_to_postgres_reza.spark_submit_task manual__2024-11-02T06:56:01.246745+00:00 [queued]>
[2024-11-02T06:56:01.859+0000] {taskinstance.py:1979} INFO - Dependencies all met for dep_context=requeueable deps ti=<TaskInstance: spark_load_to_postgres_reza.spark_submit_task manual__2024-11-02T06:56:01.246745+00:00 [queued]>
[2024-11-02T06:56:01.859+0000] {taskinstance.py:2193} INFO - Starting attempt 1 of 1
[2024-11-02T06:56:01.875+0000] {taskinstance.py:2214} INFO - Executing <Task(SparkSubmitOperator): spark_submit_task> on 2024-11-02 06:56:01.246745+00:00
[2024-11-02T06:56:01.880+0000] {standard_task_runner.py:60} INFO - Started process 4326 to run task
[2024-11-02T06:56:01.884+0000] {standard_task_runner.py:87} INFO - Running: ['airflow', 'tasks', 'run', 'spark_load_to_postgres_reza', 'spark_submit_task', 'manual__2024-11-02T06:56:01.246745+00:00', '--job-id', '11', '--raw', '--subdir', 'DAGS_FOLDER/spark-loadpostgres-reza.py', '--cfg-path', '/tmp/tmp7jmflds6']
[2024-11-02T06:56:01.886+0000] {standard_task_runner.py:88} INFO - Job 11: Subtask spark_submit_task
[2024-11-02T06:56:01.903+0000] {logging_mixin.py:188} WARNING - /home/airflow/.local/lib/python3.9/site-packages/airflow/settings.py:194 DeprecationWarning: The sql_alchemy_conn option in [core] has been moved to the sql_alchemy_conn option in [database] - the old setting has been used, but please update your config.
[2024-11-02T06:56:01.941+0000] {task_command.py:423} INFO - Running <TaskInstance: spark_load_to_postgres_reza.spark_submit_task manual__2024-11-02T06:56:01.246745+00:00 [running]> on host dataeng-airflow-scheduler
[2024-11-02T06:56:02.024+0000] {taskinstance.py:2510} INFO - Exporting env vars: AIRFLOW_CTX_DAG_OWNER='Reza' AIRFLOW_CTX_DAG_ID='spark_load_to_postgres_reza' AIRFLOW_CTX_TASK_ID='spark_submit_task' AIRFLOW_CTX_EXECUTION_DATE='2024-11-02T06:56:01.246745+00:00' AIRFLOW_CTX_TRY_NUMBER='1' AIRFLOW_CTX_DAG_RUN_ID='manual__2024-11-02T06:56:01.246745+00:00'
[2024-11-02T06:56:02.031+0000] {base.py:83} INFO - Using connection ID 'spark_main' for task execution.
[2024-11-02T06:56:02.032+0000] {spark_submit.py:473} INFO - Spark-Submit cmd: spark-submit --master spark://dataeng-spark-master:7077 --jars /spark-scripts/jars/jars_postgresql-42.2.20.jar --name arrow-spark /spark-scripts/spark-loadto-postgres-reza.py
[2024-11-02T06:56:03.343+0000] {spark_submit.py:634} INFO - 24/11/02 06:56:03 WARN NativeCodeLoader: Unable to load native-hadoop library for your platform... using builtin-java classes where applicable
[2024-11-02T06:56:04.058+0000] {spark_submit.py:634} INFO - 24/11/02 06:56:04 INFO SparkContext: Running Spark version 3.3.2
[2024-11-02T06:56:04.077+0000] {spark_submit.py:634} INFO - 24/11/02 06:56:04 INFO ResourceUtils: ==============================================================
[2024-11-02T06:56:04.078+0000] {spark_submit.py:634} INFO - 24/11/02 06:56:04 INFO ResourceUtils: No custom resources configured for spark.driver.
[2024-11-02T06:56:04.078+0000] {spark_submit.py:634} INFO - 24/11/02 06:56:04 INFO ResourceUtils: ==============================================================
[2024-11-02T06:56:04.079+0000] {spark_submit.py:634} INFO - 24/11/02 06:56:04 INFO SparkContext: Submitted application: Dibimbing
[2024-11-02T06:56:04.094+0000] {spark_submit.py:634} INFO - 24/11/02 06:56:04 INFO ResourceProfile: Default ResourceProfile created, executor resources: Map(cores -> name: cores, amount: 1, script: , vendor: , memory -> name: memory, amount: 1024, script: , vendor: , offHeap -> name: offHeap, amount: 0, script: , vendor: ), task resources: Map(cpus -> name: cpus, amount: 1.0)
[2024-11-02T06:56:04.101+0000] {spark_submit.py:634} INFO - 24/11/02 06:56:04 INFO ResourceProfile: Limiting resource is cpu
[2024-11-02T06:56:04.102+0000] {spark_submit.py:634} INFO - 24/11/02 06:56:04 INFO ResourceProfileManager: Added ResourceProfile id: 0
[2024-11-02T06:56:04.132+0000] {spark_submit.py:634} INFO - 24/11/02 06:56:04 INFO SecurityManager: Changing view acls to: airflow
[2024-11-02T06:56:04.132+0000] {spark_submit.py:634} INFO - 24/11/02 06:56:04 INFO SecurityManager: Changing modify acls to: airflow
[2024-11-02T06:56:04.133+0000] {spark_submit.py:634} INFO - 24/11/02 06:56:04 INFO SecurityManager: Changing view acls groups to:
[2024-11-02T06:56:04.133+0000] {spark_submit.py:634} INFO - 24/11/02 06:56:04 INFO SecurityManager: Changing modify acls groups to:
[2024-11-02T06:56:04.134+0000] {spark_submit.py:634} INFO - 24/11/02 06:56:04 INFO SecurityManager: SecurityManager: authentication disabled; ui acls disabled; users  with view permissions: Set(airflow); groups with view permissions: Set(); users  with modify permissions: Set(airflow); groups with modify permissions: Set()
[2024-11-02T06:56:04.274+0000] {spark_submit.py:634} INFO - 24/11/02 06:56:04 INFO Utils: Successfully started service 'sparkDriver' on port 40047.
[2024-11-02T06:56:04.292+0000] {spark_submit.py:634} INFO - 24/11/02 06:56:04 INFO SparkEnv: Registering MapOutputTracker
[2024-11-02T06:56:04.318+0000] {spark_submit.py:634} INFO - 24/11/02 06:56:04 INFO SparkEnv: Registering BlockManagerMaster
[2024-11-02T06:56:04.333+0000] {spark_submit.py:634} INFO - 24/11/02 06:56:04 INFO BlockManagerMasterEndpoint: Using org.apache.spark.storage.DefaultTopologyMapper for getting topology information
[2024-11-02T06:56:04.334+0000] {spark_submit.py:634} INFO - 24/11/02 06:56:04 INFO BlockManagerMasterEndpoint: BlockManagerMasterEndpoint up
[2024-11-02T06:56:04.339+0000] {spark_submit.py:634} INFO - 24/11/02 06:56:04 INFO SparkEnv: Registering BlockManagerMasterHeartbeat
[2024-11-02T06:56:04.358+0000] {spark_submit.py:634} INFO - 24/11/02 06:56:04 INFO DiskBlockManager: Created local directory at /tmp/blockmgr-ead3f2dc-1c5e-4b53-8798-4b21b724c392
[2024-11-02T06:56:04.382+0000] {spark_submit.py:634} INFO - 24/11/02 06:56:04 INFO MemoryStore: MemoryStore started with capacity 434.4 MiB
[2024-11-02T06:56:04.395+0000] {spark_submit.py:634} INFO - 24/11/02 06:56:04 INFO SparkEnv: Registering OutputCommitCoordinator
[2024-11-02T06:56:04.547+0000] {spark_submit.py:634} INFO - 24/11/02 06:56:04 INFO Utils: Successfully started service 'SparkUI' on port 4040.
[2024-11-02T06:56:04.575+0000] {spark_submit.py:634} INFO - 24/11/02 06:56:04 ERROR SparkContext: Failed to add /opt/bitnami/spark/jars/postgresql-42.2.18.jar to Spark environment
[2024-11-02T06:56:04.576+0000] {spark_submit.py:634} INFO - java.io.FileNotFoundException: Jar /opt/bitnami/spark/jars/postgresql-42.2.18.jar not found
[2024-11-02T06:56:04.576+0000] {spark_submit.py:634} INFO - at org.apache.spark.SparkContext.addLocalJarFile$1(SparkContext.scala:1959)
[2024-11-02T06:56:04.577+0000] {spark_submit.py:634} INFO - at org.apache.spark.SparkContext.addJar(SparkContext.scala:2014)
[2024-11-02T06:56:04.577+0000] {spark_submit.py:634} INFO - at org.apache.spark.SparkContext.$anonfun$new$12(SparkContext.scala:507)
[2024-11-02T06:56:04.578+0000] {spark_submit.py:634} INFO - at org.apache.spark.SparkContext.$anonfun$new$12$adapted(SparkContext.scala:507)
[2024-11-02T06:56:04.578+0000] {spark_submit.py:634} INFO - at scala.collection.mutable.ResizableArray.foreach(ResizableArray.scala:62)
[2024-11-02T06:56:04.578+0000] {spark_submit.py:634} INFO - at scala.collection.mutable.ResizableArray.foreach$(ResizableArray.scala:55)
[2024-11-02T06:56:04.579+0000] {spark_submit.py:634} INFO - at scala.collection.mutable.ArrayBuffer.foreach(ArrayBuffer.scala:49)
[2024-11-02T06:56:04.579+0000] {spark_submit.py:634} INFO - at org.apache.spark.SparkContext.<init>(SparkContext.scala:507)
[2024-11-02T06:56:04.579+0000] {spark_submit.py:634} INFO - at org.apache.spark.api.java.JavaSparkContext.<init>(JavaSparkContext.scala:58)
[2024-11-02T06:56:04.580+0000] {spark_submit.py:634} INFO - at java.base/jdk.internal.reflect.NativeConstructorAccessorImpl.newInstance0(Native Method)
[2024-11-02T06:56:04.580+0000] {spark_submit.py:634} INFO - at java.base/jdk.internal.reflect.NativeConstructorAccessorImpl.newInstance(NativeConstructorAccessorImpl.java:77)
[2024-11-02T06:56:04.580+0000] {spark_submit.py:634} INFO - at java.base/jdk.internal.reflect.DelegatingConstructorAccessorImpl.newInstance(DelegatingConstructorAccessorImpl.java:45)
[2024-11-02T06:56:04.581+0000] {spark_submit.py:634} INFO - at java.base/java.lang.reflect.Constructor.newInstanceWithCaller(Constructor.java:500)
[2024-11-02T06:56:04.581+0000] {spark_submit.py:634} INFO - at java.base/java.lang.reflect.Constructor.newInstance(Constructor.java:481)
[2024-11-02T06:56:04.581+0000] {spark_submit.py:634} INFO - at py4j.reflection.MethodInvoker.invoke(MethodInvoker.java:247)
[2024-11-02T06:56:04.582+0000] {spark_submit.py:634} INFO - at py4j.reflection.ReflectionEngine.invoke(ReflectionEngine.java:357)
[2024-11-02T06:56:04.582+0000] {spark_submit.py:634} INFO - at py4j.Gateway.invoke(Gateway.java:238)
[2024-11-02T06:56:04.582+0000] {spark_submit.py:634} INFO - at py4j.commands.ConstructorCommand.invokeConstructor(ConstructorCommand.java:80)
[2024-11-02T06:56:04.583+0000] {spark_submit.py:634} INFO - at py4j.commands.ConstructorCommand.execute(ConstructorCommand.java:69)
[2024-11-02T06:56:04.583+0000] {spark_submit.py:634} INFO - at py4j.ClientServerConnection.waitForCommands(ClientServerConnection.java:182)
[2024-11-02T06:56:04.583+0000] {spark_submit.py:634} INFO - at py4j.ClientServerConnection.run(ClientServerConnection.java:106)
[2024-11-02T06:56:04.584+0000] {spark_submit.py:634} INFO - at java.base/java.lang.Thread.run(Thread.java:840)
[2024-11-02T06:56:04.627+0000] {spark_submit.py:634} INFO - 24/11/02 06:56:04 INFO StandaloneAppClient$ClientEndpoint: Connecting to master spark://dibimbing-dataeng-spark-master:7077...
[2024-11-02T06:56:04.664+0000] {spark_submit.py:634} INFO - 24/11/02 06:56:04 INFO TransportClientFactory: Successfully created connection to dibimbing-dataeng-spark-master/172.18.0.2:7077 after 20 ms (0 ms spent in bootstraps)
[2024-11-02T06:56:04.727+0000] {spark_submit.py:634} INFO - 24/11/02 06:56:04 INFO StandaloneSchedulerBackend: Connected to Spark cluster with app ID app-20241102065604-0009
[2024-11-02T06:56:04.728+0000] {spark_submit.py:634} INFO - 24/11/02 06:56:04 INFO StandaloneAppClient$ClientEndpoint: Executor added: app-20241102065604-0009/0 on worker-20241102054001-172.18.0.3-35871 (172.18.0.3:35871) with 1 core(s)
[2024-11-02T06:56:04.730+0000] {spark_submit.py:634} INFO - 24/11/02 06:56:04 INFO StandaloneSchedulerBackend: Granted executor ID app-20241102065604-0009/0 on hostPort 172.18.0.3:35871 with 1 core(s), 1024.0 MiB RAM
[2024-11-02T06:56:04.732+0000] {spark_submit.py:634} INFO - 24/11/02 06:56:04 INFO Utils: Successfully started service 'org.apache.spark.network.netty.NettyBlockTransferService' on port 44809.
[2024-11-02T06:56:04.732+0000] {spark_submit.py:634} INFO - 24/11/02 06:56:04 INFO NettyBlockTransferService: Server created on dataeng-airflow-scheduler:44809
[2024-11-02T06:56:04.733+0000] {spark_submit.py:634} INFO - 24/11/02 06:56:04 INFO BlockManager: Using org.apache.spark.storage.RandomBlockReplicationPolicy for block replication policy
[2024-11-02T06:56:04.737+0000] {spark_submit.py:634} INFO - 24/11/02 06:56:04 INFO BlockManagerMaster: Registering BlockManager BlockManagerId(driver, dataeng-airflow-scheduler, 44809, None)
[2024-11-02T06:56:04.739+0000] {spark_submit.py:634} INFO - 24/11/02 06:56:04 INFO BlockManagerMasterEndpoint: Registering block manager dataeng-airflow-scheduler:44809 with 434.4 MiB RAM, BlockManagerId(driver, dataeng-airflow-scheduler, 44809, None)
[2024-11-02T06:56:04.741+0000] {spark_submit.py:634} INFO - 24/11/02 06:56:04 INFO BlockManagerMaster: Registered BlockManager BlockManagerId(driver, dataeng-airflow-scheduler, 44809, None)
[2024-11-02T06:56:04.742+0000] {spark_submit.py:634} INFO - 24/11/02 06:56:04 INFO BlockManager: Initialized BlockManager: BlockManagerId(driver, dataeng-airflow-scheduler, 44809, None)
[2024-11-02T06:56:04.781+0000] {spark_submit.py:634} INFO - 24/11/02 06:56:04 INFO StandaloneAppClient$ClientEndpoint: Executor updated: app-20241102065604-0009/0 is now RUNNING
[2024-11-02T06:56:04.881+0000] {spark_submit.py:634} INFO - 24/11/02 06:56:04 INFO StandaloneSchedulerBackend: SchedulerBackend is ready for scheduling beginning after reached minRegisteredResourcesRatio: 0.0
[2024-11-02T06:56:17.230+0000] {spark_submit.py:634} INFO - +---------------------+-----------------------------+
[2024-11-02T06:56:17.231+0000] {spark_submit.py:634} INFO - |product_category_name|product_category_name_english|
[2024-11-02T06:56:17.231+0000] {spark_submit.py:634} INFO - +---------------------+-----------------------------+
[2024-11-02T06:56:17.232+0000] {spark_submit.py:634} INFO - |         beleza_saude|                health_beauty|
[2024-11-02T06:56:17.232+0000] {spark_submit.py:634} INFO - | informatica_acess...|         computers_accesso...|
[2024-11-02T06:56:17.233+0000] {spark_submit.py:634} INFO - |           automotivo|                         auto|
[2024-11-02T06:56:17.233+0000] {spark_submit.py:634} INFO - |      cama_mesa_banho|               bed_bath_table|
[2024-11-02T06:56:17.234+0000] {spark_submit.py:634} INFO - |     moveis_decoracao|              furniture_decor|
[2024-11-02T06:56:17.234+0000] {spark_submit.py:634} INFO - +---------------------+-----------------------------+
[2024-11-02T06:56:17.234+0000] {spark_submit.py:634} INFO - only showing top 5 rows
[2024-11-02T06:56:17.235+0000] {spark_submit.py:634} INFO - 
[2024-11-02T06:56:17.430+0000] {spark_submit.py:634} INFO - +--------------------+----------------------+-----------------+------------+
[2024-11-02T06:56:17.431+0000] {spark_submit.py:634} INFO - |           seller_id|seller_zip_code_prefix|      seller_city|seller_state|
[2024-11-02T06:56:17.431+0000] {spark_submit.py:634} INFO - +--------------------+----------------------+-----------------+------------+
[2024-11-02T06:56:17.432+0000] {spark_submit.py:634} INFO - |3442f8959a84dea7e...|                 13023|         campinas|          SP|
[2024-11-02T06:56:17.432+0000] {spark_submit.py:634} INFO - |d1b65fc7debc3361e...|                 13844|       mogi guacu|          SP|
[2024-11-02T06:56:17.432+0000] {spark_submit.py:634} INFO - |ce3ad9de960102d06...|                 20031|   rio de janeiro|          RJ|
[2024-11-02T06:56:17.433+0000] {spark_submit.py:634} INFO - |c0f3eea2e14555b6f...|                  4195|        sao paulo|          SP|
[2024-11-02T06:56:17.433+0000] {spark_submit.py:634} INFO - |51a04a8a6bdcb23de...|                 12914|braganca paulista|          SP|
[2024-11-02T06:56:17.433+0000] {spark_submit.py:634} INFO - +--------------------+----------------------+-----------------+------------+
[2024-11-02T06:56:17.434+0000] {spark_submit.py:634} INFO - only showing top 5 rows
[2024-11-02T06:56:17.435+0000] {spark_submit.py:634} INFO - 
[2024-11-02T06:56:17.653+0000] {spark_submit.py:634} INFO - +--------------------+---------------------+-------------------+--------------------------+------------------+----------------+-----------------+-----------------+----------------+
[2024-11-02T06:56:17.654+0000] {spark_submit.py:634} INFO - |          product_id|product_category_name|product_name_lenght|product_description_lenght|product_photos_qty|product_weight_g|product_length_cm|product_height_cm|product_width_cm|
[2024-11-02T06:56:17.655+0000] {spark_submit.py:634} INFO - +--------------------+---------------------+-------------------+--------------------------+------------------+----------------+-----------------+-----------------+----------------+
[2024-11-02T06:56:17.655+0000] {spark_submit.py:634} INFO - |1e9e8ef04dbcff454...|           perfumaria|                 40|                       287|                 1|           225.0|             16.0|             10.0|            14.0|
[2024-11-02T06:56:17.656+0000] {spark_submit.py:634} INFO - |3aa071139cb16b67c...|                artes|                 44|                       276|                 1|          1000.0|             30.0|             18.0|            20.0|
[2024-11-02T06:56:17.656+0000] {spark_submit.py:634} INFO - |96bd76ec8810374ed...|        esporte_lazer|                 46|                       250|                 1|           154.0|             18.0|              9.0|            15.0|
[2024-11-02T06:56:17.656+0000] {spark_submit.py:634} INFO - |cef67bcfe19066a93...|                bebes|                 27|                       261|                 1|           371.0|             26.0|              4.0|            26.0|
[2024-11-02T06:56:17.657+0000] {spark_submit.py:634} INFO - |9dc1a7de274444849...| utilidades_domest...|                 37|                       402|                 4|           625.0|             20.0|             17.0|            13.0|
[2024-11-02T06:56:17.657+0000] {spark_submit.py:634} INFO - +--------------------+---------------------+-------------------+--------------------------+------------------+----------------+-----------------+-----------------+----------------+
[2024-11-02T06:56:17.657+0000] {spark_submit.py:634} INFO - only showing top 5 rows
[2024-11-02T06:56:17.658+0000] {spark_submit.py:634} INFO - 
[2024-11-02T06:56:17.875+0000] {spark_submit.py:634} INFO - +--------------------+--------------------+------------------------+--------------------+--------------+
[2024-11-02T06:56:17.877+0000] {spark_submit.py:634} INFO - |         customer_id|  customer_unique_id|customer_zip_code_prefix|       customer_city|customer_state|
[2024-11-02T06:56:17.878+0000] {spark_submit.py:634} INFO - +--------------------+--------------------+------------------------+--------------------+--------------+
[2024-11-02T06:56:17.879+0000] {spark_submit.py:634} INFO - |06b8999e2fba1a1fb...|861eff4711a542e4b...|                   14409|              franca|            SP|
[2024-11-02T06:56:17.879+0000] {spark_submit.py:634} INFO - |18955e83d337fd6b2...|290c77bc529b7ac93...|                    9790|sao bernardo do c...|            SP|
[2024-11-02T06:56:17.880+0000] {spark_submit.py:634} INFO - |4e7b3e00288586ebd...|060e732b5b29e8181...|                    1151|           sao paulo|            SP|
[2024-11-02T06:56:17.882+0000] {spark_submit.py:634} INFO - |b2b6027bc5c5109e5...|259dac757896d24d7...|                    8775|     mogi das cruzes|            SP|
[2024-11-02T06:56:17.882+0000] {spark_submit.py:634} INFO - |4f2d8ab171c80ec83...|345ecd01c38d18a90...|                   13056|            campinas|            SP|
[2024-11-02T06:56:17.883+0000] {spark_submit.py:634} INFO - +--------------------+--------------------+------------------------+--------------------+--------------+
[2024-11-02T06:56:17.884+0000] {spark_submit.py:634} INFO - only showing top 5 rows
[2024-11-02T06:56:17.885+0000] {spark_submit.py:634} INFO - 
[2024-11-02T06:56:18.459+0000] {spark_submit.py:634} INFO - +--------------------+-------------+--------------------+--------------------+-------------------+-----+-------------+
[2024-11-02T06:56:18.461+0000] {spark_submit.py:634} INFO - |            order_id|order_item_id|          product_id|           seller_id|shipping_limit_date|price|freight_value|
[2024-11-02T06:56:18.462+0000] {spark_submit.py:634} INFO - +--------------------+-------------+--------------------+--------------------+-------------------+-----+-------------+
[2024-11-02T06:56:18.463+0000] {spark_submit.py:634} INFO - |00010242fe8c5a6d1...|            1|4244733e06e7ecb49...|48436dade18ac8b2b...|2017-09-19 09:45:35| 58.9|        13.29|
[2024-11-02T06:56:18.464+0000] {spark_submit.py:634} INFO - |00018f77f2f0320c5...|            1|e5f2d52b802189ee6...|dd7ddc04e1b6c2c61...|2017-05-03 11:05:13|239.9|        19.93|
[2024-11-02T06:56:18.465+0000] {spark_submit.py:634} INFO - |000229ec398224ef6...|            1|c777355d18b72b67a...|5b51032eddd242adc...|2018-01-18 14:48:30|199.0|        17.87|
[2024-11-02T06:56:18.465+0000] {spark_submit.py:634} INFO - |00024acbcdf0a6daa...|            1|7634da152a4610f15...|9d7a1d34a50524090...|2018-08-15 10:10:18|12.99|        12.79|
[2024-11-02T06:56:18.465+0000] {spark_submit.py:634} INFO - |00042b26cf59d7ce6...|            1|ac6c3623068f30de0...|df560393f3a51e745...|2017-02-13 13:57:51|199.9|        18.14|
[2024-11-02T06:56:18.466+0000] {spark_submit.py:634} INFO - +--------------------+-------------+--------------------+--------------------+-------------------+-----+-------------+
[2024-11-02T06:56:18.466+0000] {spark_submit.py:634} INFO - only showing top 5 rows
[2024-11-02T06:56:18.467+0000] {spark_submit.py:634} INFO - 
[2024-11-02T06:56:18.748+0000] {taskinstance.py:1149} INFO - Marking task as SUCCESS. dag_id=spark_load_to_postgres_reza, task_id=spark_submit_task, execution_date=20241102T065601, start_date=20241102T065601, end_date=20241102T065618
[2024-11-02T06:56:18.785+0000] {local_task_job_runner.py:234} INFO - Task exited with return code 0
[2024-11-02T06:56:18.801+0000] {taskinstance.py:3309} INFO - 0 downstream tasks scheduled from follow-on schedule check
