[2024-11-02T05:43:12.559+0000] {taskinstance.py:1979} INFO - Dependencies all met for dep_context=non-requeueable deps ti=<TaskInstance: spark_airflow_dag.spark_submit_task manual__2024-11-02T05:43:11.911098+00:00 [queued]>
[2024-11-02T05:43:12.569+0000] {taskinstance.py:1979} INFO - Dependencies all met for dep_context=requeueable deps ti=<TaskInstance: spark_airflow_dag.spark_submit_task manual__2024-11-02T05:43:11.911098+00:00 [queued]>
[2024-11-02T05:43:12.570+0000] {taskinstance.py:2193} INFO - Starting attempt 1 of 1
[2024-11-02T05:43:12.590+0000] {taskinstance.py:2214} INFO - Executing <Task(SparkSubmitOperator): spark_submit_task> on 2024-11-02 05:43:11.911098+00:00
[2024-11-02T05:43:12.595+0000] {standard_task_runner.py:60} INFO - Started process 233 to run task
[2024-11-02T05:43:12.599+0000] {standard_task_runner.py:87} INFO - Running: ['airflow', 'tasks', 'run', 'spark_airflow_dag', 'spark_submit_task', 'manual__2024-11-02T05:43:11.911098+00:00', '--job-id', '2', '--raw', '--subdir', 'DAGS_FOLDER/spark-dag-example.py', '--cfg-path', '/tmp/tmp231h7zh0']
[2024-11-02T05:43:12.601+0000] {standard_task_runner.py:88} INFO - Job 2: Subtask spark_submit_task
[2024-11-02T05:43:12.622+0000] {logging_mixin.py:188} WARNING - /home/airflow/.local/lib/python3.9/site-packages/airflow/settings.py:194 DeprecationWarning: The sql_alchemy_conn option in [core] has been moved to the sql_alchemy_conn option in [database] - the old setting has been used, but please update your config.
[2024-11-02T05:43:12.663+0000] {task_command.py:423} INFO - Running <TaskInstance: spark_airflow_dag.spark_submit_task manual__2024-11-02T05:43:11.911098+00:00 [running]> on host dataeng-airflow-scheduler
[2024-11-02T05:43:12.744+0000] {taskinstance.py:2510} INFO - Exporting env vars: AIRFLOW_CTX_DAG_OWNER='dibimbing' AIRFLOW_CTX_DAG_ID='spark_airflow_dag' AIRFLOW_CTX_TASK_ID='spark_submit_task' AIRFLOW_CTX_EXECUTION_DATE='2024-11-02T05:43:11.911098+00:00' AIRFLOW_CTX_TRY_NUMBER='1' AIRFLOW_CTX_DAG_RUN_ID='manual__2024-11-02T05:43:11.911098+00:00'
[2024-11-02T05:43:12.751+0000] {base.py:83} INFO - Using connection ID 'spark_main' for task execution.
[2024-11-02T05:43:12.753+0000] {spark_submit.py:473} INFO - Spark-Submit cmd: spark-submit --master spark://dataeng-spark-master:7077 --name arrow-spark /spark-scripts/spark-example.py
[2024-11-02T05:43:15.919+0000] {spark_submit.py:634} INFO - 24/11/02 05:43:15 INFO SparkContext: Running Spark version 3.3.2
[2024-11-02T05:43:15.994+0000] {spark_submit.py:634} INFO - 24/11/02 05:43:15 WARN NativeCodeLoader: Unable to load native-hadoop library for your platform... using builtin-java classes where applicable
[2024-11-02T05:43:16.106+0000] {spark_submit.py:634} INFO - 24/11/02 05:43:16 INFO ResourceUtils: ==============================================================
[2024-11-02T05:43:16.107+0000] {spark_submit.py:634} INFO - 24/11/02 05:43:16 INFO ResourceUtils: No custom resources configured for spark.driver.
[2024-11-02T05:43:16.108+0000] {spark_submit.py:634} INFO - 24/11/02 05:43:16 INFO ResourceUtils: ==============================================================
[2024-11-02T05:43:16.108+0000] {spark_submit.py:634} INFO - 24/11/02 05:43:16 INFO SparkContext: Submitted application: Dibimbing
[2024-11-02T05:43:16.130+0000] {spark_submit.py:634} INFO - 24/11/02 05:43:16 INFO ResourceProfile: Default ResourceProfile created, executor resources: Map(cores -> name: cores, amount: 1, script: , vendor: , memory -> name: memory, amount: 1024, script: , vendor: , offHeap -> name: offHeap, amount: 0, script: , vendor: ), task resources: Map(cpus -> name: cpus, amount: 1.0)
[2024-11-02T05:43:16.139+0000] {spark_submit.py:634} INFO - 24/11/02 05:43:16 INFO ResourceProfile: Limiting resource is cpu
[2024-11-02T05:43:16.140+0000] {spark_submit.py:634} INFO - 24/11/02 05:43:16 INFO ResourceProfileManager: Added ResourceProfile id: 0
[2024-11-02T05:43:16.201+0000] {spark_submit.py:634} INFO - 24/11/02 05:43:16 INFO SecurityManager: Changing view acls to: airflow
[2024-11-02T05:43:16.202+0000] {spark_submit.py:634} INFO - 24/11/02 05:43:16 INFO SecurityManager: Changing modify acls to: airflow
[2024-11-02T05:43:16.202+0000] {spark_submit.py:634} INFO - 24/11/02 05:43:16 INFO SecurityManager: Changing view acls groups to:
[2024-11-02T05:43:16.202+0000] {spark_submit.py:634} INFO - 24/11/02 05:43:16 INFO SecurityManager: Changing modify acls groups to:
[2024-11-02T05:43:16.203+0000] {spark_submit.py:634} INFO - 24/11/02 05:43:16 INFO SecurityManager: SecurityManager: authentication disabled; ui acls disabled; users  with view permissions: Set(airflow); groups with view permissions: Set(); users  with modify permissions: Set(airflow); groups with modify permissions: Set()
[2024-11-02T05:43:16.530+0000] {spark_submit.py:634} INFO - 24/11/02 05:43:16 INFO Utils: Successfully started service 'sparkDriver' on port 46141.
[2024-11-02T05:43:16.592+0000] {spark_submit.py:634} INFO - 24/11/02 05:43:16 INFO SparkEnv: Registering MapOutputTracker
[2024-11-02T05:43:16.643+0000] {spark_submit.py:634} INFO - 24/11/02 05:43:16 INFO SparkEnv: Registering BlockManagerMaster
[2024-11-02T05:43:16.667+0000] {spark_submit.py:634} INFO - 24/11/02 05:43:16 INFO BlockManagerMasterEndpoint: Using org.apache.spark.storage.DefaultTopologyMapper for getting topology information
[2024-11-02T05:43:16.668+0000] {spark_submit.py:634} INFO - 24/11/02 05:43:16 INFO BlockManagerMasterEndpoint: BlockManagerMasterEndpoint up
[2024-11-02T05:43:16.675+0000] {spark_submit.py:634} INFO - 24/11/02 05:43:16 INFO SparkEnv: Registering BlockManagerMasterHeartbeat
[2024-11-02T05:43:16.717+0000] {spark_submit.py:634} INFO - 24/11/02 05:43:16 INFO DiskBlockManager: Created local directory at /tmp/blockmgr-95db3a96-c745-4b71-ae02-96a530a509d7
[2024-11-02T05:43:16.735+0000] {spark_submit.py:634} INFO - 24/11/02 05:43:16 INFO MemoryStore: MemoryStore started with capacity 434.4 MiB
[2024-11-02T05:43:16.759+0000] {spark_submit.py:634} INFO - 24/11/02 05:43:16 INFO SparkEnv: Registering OutputCommitCoordinator
[2024-11-02T05:43:16.989+0000] {spark_submit.py:634} INFO - 24/11/02 05:43:16 INFO Utils: Successfully started service 'SparkUI' on port 4040.
[2024-11-02T05:43:17.103+0000] {spark_submit.py:634} INFO - 24/11/02 05:43:17 INFO StandaloneAppClient$ClientEndpoint: Connecting to master spark://dataeng-spark-master:7077...
[2024-11-02T05:43:17.142+0000] {spark_submit.py:634} INFO - 24/11/02 05:43:17 INFO TransportClientFactory: Successfully created connection to dataeng-spark-master/172.18.0.2:7077 after 22 ms (0 ms spent in bootstraps)
[2024-11-02T05:43:17.268+0000] {spark_submit.py:634} INFO - 24/11/02 05:43:17 INFO StandaloneSchedulerBackend: Connected to Spark cluster with app ID app-20241102054317-0000
[2024-11-02T05:43:17.277+0000] {spark_submit.py:634} INFO - 24/11/02 05:43:17 INFO Utils: Successfully started service 'org.apache.spark.network.netty.NettyBlockTransferService' on port 33969.
[2024-11-02T05:43:17.278+0000] {spark_submit.py:634} INFO - 24/11/02 05:43:17 INFO NettyBlockTransferService: Server created on dataeng-airflow-scheduler:33969
[2024-11-02T05:43:17.281+0000] {spark_submit.py:634} INFO - 24/11/02 05:43:17 INFO BlockManager: Using org.apache.spark.storage.RandomBlockReplicationPolicy for block replication policy
[2024-11-02T05:43:17.290+0000] {spark_submit.py:634} INFO - 24/11/02 05:43:17 INFO BlockManagerMaster: Registering BlockManager BlockManagerId(driver, dataeng-airflow-scheduler, 33969, None)
[2024-11-02T05:43:17.296+0000] {spark_submit.py:634} INFO - 24/11/02 05:43:17 INFO BlockManagerMasterEndpoint: Registering block manager dataeng-airflow-scheduler:33969 with 434.4 MiB RAM, BlockManagerId(driver, dataeng-airflow-scheduler, 33969, None)
[2024-11-02T05:43:17.300+0000] {spark_submit.py:634} INFO - 24/11/02 05:43:17 INFO BlockManagerMaster: Registered BlockManager BlockManagerId(driver, dataeng-airflow-scheduler, 33969, None)
[2024-11-02T05:43:17.301+0000] {spark_submit.py:634} INFO - 24/11/02 05:43:17 INFO StandaloneAppClient$ClientEndpoint: Executor added: app-20241102054317-0000/0 on worker-20241102054001-172.18.0.3-35871 (172.18.0.3:35871) with 1 core(s)
[2024-11-02T05:43:17.302+0000] {spark_submit.py:634} INFO - 24/11/02 05:43:17 INFO BlockManager: Initialized BlockManager: BlockManagerId(driver, dataeng-airflow-scheduler, 33969, None)
[2024-11-02T05:43:17.303+0000] {spark_submit.py:634} INFO - 24/11/02 05:43:17 INFO StandaloneSchedulerBackend: Granted executor ID app-20241102054317-0000/0 on hostPort 172.18.0.3:35871 with 1 core(s), 1024.0 MiB RAM
[2024-11-02T05:43:17.520+0000] {spark_submit.py:634} INFO - 24/11/02 05:43:17 INFO StandaloneAppClient$ClientEndpoint: Executor updated: app-20241102054317-0000/0 is now RUNNING
[2024-11-02T05:43:17.568+0000] {spark_submit.py:634} INFO - 24/11/02 05:43:17 INFO StandaloneSchedulerBackend: SchedulerBackend is ready for scheduling beginning after reached minRegisteredResourcesRatio: 0.0
[2024-11-02T05:43:34.794+0000] {spark_submit.py:634} INFO - +----------+-----------+--------+--------+-----+-----------+--------------------+---------+-----+
[2024-11-02T05:43:34.796+0000] {spark_submit.py:634} INFO - |product_id|customer_id|order_id|quantity|price|       name|               email|     name|price|
[2024-11-02T05:43:34.797+0000] {spark_submit.py:634} INFO - +----------+-----------+--------+--------+-----+-----------+--------------------+---------+-----+
[2024-11-02T05:43:34.799+0000] {spark_submit.py:634} INFO - |         1|          1|     101|       2|19.99|   John Doe| johndoe@example.com|Product A|19.99|
[2024-11-02T05:43:34.799+0000] {spark_submit.py:634} INFO - |         2|          2|     102|       1| 9.99| Jane Smith|janesmith@example...|Product B| 9.99|
[2024-11-02T05:43:34.800+0000] {spark_submit.py:634} INFO - |         3|          3|     103|       1|15.99|Bob Johnson|bobjohnson@exampl...|Product C|15.99|
[2024-11-02T05:43:34.801+0000] {spark_submit.py:634} INFO - |         4|          1|     104|       1| 5.99|   John Doe| johndoe@example.com|Product D| 5.99|
[2024-11-02T05:43:34.802+0000] {spark_submit.py:634} INFO - |         5|          2|     105|       3|12.99| Jane Smith|janesmith@example...|Product E|12.99|
[2024-11-02T05:43:34.803+0000] {spark_submit.py:634} INFO - |         6|          3|     106|       2| 9.99|Bob Johnson|bobjohnson@exampl...|Product F| 9.99|
[2024-11-02T05:43:34.804+0000] {spark_submit.py:634} INFO - |         7|          4|     107|       1|11.99|    Sue Lee|  suelee@example.com|Product G|11.99|
[2024-11-02T05:43:34.804+0000] {spark_submit.py:634} INFO - |         8|          1|     108|       2|14.99|   John Doe| johndoe@example.com|Product H|14.99|
[2024-11-02T05:43:34.805+0000] {spark_submit.py:634} INFO - |         9|          2|     109|       1| 9.99| Jane Smith|janesmith@example...|Product I| 9.99|
[2024-11-02T05:43:34.806+0000] {spark_submit.py:634} INFO - |        10|          3|     110|       1|19.99|Bob Johnson|bobjohnson@exampl...|Product J|19.99|
[2024-11-02T05:43:34.807+0000] {spark_submit.py:634} INFO - +----------+-----------+--------+--------+-----+-----------+--------------------+---------+-----+
[2024-11-02T05:43:34.808+0000] {spark_submit.py:634} INFO - 
[2024-11-02T05:43:35.197+0000] {taskinstance.py:1149} INFO - Marking task as SUCCESS. dag_id=spark_airflow_dag, task_id=spark_submit_task, execution_date=20241102T054311, start_date=20241102T054312, end_date=20241102T054335
[2024-11-02T05:43:35.234+0000] {local_task_job_runner.py:234} INFO - Task exited with return code 0
[2024-11-02T05:43:35.249+0000] {taskinstance.py:3309} INFO - 0 downstream tasks scheduled from follow-on schedule check
