[2024-11-02T08:24:02.852+0000] {taskinstance.py:1979} INFO - Dependencies all met for dep_context=non-requeueable deps ti=<TaskInstance: spark_transformationagg_reza.spark_trans_task manual__2024-11-02T08:24:02.305645+00:00 [queued]>
[2024-11-02T08:24:02.870+0000] {taskinstance.py:1979} INFO - Dependencies all met for dep_context=requeueable deps ti=<TaskInstance: spark_transformationagg_reza.spark_trans_task manual__2024-11-02T08:24:02.305645+00:00 [queued]>
[2024-11-02T08:24:02.871+0000] {taskinstance.py:2193} INFO - Starting attempt 1 of 1
[2024-11-02T08:24:02.893+0000] {taskinstance.py:2214} INFO - Executing <Task(SparkSubmitOperator): spark_trans_task> on 2024-11-02 08:24:02.305645+00:00
[2024-11-02T08:24:02.900+0000] {standard_task_runner.py:60} INFO - Started process 11149 to run task
[2024-11-02T08:24:02.904+0000] {standard_task_runner.py:87} INFO - Running: ['airflow', 'tasks', 'run', 'spark_transformationagg_reza', 'spark_trans_task', 'manual__2024-11-02T08:24:02.305645+00:00', '--job-id', '21', '--raw', '--subdir', 'DAGS_FOLDER/spark-transformationagg-reza.py', '--cfg-path', '/tmp/tmprg94ao0m']
[2024-11-02T08:24:02.907+0000] {standard_task_runner.py:88} INFO - Job 21: Subtask spark_trans_task
[2024-11-02T08:24:02.929+0000] {logging_mixin.py:188} WARNING - /home/airflow/.local/lib/python3.9/site-packages/airflow/settings.py:194 DeprecationWarning: The sql_alchemy_conn option in [core] has been moved to the sql_alchemy_conn option in [database] - the old setting has been used, but please update your config.
[2024-11-02T08:24:02.968+0000] {task_command.py:423} INFO - Running <TaskInstance: spark_transformationagg_reza.spark_trans_task manual__2024-11-02T08:24:02.305645+00:00 [running]> on host dataeng-airflow-scheduler
[2024-11-02T08:24:03.069+0000] {taskinstance.py:2510} INFO - Exporting env vars: AIRFLOW_CTX_DAG_OWNER='Reza' AIRFLOW_CTX_DAG_ID='spark_transformationagg_reza' AIRFLOW_CTX_TASK_ID='spark_trans_task' AIRFLOW_CTX_EXECUTION_DATE='2024-11-02T08:24:02.305645+00:00' AIRFLOW_CTX_TRY_NUMBER='1' AIRFLOW_CTX_DAG_RUN_ID='manual__2024-11-02T08:24:02.305645+00:00'
[2024-11-02T08:24:03.078+0000] {base.py:83} INFO - Using connection ID 'spark_main' for task execution.
[2024-11-02T08:24:03.080+0000] {spark_submit.py:473} INFO - Spark-Submit cmd: spark-submit --master spark://dataeng-spark-master:7077 --jars /spark-scripts/jars/jars_postgresql-42.2.20.jar --name arrow-spark /spark-scripts/spark-transformationagg-reza.py
[2024-11-02T08:24:04.550+0000] {spark_submit.py:634} INFO - 24/11/02 08:24:04 WARN NativeCodeLoader: Unable to load native-hadoop library for your platform... using builtin-java classes where applicable
[2024-11-02T08:24:05.304+0000] {spark_submit.py:634} INFO - 24/11/02 08:24:05 INFO SparkContext: Running Spark version 3.3.2
[2024-11-02T08:24:05.327+0000] {spark_submit.py:634} INFO - 24/11/02 08:24:05 INFO ResourceUtils: ==============================================================
[2024-11-02T08:24:05.327+0000] {spark_submit.py:634} INFO - 24/11/02 08:24:05 INFO ResourceUtils: No custom resources configured for spark.driver.
[2024-11-02T08:24:05.328+0000] {spark_submit.py:634} INFO - 24/11/02 08:24:05 INFO ResourceUtils: ==============================================================
[2024-11-02T08:24:05.328+0000] {spark_submit.py:634} INFO - 24/11/02 08:24:05 INFO SparkContext: Submitted application: Dibimbing
[2024-11-02T08:24:05.343+0000] {spark_submit.py:634} INFO - 24/11/02 08:24:05 INFO ResourceProfile: Default ResourceProfile created, executor resources: Map(cores -> name: cores, amount: 1, script: , vendor: , memory -> name: memory, amount: 1024, script: , vendor: , offHeap -> name: offHeap, amount: 0, script: , vendor: ), task resources: Map(cpus -> name: cpus, amount: 1.0)
[2024-11-02T08:24:05.350+0000] {spark_submit.py:634} INFO - 24/11/02 08:24:05 INFO ResourceProfile: Limiting resource is cpu
[2024-11-02T08:24:05.351+0000] {spark_submit.py:634} INFO - 24/11/02 08:24:05 INFO ResourceProfileManager: Added ResourceProfile id: 0
[2024-11-02T08:24:05.383+0000] {spark_submit.py:634} INFO - 24/11/02 08:24:05 INFO SecurityManager: Changing view acls to: airflow
[2024-11-02T08:24:05.383+0000] {spark_submit.py:634} INFO - 24/11/02 08:24:05 INFO SecurityManager: Changing modify acls to: airflow
[2024-11-02T08:24:05.384+0000] {spark_submit.py:634} INFO - 24/11/02 08:24:05 INFO SecurityManager: Changing view acls groups to:
[2024-11-02T08:24:05.384+0000] {spark_submit.py:634} INFO - 24/11/02 08:24:05 INFO SecurityManager: Changing modify acls groups to:
[2024-11-02T08:24:05.385+0000] {spark_submit.py:634} INFO - 24/11/02 08:24:05 INFO SecurityManager: SecurityManager: authentication disabled; ui acls disabled; users  with view permissions: Set(airflow); groups with view permissions: Set(); users  with modify permissions: Set(airflow); groups with modify permissions: Set()
[2024-11-02T08:24:05.550+0000] {spark_submit.py:634} INFO - 24/11/02 08:24:05 INFO Utils: Successfully started service 'sparkDriver' on port 44639.
[2024-11-02T08:24:05.572+0000] {spark_submit.py:634} INFO - 24/11/02 08:24:05 INFO SparkEnv: Registering MapOutputTracker
[2024-11-02T08:24:05.599+0000] {spark_submit.py:634} INFO - 24/11/02 08:24:05 INFO SparkEnv: Registering BlockManagerMaster
[2024-11-02T08:24:05.612+0000] {spark_submit.py:634} INFO - 24/11/02 08:24:05 INFO BlockManagerMasterEndpoint: Using org.apache.spark.storage.DefaultTopologyMapper for getting topology information
[2024-11-02T08:24:05.613+0000] {spark_submit.py:634} INFO - 24/11/02 08:24:05 INFO BlockManagerMasterEndpoint: BlockManagerMasterEndpoint up
[2024-11-02T08:24:05.617+0000] {spark_submit.py:634} INFO - 24/11/02 08:24:05 INFO SparkEnv: Registering BlockManagerMasterHeartbeat
[2024-11-02T08:24:05.635+0000] {spark_submit.py:634} INFO - 24/11/02 08:24:05 INFO DiskBlockManager: Created local directory at /tmp/blockmgr-4de8725d-40d9-4cc7-8376-f6e373655c4d
[2024-11-02T08:24:05.660+0000] {spark_submit.py:634} INFO - 24/11/02 08:24:05 INFO MemoryStore: MemoryStore started with capacity 434.4 MiB
[2024-11-02T08:24:05.673+0000] {spark_submit.py:634} INFO - 24/11/02 08:24:05 INFO SparkEnv: Registering OutputCommitCoordinator
[2024-11-02T08:24:05.823+0000] {spark_submit.py:634} INFO - 24/11/02 08:24:05 INFO Utils: Successfully started service 'SparkUI' on port 4040.
[2024-11-02T08:24:05.869+0000] {spark_submit.py:634} INFO - 24/11/02 08:24:05 ERROR SparkContext: Failed to add /opt/bitnami/spark/jars/postgresql-42.2.18.jar to Spark environment
[2024-11-02T08:24:05.870+0000] {spark_submit.py:634} INFO - java.io.FileNotFoundException: Jar /opt/bitnami/spark/jars/postgresql-42.2.18.jar not found
[2024-11-02T08:24:05.870+0000] {spark_submit.py:634} INFO - at org.apache.spark.SparkContext.addLocalJarFile$1(SparkContext.scala:1959)
[2024-11-02T08:24:05.871+0000] {spark_submit.py:634} INFO - at org.apache.spark.SparkContext.addJar(SparkContext.scala:2014)
[2024-11-02T08:24:05.871+0000] {spark_submit.py:634} INFO - at org.apache.spark.SparkContext.$anonfun$new$12(SparkContext.scala:507)
[2024-11-02T08:24:05.872+0000] {spark_submit.py:634} INFO - at org.apache.spark.SparkContext.$anonfun$new$12$adapted(SparkContext.scala:507)
[2024-11-02T08:24:05.873+0000] {spark_submit.py:634} INFO - at scala.collection.mutable.ResizableArray.foreach(ResizableArray.scala:62)
[2024-11-02T08:24:05.874+0000] {spark_submit.py:634} INFO - at scala.collection.mutable.ResizableArray.foreach$(ResizableArray.scala:55)
[2024-11-02T08:24:05.874+0000] {spark_submit.py:634} INFO - at scala.collection.mutable.ArrayBuffer.foreach(ArrayBuffer.scala:49)
[2024-11-02T08:24:05.877+0000] {spark_submit.py:634} INFO - at org.apache.spark.SparkContext.<init>(SparkContext.scala:507)
[2024-11-02T08:24:05.879+0000] {spark_submit.py:634} INFO - at org.apache.spark.api.java.JavaSparkContext.<init>(JavaSparkContext.scala:58)
[2024-11-02T08:24:05.880+0000] {spark_submit.py:634} INFO - at java.base/jdk.internal.reflect.NativeConstructorAccessorImpl.newInstance0(Native Method)
[2024-11-02T08:24:05.881+0000] {spark_submit.py:634} INFO - at java.base/jdk.internal.reflect.NativeConstructorAccessorImpl.newInstance(NativeConstructorAccessorImpl.java:77)
[2024-11-02T08:24:05.881+0000] {spark_submit.py:634} INFO - at java.base/jdk.internal.reflect.DelegatingConstructorAccessorImpl.newInstance(DelegatingConstructorAccessorImpl.java:45)
[2024-11-02T08:24:05.882+0000] {spark_submit.py:634} INFO - at java.base/java.lang.reflect.Constructor.newInstanceWithCaller(Constructor.java:500)
[2024-11-02T08:24:05.882+0000] {spark_submit.py:634} INFO - at java.base/java.lang.reflect.Constructor.newInstance(Constructor.java:481)
[2024-11-02T08:24:05.883+0000] {spark_submit.py:634} INFO - at py4j.reflection.MethodInvoker.invoke(MethodInvoker.java:247)
[2024-11-02T08:24:05.883+0000] {spark_submit.py:634} INFO - at py4j.reflection.ReflectionEngine.invoke(ReflectionEngine.java:357)
[2024-11-02T08:24:05.884+0000] {spark_submit.py:634} INFO - at py4j.Gateway.invoke(Gateway.java:238)
[2024-11-02T08:24:05.884+0000] {spark_submit.py:634} INFO - at py4j.commands.ConstructorCommand.invokeConstructor(ConstructorCommand.java:80)
[2024-11-02T08:24:05.885+0000] {spark_submit.py:634} INFO - at py4j.commands.ConstructorCommand.execute(ConstructorCommand.java:69)
[2024-11-02T08:24:05.885+0000] {spark_submit.py:634} INFO - at py4j.ClientServerConnection.waitForCommands(ClientServerConnection.java:182)
[2024-11-02T08:24:05.886+0000] {spark_submit.py:634} INFO - at py4j.ClientServerConnection.run(ClientServerConnection.java:106)
[2024-11-02T08:24:05.886+0000] {spark_submit.py:634} INFO - at java.base/java.lang.Thread.run(Thread.java:840)
[2024-11-02T08:24:05.955+0000] {spark_submit.py:634} INFO - 24/11/02 08:24:05 INFO StandaloneAppClient$ClientEndpoint: Connecting to master spark://dibimbing-dataeng-spark-master:7077...
[2024-11-02T08:24:05.993+0000] {spark_submit.py:634} INFO - 24/11/02 08:24:05 INFO TransportClientFactory: Successfully created connection to dibimbing-dataeng-spark-master/172.18.0.2:7077 after 19 ms (0 ms spent in bootstraps)
[2024-11-02T08:24:06.054+0000] {spark_submit.py:634} INFO - 24/11/02 08:24:06 INFO StandaloneSchedulerBackend: Connected to Spark cluster with app ID app-20241102082406-0016
[2024-11-02T08:24:06.055+0000] {spark_submit.py:634} INFO - 24/11/02 08:24:06 INFO StandaloneAppClient$ClientEndpoint: Executor added: app-20241102082406-0016/0 on worker-20241102054001-172.18.0.3-35871 (172.18.0.3:35871) with 1 core(s)
[2024-11-02T08:24:06.057+0000] {spark_submit.py:634} INFO - 24/11/02 08:24:06 INFO StandaloneSchedulerBackend: Granted executor ID app-20241102082406-0016/0 on hostPort 172.18.0.3:35871 with 1 core(s), 1024.0 MiB RAM
[2024-11-02T08:24:06.061+0000] {spark_submit.py:634} INFO - 24/11/02 08:24:06 INFO Utils: Successfully started service 'org.apache.spark.network.netty.NettyBlockTransferService' on port 39937.
[2024-11-02T08:24:06.062+0000] {spark_submit.py:634} INFO - 24/11/02 08:24:06 INFO NettyBlockTransferService: Server created on dataeng-airflow-scheduler:39937
[2024-11-02T08:24:06.063+0000] {spark_submit.py:634} INFO - 24/11/02 08:24:06 INFO BlockManager: Using org.apache.spark.storage.RandomBlockReplicationPolicy for block replication policy
[2024-11-02T08:24:06.067+0000] {spark_submit.py:634} INFO - 24/11/02 08:24:06 INFO BlockManagerMaster: Registering BlockManager BlockManagerId(driver, dataeng-airflow-scheduler, 39937, None)
[2024-11-02T08:24:06.071+0000] {spark_submit.py:634} INFO - 24/11/02 08:24:06 INFO BlockManagerMasterEndpoint: Registering block manager dataeng-airflow-scheduler:39937 with 434.4 MiB RAM, BlockManagerId(driver, dataeng-airflow-scheduler, 39937, None)
[2024-11-02T08:24:06.073+0000] {spark_submit.py:634} INFO - 24/11/02 08:24:06 INFO BlockManagerMaster: Registered BlockManager BlockManagerId(driver, dataeng-airflow-scheduler, 39937, None)
[2024-11-02T08:24:06.074+0000] {spark_submit.py:634} INFO - 24/11/02 08:24:06 INFO BlockManager: Initialized BlockManager: BlockManagerId(driver, dataeng-airflow-scheduler, 39937, None)
[2024-11-02T08:24:06.127+0000] {spark_submit.py:634} INFO - 24/11/02 08:24:06 INFO StandaloneAppClient$ClientEndpoint: Executor updated: app-20241102082406-0016/0 is now RUNNING
[2024-11-02T08:24:06.237+0000] {spark_submit.py:634} INFO - 24/11/02 08:24:06 INFO StandaloneSchedulerBackend: SchedulerBackend is ready for scheduling beginning after reached minRegisteredResourcesRatio: 0.0
[2024-11-02T08:24:10.965+0000] {spark_submit.py:634} INFO - +--------------------+--------------------+------------------------+--------------------+--------------+
[2024-11-02T08:24:10.966+0000] {spark_submit.py:634} INFO - |         customer_id|  customer_unique_id|customer_zip_code_prefix|       customer_city|customer_state|
[2024-11-02T08:24:10.967+0000] {spark_submit.py:634} INFO - +--------------------+--------------------+------------------------+--------------------+--------------+
[2024-11-02T08:24:10.967+0000] {spark_submit.py:634} INFO - |06b8999e2fba1a1fb...|861eff4711a542e4b...|                   14409|              franca|            SP|
[2024-11-02T08:24:10.967+0000] {spark_submit.py:634} INFO - |18955e83d337fd6b2...|290c77bc529b7ac93...|                    9790|sao bernardo do c...|            SP|
[2024-11-02T08:24:10.968+0000] {spark_submit.py:634} INFO - |4e7b3e00288586ebd...|060e732b5b29e8181...|                    1151|           sao paulo|            SP|
[2024-11-02T08:24:10.968+0000] {spark_submit.py:634} INFO - |b2b6027bc5c5109e5...|259dac757896d24d7...|                    8775|     mogi das cruzes|            SP|
[2024-11-02T08:24:10.969+0000] {spark_submit.py:634} INFO - |4f2d8ab171c80ec83...|345ecd01c38d18a90...|                   13056|            campinas|            SP|
[2024-11-02T08:24:10.969+0000] {spark_submit.py:634} INFO - +--------------------+--------------------+------------------------+--------------------+--------------+
[2024-11-02T08:24:10.970+0000] {spark_submit.py:634} INFO - only showing top 5 rows
[2024-11-02T08:24:10.970+0000] {spark_submit.py:634} INFO - 
[2024-11-02T08:24:11.847+0000] {spark_submit.py:634} INFO - +--------------------+-------------+--------------------+--------------------+-------------------+-----+-------------+
[2024-11-02T08:24:11.847+0000] {spark_submit.py:634} INFO - |            order_id|order_item_id|          product_id|           seller_id|shipping_limit_date|price|freight_value|
[2024-11-02T08:24:11.848+0000] {spark_submit.py:634} INFO - +--------------------+-------------+--------------------+--------------------+-------------------+-----+-------------+
[2024-11-02T08:24:11.848+0000] {spark_submit.py:634} INFO - |00010242fe8c5a6d1...|            1|4244733e06e7ecb49...|48436dade18ac8b2b...|2017-09-19 09:45:35| 58.9|        13.29|
[2024-11-02T08:24:11.849+0000] {spark_submit.py:634} INFO - |00018f77f2f0320c5...|            1|e5f2d52b802189ee6...|dd7ddc04e1b6c2c61...|2017-05-03 11:05:13|239.9|        19.93|
[2024-11-02T08:24:11.849+0000] {spark_submit.py:634} INFO - |000229ec398224ef6...|            1|c777355d18b72b67a...|5b51032eddd242adc...|2018-01-18 14:48:30|199.0|        17.87|
[2024-11-02T08:24:11.850+0000] {spark_submit.py:634} INFO - |00024acbcdf0a6daa...|            1|7634da152a4610f15...|9d7a1d34a50524090...|2018-08-15 10:10:18|12.99|        12.79|
[2024-11-02T08:24:11.850+0000] {spark_submit.py:634} INFO - |00042b26cf59d7ce6...|            1|ac6c3623068f30de0...|df560393f3a51e745...|2017-02-13 13:57:51|199.9|        18.14|
[2024-11-02T08:24:11.850+0000] {spark_submit.py:634} INFO - +--------------------+-------------+--------------------+--------------------+-------------------+-----+-------------+
[2024-11-02T08:24:11.851+0000] {spark_submit.py:634} INFO - only showing top 5 rows
[2024-11-02T08:24:11.851+0000] {spark_submit.py:634} INFO - 
[2024-11-02T08:24:12.259+0000] {spark_submit.py:634} INFO - +--------------------+--------------------+------------+------------------------+-------------------+----------------------------+-----------------------------+-----------------------------+
[2024-11-02T08:24:12.259+0000] {spark_submit.py:634} INFO - |            order_id|         customer_id|order_status|order_purchase_timestamp|  order_approved_at|order_delivered_carrier_date|order_delivered_customer_date|order_estimated_delivery_date|
[2024-11-02T08:24:12.260+0000] {spark_submit.py:634} INFO - +--------------------+--------------------+------------+------------------------+-------------------+----------------------------+-----------------------------+-----------------------------+
[2024-11-02T08:24:12.260+0000] {spark_submit.py:634} INFO - |e481f51cbdc54678b...|9ef432eb625129730...|   delivered|     2017-10-02 10:56:33|2017-10-02 11:07:15|         2017-10-04 19:55:00|          2017-10-10 21:25:13|          2017-10-18 00:00:00|
[2024-11-02T08:24:12.260+0000] {spark_submit.py:634} INFO - |53cdb2fc8bc7dce0b...|b0830fb4747a6c6d2...|   delivered|     2018-07-24 20:41:37|2018-07-26 03:24:27|         2018-07-26 14:31:00|          2018-08-07 15:27:45|          2018-08-13 00:00:00|
[2024-11-02T08:24:12.260+0000] {spark_submit.py:634} INFO - |47770eb9100c2d0c4...|41ce2a54c0b03bf34...|   delivered|     2018-08-08 08:38:49|2018-08-08 08:55:23|         2018-08-08 13:50:00|          2018-08-17 18:06:29|          2018-09-04 00:00:00|
[2024-11-02T08:24:12.261+0000] {spark_submit.py:634} INFO - |949d5b44dbf5de918...|f88197465ea7920ad...|   delivered|     2017-11-18 19:28:06|2017-11-18 19:45:59|         2017-11-22 13:39:59|          2017-12-02 00:28:42|          2017-12-15 00:00:00|
[2024-11-02T08:24:12.261+0000] {spark_submit.py:634} INFO - |ad21c59c0840e6cb8...|8ab97904e6daea886...|   delivered|     2018-02-13 21:18:39|2018-02-13 22:20:29|         2018-02-14 19:46:34|          2018-02-16 18:17:02|          2018-02-26 00:00:00|
[2024-11-02T08:24:12.262+0000] {spark_submit.py:634} INFO - +--------------------+--------------------+------------+------------------------+-------------------+----------------------------+-----------------------------+-----------------------------+
[2024-11-02T08:24:12.262+0000] {spark_submit.py:634} INFO - only showing top 5 rows
[2024-11-02T08:24:12.262+0000] {spark_submit.py:634} INFO - 
[2024-11-02T08:24:12.403+0000] {spark_submit.py:634} INFO - +---------------------+-----------------------------+
[2024-11-02T08:24:12.403+0000] {spark_submit.py:634} INFO - |product_category_name|product_category_name_english|
[2024-11-02T08:24:12.403+0000] {spark_submit.py:634} INFO - +---------------------+-----------------------------+
[2024-11-02T08:24:12.404+0000] {spark_submit.py:634} INFO - |         beleza_saude|                health_beauty|
[2024-11-02T08:24:12.404+0000] {spark_submit.py:634} INFO - | informatica_acess...|         computers_accesso...|
[2024-11-02T08:24:12.404+0000] {spark_submit.py:634} INFO - |           automotivo|                         auto|
[2024-11-02T08:24:12.405+0000] {spark_submit.py:634} INFO - |      cama_mesa_banho|               bed_bath_table|
[2024-11-02T08:24:12.405+0000] {spark_submit.py:634} INFO - |     moveis_decoracao|              furniture_decor|
[2024-11-02T08:24:12.405+0000] {spark_submit.py:634} INFO - +---------------------+-----------------------------+
[2024-11-02T08:24:12.406+0000] {spark_submit.py:634} INFO - only showing top 5 rows
[2024-11-02T08:24:12.406+0000] {spark_submit.py:634} INFO - 
[2024-11-02T08:24:12.628+0000] {spark_submit.py:634} INFO - +--------------------+---------------------+-------------------+--------------------------+------------------+----------------+-----------------+-----------------+----------------+
[2024-11-02T08:24:12.628+0000] {spark_submit.py:634} INFO - |          product_id|product_category_name|product_name_lenght|product_description_lenght|product_photos_qty|product_weight_g|product_length_cm|product_height_cm|product_width_cm|
[2024-11-02T08:24:12.629+0000] {spark_submit.py:634} INFO - +--------------------+---------------------+-------------------+--------------------------+------------------+----------------+-----------------+-----------------+----------------+
[2024-11-02T08:24:12.629+0000] {spark_submit.py:634} INFO - |1e9e8ef04dbcff454...|           perfumaria|                 40|                       287|                 1|           225.0|             16.0|             10.0|            14.0|
[2024-11-02T08:24:12.630+0000] {spark_submit.py:634} INFO - |3aa071139cb16b67c...|                artes|                 44|                       276|                 1|          1000.0|             30.0|             18.0|            20.0|
[2024-11-02T08:24:12.630+0000] {spark_submit.py:634} INFO - |96bd76ec8810374ed...|        esporte_lazer|                 46|                       250|                 1|           154.0|             18.0|              9.0|            15.0|
[2024-11-02T08:24:12.631+0000] {spark_submit.py:634} INFO - |cef67bcfe19066a93...|                bebes|                 27|                       261|                 1|           371.0|             26.0|              4.0|            26.0|
[2024-11-02T08:24:12.632+0000] {spark_submit.py:634} INFO - |9dc1a7de274444849...| utilidades_domest...|                 37|                       402|                 4|           625.0|             20.0|             17.0|            13.0|
[2024-11-02T08:24:12.632+0000] {spark_submit.py:634} INFO - +--------------------+---------------------+-------------------+--------------------------+------------------+----------------+-----------------+-----------------+----------------+
[2024-11-02T08:24:12.633+0000] {spark_submit.py:634} INFO - only showing top 5 rows
[2024-11-02T08:24:12.633+0000] {spark_submit.py:634} INFO - 
[2024-11-02T08:24:12.810+0000] {spark_submit.py:634} INFO - +--------------------+----------------------+-----------------+------------+
[2024-11-02T08:24:12.811+0000] {spark_submit.py:634} INFO - |           seller_id|seller_zip_code_prefix|      seller_city|seller_state|
[2024-11-02T08:24:12.811+0000] {spark_submit.py:634} INFO - +--------------------+----------------------+-----------------+------------+
[2024-11-02T08:24:12.812+0000] {spark_submit.py:634} INFO - |3442f8959a84dea7e...|                 13023|         campinas|          SP|
[2024-11-02T08:24:12.812+0000] {spark_submit.py:634} INFO - |d1b65fc7debc3361e...|                 13844|       mogi guacu|          SP|
[2024-11-02T08:24:12.812+0000] {spark_submit.py:634} INFO - |ce3ad9de960102d06...|                 20031|   rio de janeiro|          RJ|
[2024-11-02T08:24:12.813+0000] {spark_submit.py:634} INFO - |c0f3eea2e14555b6f...|                  4195|        sao paulo|          SP|
[2024-11-02T08:24:12.813+0000] {spark_submit.py:634} INFO - |51a04a8a6bdcb23de...|                 12914|braganca paulista|          SP|
[2024-11-02T08:24:12.813+0000] {spark_submit.py:634} INFO - +--------------------+----------------------+-----------------+------------+
[2024-11-02T08:24:12.814+0000] {spark_submit.py:634} INFO - only showing top 5 rows
[2024-11-02T08:24:12.814+0000] {spark_submit.py:634} INFO - 
[2024-11-02T08:24:13.622+0000] {spark_submit.py:634} INFO - +---------+---------+--------------------+--------+-----------+---------+----------+--------------+
[2024-11-02T08:24:13.623+0000] {spark_submit.py:634} INFO - |invoiceno|stockcode|         description|quantity|invoicedate|unitprice|customerid|       country|
[2024-11-02T08:24:13.624+0000] {spark_submit.py:634} INFO - +---------+---------+--------------------+--------+-----------+---------+----------+--------------+
[2024-11-02T08:24:13.624+0000] {spark_submit.py:634} INFO - |   536365|   85123A|WHITE HANGING HEA...|       6| 2010-12-01|     2.55|     17850|United Kingdom|
[2024-11-02T08:24:13.625+0000] {spark_submit.py:634} INFO - |   536365|    71053| WHITE METAL LANTERN|       6| 2010-12-01|     3.39|     17850|United Kingdom|
[2024-11-02T08:24:13.625+0000] {spark_submit.py:634} INFO - |   536365|   84406B|CREAM CUPID HEART...|       8| 2010-12-01|     2.75|     17850|United Kingdom|
[2024-11-02T08:24:13.625+0000] {spark_submit.py:634} INFO - |   536365|   84029G|KNITTED UNION FLA...|       6| 2010-12-01|     3.39|     17850|United Kingdom|
[2024-11-02T08:24:13.626+0000] {spark_submit.py:634} INFO - |   536365|   84029E|RED WOOLLY HOTTIE...|       6| 2010-12-01|     3.39|     17850|United Kingdom|
[2024-11-02T08:24:13.626+0000] {spark_submit.py:634} INFO - +---------+---------+--------------------+--------+-----------+---------+----------+--------------+
[2024-11-02T08:24:13.627+0000] {spark_submit.py:634} INFO - only showing top 5 rows
[2024-11-02T08:24:13.627+0000] {spark_submit.py:634} INFO - 
[2024-11-02T08:24:29.792+0000] {spark_submit.py:634} INFO - +--------------------+--------------------+--------------------+-------------+-------------------+-----+-------------+---------------------+-------------------+--------------------------+------------------+----------------+-----------------+-----------------+----------------+----------------------+-----------+------------+
[2024-11-02T08:24:29.793+0000] {spark_submit.py:634} INFO - |           seller_id|          product_id|            order_id|order_item_id|shipping_limit_date|price|freight_value|product_category_name|product_name_lenght|product_description_lenght|product_photos_qty|product_weight_g|product_length_cm|product_height_cm|product_width_cm|seller_zip_code_prefix|seller_city|seller_state|
[2024-11-02T08:24:29.794+0000] {spark_submit.py:634} INFO - +--------------------+--------------------+--------------------+-------------+-------------------+-----+-------------+---------------------+-------------------+--------------------------+------------------+----------------+-----------------+-----------------+----------------+----------------------+-----------+------------+
[2024-11-02T08:24:29.794+0000] {spark_submit.py:634} INFO - |0015a82c2db000af6...|a2ff5a97bf95719e3...|7f39ba4c9052be115...|            1|2017-10-24 23:56:20|895.0|        21.02|      eletroportateis|                 40|                       849|                 2|         11800.0|             40.0|             43.0|            36.0|                  9080|santo andre|          SP|
[2024-11-02T08:24:29.795+0000] {spark_submit.py:634} INFO - |0015a82c2db000af6...|a2ff5a97bf95719e3...|9dc8d1a6f16f1b898...|            1|2017-10-18 14:49:22|895.0|        21.02|      eletroportateis|                 40|                       849|                 2|         11800.0|             40.0|             43.0|            36.0|                  9080|santo andre|          SP|
[2024-11-02T08:24:29.796+0000] {spark_submit.py:634} INFO - |0015a82c2db000af6...|a2ff5a97bf95719e3...|d455a8cb295653b55...|            1|2017-10-12 22:24:16|895.0|        21.02|      eletroportateis|                 40|                       849|                 2|         11800.0|             40.0|             43.0|            36.0|                  9080|santo andre|          SP|
[2024-11-02T08:24:29.796+0000] {spark_submit.py:634} INFO - |001cca7ae9ae17fb1...|21fecd254a3103704...|44a3722417745e1a9...|            1|2017-11-16 22:30:21|119.0|         43.2|   ferramentas_jardim|                 38|                       499|                 1|          7400.0|             43.0|             14.0|            33.0|                 29156|  cariacica|          ES|
[2024-11-02T08:24:29.797+0000] {spark_submit.py:634} INFO - |001cca7ae9ae17fb1...|21fecd254a3103704...|5af2c148f1516ec3a...|            1|2017-11-02 23:26:33|119.0|         35.2|   ferramentas_jardim|                 38|                       499|                 1|          7400.0|             43.0|             14.0|            33.0|                 29156|  cariacica|          ES|
[2024-11-02T08:24:29.797+0000] {spark_submit.py:634} INFO - |001cca7ae9ae17fb1...|21fecd254a3103704...|d2aa63ac411996ad8...|            1|2017-05-01 23:45:18| 99.0|        36.24|   ferramentas_jardim|                 38|                       499|                 1|          7400.0|             43.0|             14.0|            33.0|                 29156|  cariacica|          ES|
[2024-11-02T08:24:29.798+0000] {spark_submit.py:634} INFO - |001cca7ae9ae17fb1...|4d7fee7877228c149...|51e3f832063f79a14...|            1|2017-11-29 22:13:27| 89.0|        36.93| construcao_ferram...|                 28|                       409|                 1|          8650.0|             44.0|             14.0|            40.0|                 29156|  cariacica|          ES|
[2024-11-02T08:24:29.798+0000] {spark_submit.py:634} INFO - |001cca7ae9ae17fb1...|4d7fee7877228c149...|8635ed3e0c954b79a...|            1|2017-11-20 17:08:34| 89.0|        32.09| construcao_ferram...|                 28|                       409|                 1|          8650.0|             44.0|             14.0|            40.0|                 29156|  cariacica|          ES|
[2024-11-02T08:24:29.798+0000] {spark_submit.py:634} INFO - |001cca7ae9ae17fb1...|4f3b83b83f7fb280f...|00dfb074b5c910fbd...|            1|2017-06-19 19:55:19| 99.5|        35.07|   ferramentas_jardim|                 32|                       706|                 2|          9050.0|             39.0|             12.0|            42.0|                 29156|  cariacica|          ES|
[2024-11-02T08:24:29.799+0000] {spark_submit.py:634} INFO - |001cca7ae9ae17fb1...|547b95702aec86f05...|0240c9d87266e4cab...|            1|2018-06-18 09:18:02|129.0|        34.98|   ferramentas_jardim|                 33|                       509|                 1|          9100.0|             42.0|             13.0|            39.0|                 29156|  cariacica|          ES|
[2024-11-02T08:24:29.799+0000] {spark_submit.py:634} INFO - |001cca7ae9ae17fb1...|547b95702aec86f05...|1ec0f6dd4813ff79c...|            1|2017-05-18 10:25:10|135.0|        40.28|   ferramentas_jardim|                 33|                       509|                 1|          9100.0|             42.0|             13.0|            39.0|                 29156|  cariacica|          ES|
[2024-11-02T08:24:29.800+0000] {spark_submit.py:634} INFO - |001cca7ae9ae17fb1...|547b95702aec86f05...|40f5d5356396abbec...|            1|2018-01-05 21:06:39|129.0|         38.2|   ferramentas_jardim|                 33|                       509|                 1|          9100.0|             42.0|             13.0|            39.0|                 29156|  cariacica|          ES|
[2024-11-02T08:24:29.800+0000] {spark_submit.py:634} INFO - |001cca7ae9ae17fb1...|547b95702aec86f05...|5190f963681eb5a3d...|            1|2017-07-17 10:50:16|112.0|        51.91|   ferramentas_jardim|                 33|                       509|                 1|          9100.0|             42.0|             13.0|            39.0|                 29156|  cariacica|          ES|
[2024-11-02T08:24:29.801+0000] {spark_submit.py:634} INFO - |001cca7ae9ae17fb1...|547b95702aec86f05...|58faef88b9fbcce2d...|            1|2017-03-29 21:22:42| 99.5|        32.98|   ferramentas_jardim|                 33|                       509|                 1|          9100.0|             42.0|             13.0|            39.0|                 29156|  cariacica|          ES|
[2024-11-02T08:24:29.801+0000] {spark_submit.py:634} INFO - |001cca7ae9ae17fb1...|547b95702aec86f05...|58faef88b9fbcce2d...|            2|2017-03-29 21:22:42| 99.5|        32.98|   ferramentas_jardim|                 33|                       509|                 1|          9100.0|             42.0|             13.0|            39.0|                 29156|  cariacica|          ES|
[2024-11-02T08:24:29.802+0000] {spark_submit.py:634} INFO - |001cca7ae9ae17fb1...|547b95702aec86f05...|58faef88b9fbcce2d...|            3|2017-03-29 21:22:42| 99.5|        32.98|   ferramentas_jardim|                 33|                       509|                 1|          9100.0|             42.0|             13.0|            39.0|                 29156|  cariacica|          ES|
[2024-11-02T08:24:29.803+0000] {spark_submit.py:634} INFO - |001cca7ae9ae17fb1...|547b95702aec86f05...|58faef88b9fbcce2d...|            4|2017-03-29 21:22:42| 99.5|        32.98|   ferramentas_jardim|                 33|                       509|                 1|          9100.0|             42.0|             13.0|            39.0|                 29156|  cariacica|          ES|
[2024-11-02T08:24:29.803+0000] {spark_submit.py:634} INFO - |001cca7ae9ae17fb1...|547b95702aec86f05...|66eee0f0bae09aa30...|            1|2017-11-06 23:25:28|129.0|        33.29|   ferramentas_jardim|                 33|                       509|                 1|          9100.0|             42.0|             13.0|            39.0|                 29156|  cariacica|          ES|
[2024-11-02T08:24:29.804+0000] {spark_submit.py:634} INFO - |001cca7ae9ae17fb1...|547b95702aec86f05...|6f6926816d7f45e2c...|            1|2017-05-25 02:43:17|135.0|        45.03|   ferramentas_jardim|                 33|                       509|                 1|          9100.0|             42.0|             13.0|            39.0|                 29156|  cariacica|          ES|
[2024-11-02T08:24:29.804+0000] {spark_submit.py:634} INFO - |001cca7ae9ae17fb1...|547b95702aec86f05...|7d000307a29338a05...|            1|2017-09-13 12:05:44|129.0|        36.98|   ferramentas_jardim|                 33|                       509|                 1|          9100.0|             42.0|             13.0|            39.0|                 29156|  cariacica|          ES|
[2024-11-02T08:24:29.804+0000] {spark_submit.py:634} INFO - +--------------------+--------------------+--------------------+-------------+-------------------+-----+-------------+---------------------+-------------------+--------------------------+------------------+----------------+-----------------+-----------------+----------------+----------------------+-----------+------------+
[2024-11-02T08:24:29.805+0000] {spark_submit.py:634} INFO - only showing top 20 rows
[2024-11-02T08:24:29.805+0000] {spark_submit.py:634} INFO - 
[2024-11-02T08:24:41.210+0000] {spark_submit.py:634} INFO - +---------------------+--------------------+--------------------+-------------+--------------------+-------------------+-----+-------------+-------------------+--------------------------+------------------+----------------+-----------------+-----------------+----------------+-----------------------------+
[2024-11-02T08:24:41.211+0000] {spark_submit.py:634} INFO - |product_category_name|          product_id|            order_id|order_item_id|           seller_id|shipping_limit_date|price|freight_value|product_name_lenght|product_description_lenght|product_photos_qty|product_weight_g|product_length_cm|product_height_cm|product_width_cm|product_category_name_english|
[2024-11-02T08:24:41.212+0000] {spark_submit.py:634} INFO - +---------------------+--------------------+--------------------+-------------+--------------------+-------------------+-----+-------------+-------------------+--------------------------+------------------+----------------+-----------------+-----------------+----------------+-----------------------------+
[2024-11-02T08:24:41.212+0000] {spark_submit.py:634} INFO - | agro_industria_e_...|018ca97302e429305...|2f80a0b08926b808e...|            1|6481e96574816ead5...|2018-04-19 02:13:28| 88.0|        11.95|                 45|                       266|                 1|          2467.0|             28.0|             26.0|            24.0|         agro_industry_and...|
[2024-11-02T08:24:41.213+0000] {spark_submit.py:634} INFO - | agro_industria_e_...|026f43af35e795106...|ca00c2ba5781124bd...|            1|269cff2d3c8d205c1...|2018-08-14 18:25:13|179.9|        31.34|                 58|                      1075|                 1|         10317.0|             52.0|             33.0|            43.0|         agro_industry_and...|
[2024-11-02T08:24:41.214+0000] {spark_submit.py:634} INFO - | agro_industria_e_...|026f43af35e795106...|ca00c2ba5781124bd...|            2|269cff2d3c8d205c1...|2018-08-14 18:25:13|179.9|        31.34|                 58|                      1075|                 1|         10317.0|             52.0|             33.0|            43.0|         agro_industry_and...|
[2024-11-02T08:24:41.214+0000] {spark_submit.py:634} INFO - | agro_industria_e_...|0a0adf0de1769b297...|f4c75150bfe11df19...|            1|6481e96574816ead5...|2018-04-10 14:10:27| 58.5|        29.11|                 47|                       418|                 1|         13325.0|             41.0|             42.0|            47.0|         agro_industry_and...|
[2024-11-02T08:24:41.215+0000] {spark_submit.py:634} INFO - | agro_industria_e_...|0b2a1288e8ba64c79...|4856100f6860747b1...|            1|d17f467e4bf608a51...|2018-07-25 02:50:21| 67.7|        34.23|                 38|                       397|                 1|          3450.0|             33.0|             36.0|            33.0|         agro_industry_and...|
[2024-11-02T08:24:41.215+0000] {spark_submit.py:634} INFO - | agro_industria_e_...|0b2a1288e8ba64c79...|b02f2888891cd431e...|            1|06579cb253ecd5a3a...|2018-05-07 02:10:24| 96.9|         7.54|                 38|                       397|                 1|          3450.0|             33.0|             36.0|            33.0|         agro_industry_and...|
[2024-11-02T08:24:41.216+0000] {spark_submit.py:634} INFO - | agro_industria_e_...|10e33205ed375c8e4...|d4c9b64645181fa71...|            1|6481e96574816ead5...|2018-03-20 21:55:22|330.0|        61.15|                 59|                       436|                 2|          6650.0|             46.0|             76.0|            46.0|         agro_industry_and...|
[2024-11-02T08:24:41.216+0000] {spark_submit.py:634} INFO - | agro_industria_e_...|11250b0d4b709fee9...|08791ec24b12af5af...|            1|e59aa562b9f8076dd...|2018-04-24 15:31:47|412.0|        33.87|                 28|                       388|                 2|          3000.0|             30.0|             30.0|            20.0|         agro_industry_and...|
[2024-11-02T08:24:41.217+0000] {spark_submit.py:634} INFO - | agro_industria_e_...|11250b0d4b709fee9...|0d799dd97f4ffcecb...|            1|e59aa562b9f8076dd...|2018-04-12 13:48:00|412.0|         20.4|                 28|                       388|                 2|          3000.0|             30.0|             30.0|            20.0|         agro_industry_and...|
[2024-11-02T08:24:41.217+0000] {spark_submit.py:634} INFO - | agro_industria_e_...|11250b0d4b709fee9...|114c4a21b3e731dc6...|            1|e59aa562b9f8076dd...|2018-01-22 12:52:13|412.0|        30.26|                 28|                       388|                 2|          3000.0|             30.0|             30.0|            20.0|         agro_industry_and...|
[2024-11-02T08:24:41.218+0000] {spark_submit.py:634} INFO - | agro_industria_e_...|11250b0d4b709fee9...|203a651bc28694f33...|            1|e59aa562b9f8076dd...|2018-01-04 21:11:24|412.0|        30.26|                 28|                       388|                 2|          3000.0|             30.0|             30.0|            20.0|         agro_industry_and...|
[2024-11-02T08:24:41.218+0000] {spark_submit.py:634} INFO - | agro_industria_e_...|11250b0d4b709fee9...|41410b416c3844a17...|            1|e59aa562b9f8076dd...|2018-05-17 03:10:47|412.0|        25.42|                 28|                       388|                 2|          3000.0|             30.0|             30.0|            20.0|         agro_industry_and...|
[2024-11-02T08:24:41.219+0000] {spark_submit.py:634} INFO - | agro_industria_e_...|11250b0d4b709fee9...|41a002779a1684abe...|            1|e59aa562b9f8076dd...|2018-03-06 15:15:36|412.0|        26.26|                 28|                       388|                 2|          3000.0|             30.0|             30.0|            20.0|         agro_industry_and...|
[2024-11-02T08:24:41.219+0000] {spark_submit.py:634} INFO - | agro_industria_e_...|11250b0d4b709fee9...|45cbedcdca177029a...|            1|e59aa562b9f8076dd...|2018-07-20 04:31:26|420.0|        24.24|                 28|                       388|                 2|          3000.0|             30.0|             30.0|            20.0|         agro_industry_and...|
[2024-11-02T08:24:41.220+0000] {spark_submit.py:634} INFO - | agro_industria_e_...|11250b0d4b709fee9...|465c2e1bee4561cb3...|            1|e59aa562b9f8076dd...|2018-02-27 12:28:15|412.0|        27.72|                 28|                       388|                 2|          3000.0|             30.0|             30.0|            20.0|         agro_industry_and...|
[2024-11-02T08:24:41.220+0000] {spark_submit.py:634} INFO - | agro_industria_e_...|11250b0d4b709fee9...|465c2e1bee4561cb3...|            2|e59aa562b9f8076dd...|2018-02-27 12:28:15|412.0|        27.72|                 28|                       388|                 2|          3000.0|             30.0|             30.0|            20.0|         agro_industry_and...|
[2024-11-02T08:24:41.221+0000] {spark_submit.py:634} INFO - | agro_industria_e_...|11250b0d4b709fee9...|4e9ff1cf3de62fe0f...|            1|e59aa562b9f8076dd...|2017-12-11 04:11:58|412.0|        23.72|                 28|                       388|                 2|          3000.0|             30.0|             30.0|            20.0|         agro_industry_and...|
[2024-11-02T08:24:41.221+0000] {spark_submit.py:634} INFO - | agro_industria_e_...|11250b0d4b709fee9...|63ac25fa7a6efd7b9...|            1|e59aa562b9f8076dd...|2018-02-07 02:35:37|412.0|         20.5|                 28|                       388|                 2|          3000.0|             30.0|             30.0|            20.0|         agro_industry_and...|
[2024-11-02T08:24:41.222+0000] {spark_submit.py:634} INFO - | agro_industria_e_...|11250b0d4b709fee9...|63e9f378e99a3e837...|            1|e59aa562b9f8076dd...|2017-09-12 16:30:11|398.0|        20.04|                 28|                       388|                 2|          3000.0|             30.0|             30.0|            20.0|         agro_industry_and...|
[2024-11-02T08:24:41.222+0000] {spark_submit.py:634} INFO - | agro_industria_e_...|11250b0d4b709fee9...|85d5dc0b4e21b624e...|            1|e59aa562b9f8076dd...|2018-02-08 17:50:33|412.0|        26.26|                 28|                       388|                 2|          3000.0|             30.0|             30.0|            20.0|         agro_industry_and...|
[2024-11-02T08:24:41.222+0000] {spark_submit.py:634} INFO - +---------------------+--------------------+--------------------+-------------+--------------------+-------------------+-----+-------------+-------------------+--------------------------+------------------+----------------+-----------------+-----------------+----------------+-----------------------------+
[2024-11-02T08:24:41.223+0000] {spark_submit.py:634} INFO - only showing top 20 rows
[2024-11-02T08:24:41.223+0000] {spark_submit.py:634} INFO - 
[2024-11-02T08:24:41.242+0000] {spark_submit.py:634} INFO - Traceback (most recent call last):
[2024-11-02T08:24:41.243+0000] {spark_submit.py:634} INFO - File "/spark-scripts/spark-transformationagg-reza.py", line 105, in <module>
[2024-11-02T08:24:41.244+0000] {spark_submit.py:634} INFO - df_analisa_ketiga = df_order_items.join(df_customers, "customer_id")
[2024-11-02T08:24:41.245+0000] {spark_submit.py:634} INFO - File "/home/airflow/.local/lib/python3.9/site-packages/pyspark/python/lib/pyspark.zip/pyspark/sql/dataframe.py", line 1539, in join
[2024-11-02T08:24:41.245+0000] {spark_submit.py:634} INFO - File "/home/airflow/.local/lib/python3.9/site-packages/pyspark/python/lib/py4j-0.10.9.5-src.zip/py4j/java_gateway.py", line 1321, in __call__
[2024-11-02T08:24:41.246+0000] {spark_submit.py:634} INFO - File "/home/airflow/.local/lib/python3.9/site-packages/pyspark/python/lib/pyspark.zip/pyspark/sql/utils.py", line 196, in deco
[2024-11-02T08:24:41.251+0000] {spark_submit.py:634} INFO - pyspark.sql.utils.AnalysisException: USING column `customer_id` cannot be resolved on the left side of the join. The left-side columns: [order_id, order_item_id, product_id, seller_id, shipping_limit_date, price, freight_value]
[2024-11-02T08:24:41.459+0000] {taskinstance.py:2728} ERROR - Task failed with exception
Traceback (most recent call last):
  File "/home/airflow/.local/lib/python3.9/site-packages/airflow/models/taskinstance.py", line 444, in _execute_task
    result = _execute_callable(context=context, **execute_callable_kwargs)
  File "/home/airflow/.local/lib/python3.9/site-packages/airflow/models/taskinstance.py", line 414, in _execute_callable
    return execute_callable(context=context, **execute_callable_kwargs)
  File "/home/airflow/.local/lib/python3.9/site-packages/airflow/providers/apache/spark/operators/spark_submit.py", line 176, in execute
    self._hook.submit(self.application)
  File "/home/airflow/.local/lib/python3.9/site-packages/airflow/providers/apache/spark/hooks/spark_submit.py", line 560, in submit
    raise AirflowException(
airflow.exceptions.AirflowException: Cannot execute: spark-submit --master spark://dataeng-spark-master:7077 --jars /spark-scripts/jars/jars_postgresql-42.2.20.jar --name arrow-spark /spark-scripts/spark-transformationagg-reza.py. Error code is: 1.
[2024-11-02T08:24:41.464+0000] {taskinstance.py:1149} INFO - Marking task as FAILED. dag_id=spark_transformationagg_reza, task_id=spark_trans_task, execution_date=20241102T082402, start_date=20241102T082402, end_date=20241102T082441
[2024-11-02T08:24:41.482+0000] {standard_task_runner.py:107} ERROR - Failed to execute job 21 for task spark_trans_task (Cannot execute: spark-submit --master spark://dataeng-spark-master:7077 --jars /spark-scripts/jars/jars_postgresql-42.2.20.jar --name arrow-spark /spark-scripts/spark-transformationagg-reza.py. Error code is: 1.; 11149)
[2024-11-02T08:24:41.519+0000] {local_task_job_runner.py:234} INFO - Task exited with return code 1
[2024-11-02T08:24:41.535+0000] {taskinstance.py:3309} INFO - 0 downstream tasks scheduled from follow-on schedule check
