[2024-11-02T05:55:51.501+0000] {taskinstance.py:1979} INFO - Dependencies all met for dep_context=non-requeueable deps ti=<TaskInstance: spark-pg-read-dag-example.spark_submit_task manual__2024-11-02T05:55:51.115043+00:00 [queued]>
[2024-11-02T05:55:51.512+0000] {taskinstance.py:1979} INFO - Dependencies all met for dep_context=requeueable deps ti=<TaskInstance: spark-pg-read-dag-example.spark_submit_task manual__2024-11-02T05:55:51.115043+00:00 [queued]>
[2024-11-02T05:55:51.513+0000] {taskinstance.py:2193} INFO - Starting attempt 1 of 1
[2024-11-02T05:55:51.530+0000] {taskinstance.py:2214} INFO - Executing <Task(SparkSubmitOperator): spark_submit_task> on 2024-11-02 05:55:51.115043+00:00
[2024-11-02T05:55:51.535+0000] {standard_task_runner.py:60} INFO - Started process 1063 to run task
[2024-11-02T05:55:51.538+0000] {standard_task_runner.py:87} INFO - Running: ['airflow', 'tasks', 'run', 'spark-pg-read-dag-example', 'spark_submit_task', 'manual__2024-11-02T05:55:51.115043+00:00', '--job-id', '4', '--raw', '--subdir', 'DAGS_FOLDER/spark-pg-read-dag-example.py', '--cfg-path', '/tmp/tmpuzssq22z']
[2024-11-02T05:55:51.540+0000] {standard_task_runner.py:88} INFO - Job 4: Subtask spark_submit_task
[2024-11-02T05:55:51.560+0000] {logging_mixin.py:188} WARNING - /home/airflow/.local/lib/python3.9/site-packages/airflow/settings.py:194 DeprecationWarning: The sql_alchemy_conn option in [core] has been moved to the sql_alchemy_conn option in [database] - the old setting has been used, but please update your config.
[2024-11-02T05:55:51.612+0000] {task_command.py:423} INFO - Running <TaskInstance: spark-pg-read-dag-example.spark_submit_task manual__2024-11-02T05:55:51.115043+00:00 [running]> on host dataeng-airflow-scheduler
[2024-11-02T05:55:51.700+0000] {taskinstance.py:2510} INFO - Exporting env vars: AIRFLOW_CTX_DAG_OWNER='dibimbing' AIRFLOW_CTX_DAG_ID='spark-pg-read-dag-example' AIRFLOW_CTX_TASK_ID='spark_submit_task' AIRFLOW_CTX_EXECUTION_DATE='2024-11-02T05:55:51.115043+00:00' AIRFLOW_CTX_TRY_NUMBER='1' AIRFLOW_CTX_DAG_RUN_ID='manual__2024-11-02T05:55:51.115043+00:00'
[2024-11-02T05:55:51.709+0000] {base.py:83} INFO - Using connection ID 'spark_main' for task execution.
[2024-11-02T05:55:51.711+0000] {spark_submit.py:473} INFO - Spark-Submit cmd: spark-submit --master spark://dataeng-spark-master:7077 --jars /spark-scripts/jars/jars_postgresql-42.2.20.jar --name arrow-spark /spark-scripts/spark-pg-read-example.py
[2024-11-02T05:55:54.283+0000] {spark_submit.py:634} INFO - 24/11/02 05:55:54 WARN NativeCodeLoader: Unable to load native-hadoop library for your platform... using builtin-java classes where applicable
[2024-11-02T05:55:55.313+0000] {spark_submit.py:634} INFO - 24/11/02 05:55:55 INFO SparkContext: Running Spark version 3.3.2
[2024-11-02T05:55:55.337+0000] {spark_submit.py:634} INFO - 24/11/02 05:55:55 INFO ResourceUtils: ==============================================================
[2024-11-02T05:55:55.338+0000] {spark_submit.py:634} INFO - 24/11/02 05:55:55 INFO ResourceUtils: No custom resources configured for spark.driver.
[2024-11-02T05:55:55.339+0000] {spark_submit.py:634} INFO - 24/11/02 05:55:55 INFO ResourceUtils: ==============================================================
[2024-11-02T05:55:55.339+0000] {spark_submit.py:634} INFO - 24/11/02 05:55:55 INFO SparkContext: Submitted application: Dibimbing
[2024-11-02T05:55:55.360+0000] {spark_submit.py:634} INFO - 24/11/02 05:55:55 INFO ResourceProfile: Default ResourceProfile created, executor resources: Map(cores -> name: cores, amount: 1, script: , vendor: , memory -> name: memory, amount: 1024, script: , vendor: , offHeap -> name: offHeap, amount: 0, script: , vendor: ), task resources: Map(cpus -> name: cpus, amount: 1.0)
[2024-11-02T05:55:55.366+0000] {spark_submit.py:634} INFO - 24/11/02 05:55:55 INFO ResourceProfile: Limiting resource is cpu
[2024-11-02T05:55:55.367+0000] {spark_submit.py:634} INFO - 24/11/02 05:55:55 INFO ResourceProfileManager: Added ResourceProfile id: 0
[2024-11-02T05:55:55.420+0000] {spark_submit.py:634} INFO - 24/11/02 05:55:55 INFO SecurityManager: Changing view acls to: airflow
[2024-11-02T05:55:55.420+0000] {spark_submit.py:634} INFO - 24/11/02 05:55:55 INFO SecurityManager: Changing modify acls to: airflow
[2024-11-02T05:55:55.421+0000] {spark_submit.py:634} INFO - 24/11/02 05:55:55 INFO SecurityManager: Changing view acls groups to:
[2024-11-02T05:55:55.421+0000] {spark_submit.py:634} INFO - 24/11/02 05:55:55 INFO SecurityManager: Changing modify acls groups to:
[2024-11-02T05:55:55.421+0000] {spark_submit.py:634} INFO - 24/11/02 05:55:55 INFO SecurityManager: SecurityManager: authentication disabled; ui acls disabled; users  with view permissions: Set(airflow); groups with view permissions: Set(); users  with modify permissions: Set(airflow); groups with modify permissions: Set()
[2024-11-02T05:55:55.656+0000] {spark_submit.py:634} INFO - 24/11/02 05:55:55 INFO Utils: Successfully started service 'sparkDriver' on port 41443.
[2024-11-02T05:55:55.697+0000] {spark_submit.py:634} INFO - 24/11/02 05:55:55 INFO SparkEnv: Registering MapOutputTracker
[2024-11-02T05:55:55.743+0000] {spark_submit.py:634} INFO - 24/11/02 05:55:55 INFO SparkEnv: Registering BlockManagerMaster
[2024-11-02T05:55:55.773+0000] {spark_submit.py:634} INFO - 24/11/02 05:55:55 INFO BlockManagerMasterEndpoint: Using org.apache.spark.storage.DefaultTopologyMapper for getting topology information
[2024-11-02T05:55:55.773+0000] {spark_submit.py:634} INFO - 24/11/02 05:55:55 INFO BlockManagerMasterEndpoint: BlockManagerMasterEndpoint up
[2024-11-02T05:55:55.780+0000] {spark_submit.py:634} INFO - 24/11/02 05:55:55 INFO SparkEnv: Registering BlockManagerMasterHeartbeat
[2024-11-02T05:55:55.810+0000] {spark_submit.py:634} INFO - 24/11/02 05:55:55 INFO DiskBlockManager: Created local directory at /tmp/blockmgr-d46463f8-5ca1-463f-b15b-c12b9320820e
[2024-11-02T05:55:55.826+0000] {spark_submit.py:634} INFO - 24/11/02 05:55:55 INFO MemoryStore: MemoryStore started with capacity 434.4 MiB
[2024-11-02T05:55:55.842+0000] {spark_submit.py:634} INFO - 24/11/02 05:55:55 INFO SparkEnv: Registering OutputCommitCoordinator
[2024-11-02T05:55:56.063+0000] {spark_submit.py:634} INFO - 24/11/02 05:55:56 INFO Utils: Successfully started service 'SparkUI' on port 4040.
[2024-11-02T05:55:56.095+0000] {spark_submit.py:634} INFO - 24/11/02 05:55:56 ERROR SparkContext: Failed to add /opt/bitnami/spark/jars/postgresql-42.2.18.jar to Spark environment
[2024-11-02T05:55:56.096+0000] {spark_submit.py:634} INFO - java.io.FileNotFoundException: Jar /opt/bitnami/spark/jars/postgresql-42.2.18.jar not found
[2024-11-02T05:55:56.097+0000] {spark_submit.py:634} INFO - at org.apache.spark.SparkContext.addLocalJarFile$1(SparkContext.scala:1959)
[2024-11-02T05:55:56.097+0000] {spark_submit.py:634} INFO - at org.apache.spark.SparkContext.addJar(SparkContext.scala:2014)
[2024-11-02T05:55:56.097+0000] {spark_submit.py:634} INFO - at org.apache.spark.SparkContext.$anonfun$new$12(SparkContext.scala:507)
[2024-11-02T05:55:56.098+0000] {spark_submit.py:634} INFO - at org.apache.spark.SparkContext.$anonfun$new$12$adapted(SparkContext.scala:507)
[2024-11-02T05:55:56.098+0000] {spark_submit.py:634} INFO - at scala.collection.mutable.ResizableArray.foreach(ResizableArray.scala:62)
[2024-11-02T05:55:56.098+0000] {spark_submit.py:634} INFO - at scala.collection.mutable.ResizableArray.foreach$(ResizableArray.scala:55)
[2024-11-02T05:55:56.099+0000] {spark_submit.py:634} INFO - at scala.collection.mutable.ArrayBuffer.foreach(ArrayBuffer.scala:49)
[2024-11-02T05:55:56.099+0000] {spark_submit.py:634} INFO - at org.apache.spark.SparkContext.<init>(SparkContext.scala:507)
[2024-11-02T05:55:56.099+0000] {spark_submit.py:634} INFO - at org.apache.spark.api.java.JavaSparkContext.<init>(JavaSparkContext.scala:58)
[2024-11-02T05:55:56.100+0000] {spark_submit.py:634} INFO - at java.base/jdk.internal.reflect.NativeConstructorAccessorImpl.newInstance0(Native Method)
[2024-11-02T05:55:56.100+0000] {spark_submit.py:634} INFO - at java.base/jdk.internal.reflect.NativeConstructorAccessorImpl.newInstance(NativeConstructorAccessorImpl.java:77)
[2024-11-02T05:55:56.100+0000] {spark_submit.py:634} INFO - at java.base/jdk.internal.reflect.DelegatingConstructorAccessorImpl.newInstance(DelegatingConstructorAccessorImpl.java:45)
[2024-11-02T05:55:56.114+0000] {spark_submit.py:634} INFO - at java.base/java.lang.reflect.Constructor.newInstanceWithCaller(Constructor.java:500)
[2024-11-02T05:55:56.115+0000] {spark_submit.py:634} INFO - at java.base/java.lang.reflect.Constructor.newInstance(Constructor.java:481)
[2024-11-02T05:55:56.116+0000] {spark_submit.py:634} INFO - at py4j.reflection.MethodInvoker.invoke(MethodInvoker.java:247)
[2024-11-02T05:55:56.116+0000] {spark_submit.py:634} INFO - at py4j.reflection.ReflectionEngine.invoke(ReflectionEngine.java:357)
[2024-11-02T05:55:56.116+0000] {spark_submit.py:634} INFO - at py4j.Gateway.invoke(Gateway.java:238)
[2024-11-02T05:55:56.117+0000] {spark_submit.py:634} INFO - at py4j.commands.ConstructorCommand.invokeConstructor(ConstructorCommand.java:80)
[2024-11-02T05:55:56.117+0000] {spark_submit.py:634} INFO - at py4j.commands.ConstructorCommand.execute(ConstructorCommand.java:69)
[2024-11-02T05:55:56.117+0000] {spark_submit.py:634} INFO - at py4j.ClientServerConnection.waitForCommands(ClientServerConnection.java:182)
[2024-11-02T05:55:56.118+0000] {spark_submit.py:634} INFO - at py4j.ClientServerConnection.run(ClientServerConnection.java:106)
[2024-11-02T05:55:56.118+0000] {spark_submit.py:634} INFO - at java.base/java.lang.Thread.run(Thread.java:840)
[2024-11-02T05:55:56.175+0000] {spark_submit.py:634} INFO - 24/11/02 05:55:56 INFO StandaloneAppClient$ClientEndpoint: Connecting to master spark://dibimbing-dataeng-spark-master:7077...
[2024-11-02T05:55:56.225+0000] {spark_submit.py:634} INFO - 24/11/02 05:55:56 INFO TransportClientFactory: Successfully created connection to dibimbing-dataeng-spark-master/172.18.0.2:7077 after 26 ms (0 ms spent in bootstraps)
[2024-11-02T05:55:56.338+0000] {spark_submit.py:634} INFO - 24/11/02 05:55:56 INFO StandaloneSchedulerBackend: Connected to Spark cluster with app ID app-20241102055556-0002
[2024-11-02T05:55:56.341+0000] {spark_submit.py:634} INFO - 24/11/02 05:55:56 INFO StandaloneAppClient$ClientEndpoint: Executor added: app-20241102055556-0002/0 on worker-20241102054001-172.18.0.3-35871 (172.18.0.3:35871) with 1 core(s)
[2024-11-02T05:55:56.344+0000] {spark_submit.py:634} INFO - 24/11/02 05:55:56 INFO StandaloneSchedulerBackend: Granted executor ID app-20241102055556-0002/0 on hostPort 172.18.0.3:35871 with 1 core(s), 1024.0 MiB RAM
[2024-11-02T05:55:56.347+0000] {spark_submit.py:634} INFO - 24/11/02 05:55:56 INFO Utils: Successfully started service 'org.apache.spark.network.netty.NettyBlockTransferService' on port 37267.
[2024-11-02T05:55:56.348+0000] {spark_submit.py:634} INFO - 24/11/02 05:55:56 INFO NettyBlockTransferService: Server created on dataeng-airflow-scheduler:37267
[2024-11-02T05:55:56.350+0000] {spark_submit.py:634} INFO - 24/11/02 05:55:56 INFO BlockManager: Using org.apache.spark.storage.RandomBlockReplicationPolicy for block replication policy
[2024-11-02T05:55:56.360+0000] {spark_submit.py:634} INFO - 24/11/02 05:55:56 INFO BlockManagerMaster: Registering BlockManager BlockManagerId(driver, dataeng-airflow-scheduler, 37267, None)
[2024-11-02T05:55:56.364+0000] {spark_submit.py:634} INFO - 24/11/02 05:55:56 INFO BlockManagerMasterEndpoint: Registering block manager dataeng-airflow-scheduler:37267 with 434.4 MiB RAM, BlockManagerId(driver, dataeng-airflow-scheduler, 37267, None)
[2024-11-02T05:55:56.367+0000] {spark_submit.py:634} INFO - 24/11/02 05:55:56 INFO BlockManagerMaster: Registered BlockManager BlockManagerId(driver, dataeng-airflow-scheduler, 37267, None)
[2024-11-02T05:55:56.369+0000] {spark_submit.py:634} INFO - 24/11/02 05:55:56 INFO BlockManager: Initialized BlockManager: BlockManagerId(driver, dataeng-airflow-scheduler, 37267, None)
[2024-11-02T05:55:56.425+0000] {spark_submit.py:634} INFO - 24/11/02 05:55:56 INFO StandaloneAppClient$ClientEndpoint: Executor updated: app-20241102055556-0002/0 is now RUNNING
[2024-11-02T05:55:56.602+0000] {spark_submit.py:634} INFO - 24/11/02 05:55:56 INFO StandaloneSchedulerBackend: SchedulerBackend is ready for scheduling beginning after reached minRegisteredResourcesRatio: 0.0
[2024-11-02T05:55:58.011+0000] {spark_submit.py:634} INFO - Traceback (most recent call last):
[2024-11-02T05:55:58.012+0000] {spark_submit.py:634} INFO - File "/spark-scripts/spark-pg-read-example.py", line 37, in <module>
[2024-11-02T05:55:58.014+0000] {spark_submit.py:634} INFO - retail_df = spark.read.jdbc(
[2024-11-02T05:55:58.014+0000] {spark_submit.py:634} INFO - File "/home/airflow/.local/lib/python3.9/site-packages/pyspark/python/lib/pyspark.zip/pyspark/sql/readwriter.py", line 716, in jdbc
[2024-11-02T05:55:58.015+0000] {spark_submit.py:634} INFO - File "/home/airflow/.local/lib/python3.9/site-packages/pyspark/python/lib/py4j-0.10.9.5-src.zip/py4j/java_gateway.py", line 1321, in __call__
[2024-11-02T05:55:58.015+0000] {spark_submit.py:634} INFO - File "/home/airflow/.local/lib/python3.9/site-packages/pyspark/python/lib/pyspark.zip/pyspark/sql/utils.py", line 190, in deco
[2024-11-02T05:55:58.015+0000] {spark_submit.py:634} INFO - File "/home/airflow/.local/lib/python3.9/site-packages/pyspark/python/lib/py4j-0.10.9.5-src.zip/py4j/protocol.py", line 326, in get_return_value
[2024-11-02T05:55:58.016+0000] {spark_submit.py:634} INFO - py4j.protocol.Py4JJavaError: An error occurred while calling o28.jdbc.
[2024-11-02T05:55:58.016+0000] {spark_submit.py:634} INFO - : org.postgresql.util.PSQLException: FATAL: database "warehouse" does not exist
[2024-11-02T05:55:58.016+0000] {spark_submit.py:634} INFO - at org.postgresql.core.v3.QueryExecutorImpl.receiveErrorResponse(QueryExecutorImpl.java:2553)
[2024-11-02T05:55:58.017+0000] {spark_submit.py:634} INFO - at org.postgresql.core.v3.QueryExecutorImpl.readStartupMessages(QueryExecutorImpl.java:2665)
[2024-11-02T05:55:58.017+0000] {spark_submit.py:634} INFO - at org.postgresql.core.v3.QueryExecutorImpl.<init>(QueryExecutorImpl.java:147)
[2024-11-02T05:55:58.018+0000] {spark_submit.py:634} INFO - at org.postgresql.core.v3.ConnectionFactoryImpl.openConnectionImpl(ConnectionFactoryImpl.java:273)
[2024-11-02T05:55:58.018+0000] {spark_submit.py:634} INFO - at org.postgresql.core.ConnectionFactory.openConnection(ConnectionFactory.java:51)
[2024-11-02T05:55:58.019+0000] {spark_submit.py:634} INFO - at org.postgresql.jdbc.PgConnection.<init>(PgConnection.java:223)
[2024-11-02T05:55:58.019+0000] {spark_submit.py:634} INFO - at org.postgresql.Driver.makeConnection(Driver.java:465)
[2024-11-02T05:55:58.019+0000] {spark_submit.py:634} INFO - at org.postgresql.Driver.connect(Driver.java:264)
[2024-11-02T05:55:58.020+0000] {spark_submit.py:634} INFO - at org.apache.spark.sql.execution.datasources.jdbc.connection.BasicConnectionProvider.getConnection(BasicConnectionProvider.scala:49)
[2024-11-02T05:55:58.020+0000] {spark_submit.py:634} INFO - at org.apache.spark.sql.execution.datasources.jdbc.connection.ConnectionProviderBase.create(ConnectionProvider.scala:102)
[2024-11-02T05:55:58.020+0000] {spark_submit.py:634} INFO - at org.apache.spark.sql.jdbc.JdbcDialect.$anonfun$createConnectionFactory$1(JdbcDialects.scala:122)
[2024-11-02T05:55:58.021+0000] {spark_submit.py:634} INFO - at org.apache.spark.sql.jdbc.JdbcDialect.$anonfun$createConnectionFactory$1$adapted(JdbcDialects.scala:118)
[2024-11-02T05:55:58.021+0000] {spark_submit.py:634} INFO - at org.apache.spark.sql.execution.datasources.jdbc.JDBCRDD$.getQueryOutputSchema(JDBCRDD.scala:63)
[2024-11-02T05:55:58.022+0000] {spark_submit.py:634} INFO - at org.apache.spark.sql.execution.datasources.jdbc.JDBCRDD$.resolveTable(JDBCRDD.scala:58)
[2024-11-02T05:55:58.022+0000] {spark_submit.py:634} INFO - at org.apache.spark.sql.execution.datasources.jdbc.JDBCRelation$.getSchema(JDBCRelation.scala:242)
[2024-11-02T05:55:58.022+0000] {spark_submit.py:634} INFO - at org.apache.spark.sql.execution.datasources.jdbc.JdbcRelationProvider.createRelation(JdbcRelationProvider.scala:37)
[2024-11-02T05:55:58.023+0000] {spark_submit.py:634} INFO - at org.apache.spark.sql.execution.datasources.DataSource.resolveRelation(DataSource.scala:350)
[2024-11-02T05:55:58.023+0000] {spark_submit.py:634} INFO - at org.apache.spark.sql.DataFrameReader.loadV1Source(DataFrameReader.scala:228)
[2024-11-02T05:55:58.024+0000] {spark_submit.py:634} INFO - at org.apache.spark.sql.DataFrameReader.$anonfun$load$2(DataFrameReader.scala:210)
[2024-11-02T05:55:58.024+0000] {spark_submit.py:634} INFO - at scala.Option.getOrElse(Option.scala:189)
[2024-11-02T05:55:58.025+0000] {spark_submit.py:634} INFO - at org.apache.spark.sql.DataFrameReader.load(DataFrameReader.scala:210)
[2024-11-02T05:55:58.025+0000] {spark_submit.py:634} INFO - at org.apache.spark.sql.DataFrameReader.load(DataFrameReader.scala:171)
[2024-11-02T05:55:58.025+0000] {spark_submit.py:634} INFO - at org.apache.spark.sql.DataFrameReader.jdbc(DataFrameReader.scala:248)
[2024-11-02T05:55:58.026+0000] {spark_submit.py:634} INFO - at java.base/jdk.internal.reflect.NativeMethodAccessorImpl.invoke0(Native Method)
[2024-11-02T05:55:58.026+0000] {spark_submit.py:634} INFO - at java.base/jdk.internal.reflect.NativeMethodAccessorImpl.invoke(NativeMethodAccessorImpl.java:77)
[2024-11-02T05:55:58.027+0000] {spark_submit.py:634} INFO - at java.base/jdk.internal.reflect.DelegatingMethodAccessorImpl.invoke(DelegatingMethodAccessorImpl.java:43)
[2024-11-02T05:55:58.027+0000] {spark_submit.py:634} INFO - at java.base/java.lang.reflect.Method.invoke(Method.java:569)
[2024-11-02T05:55:58.027+0000] {spark_submit.py:634} INFO - at py4j.reflection.MethodInvoker.invoke(MethodInvoker.java:244)
[2024-11-02T05:55:58.028+0000] {spark_submit.py:634} INFO - at py4j.reflection.ReflectionEngine.invoke(ReflectionEngine.java:357)
[2024-11-02T05:55:58.028+0000] {spark_submit.py:634} INFO - at py4j.Gateway.invoke(Gateway.java:282)
[2024-11-02T05:55:58.029+0000] {spark_submit.py:634} INFO - at py4j.commands.AbstractCommand.invokeMethod(AbstractCommand.java:132)
[2024-11-02T05:55:58.029+0000] {spark_submit.py:634} INFO - at py4j.commands.CallCommand.execute(CallCommand.java:79)
[2024-11-02T05:55:58.030+0000] {spark_submit.py:634} INFO - at py4j.ClientServerConnection.waitForCommands(ClientServerConnection.java:182)
[2024-11-02T05:55:58.030+0000] {spark_submit.py:634} INFO - at py4j.ClientServerConnection.run(ClientServerConnection.java:106)
[2024-11-02T05:55:58.030+0000] {spark_submit.py:634} INFO - at java.base/java.lang.Thread.run(Thread.java:840)
[2024-11-02T05:55:58.031+0000] {spark_submit.py:634} INFO - 
[2024-11-02T05:55:58.180+0000] {taskinstance.py:2728} ERROR - Task failed with exception
Traceback (most recent call last):
  File "/home/airflow/.local/lib/python3.9/site-packages/airflow/models/taskinstance.py", line 444, in _execute_task
    result = _execute_callable(context=context, **execute_callable_kwargs)
  File "/home/airflow/.local/lib/python3.9/site-packages/airflow/models/taskinstance.py", line 414, in _execute_callable
    return execute_callable(context=context, **execute_callable_kwargs)
  File "/home/airflow/.local/lib/python3.9/site-packages/airflow/providers/apache/spark/operators/spark_submit.py", line 176, in execute
    self._hook.submit(self.application)
  File "/home/airflow/.local/lib/python3.9/site-packages/airflow/providers/apache/spark/hooks/spark_submit.py", line 560, in submit
    raise AirflowException(
airflow.exceptions.AirflowException: Cannot execute: spark-submit --master spark://dataeng-spark-master:7077 --jars /spark-scripts/jars/jars_postgresql-42.2.20.jar --name arrow-spark /spark-scripts/spark-pg-read-example.py. Error code is: 1.
[2024-11-02T05:55:58.185+0000] {taskinstance.py:1149} INFO - Marking task as FAILED. dag_id=spark-pg-read-dag-example, task_id=spark_submit_task, execution_date=20241102T055551, start_date=20241102T055551, end_date=20241102T055558
[2024-11-02T05:55:58.198+0000] {standard_task_runner.py:107} ERROR - Failed to execute job 4 for task spark_submit_task (Cannot execute: spark-submit --master spark://dataeng-spark-master:7077 --jars /spark-scripts/jars/jars_postgresql-42.2.20.jar --name arrow-spark /spark-scripts/spark-pg-read-example.py. Error code is: 1.; 1063)
[2024-11-02T05:55:58.216+0000] {local_task_job_runner.py:234} INFO - Task exited with return code 1
[2024-11-02T05:55:58.229+0000] {taskinstance.py:3309} INFO - 0 downstream tasks scheduled from follow-on schedule check
