[2024-11-02T06:07:13.696+0000] {taskinstance.py:1979} INFO - Dependencies all met for dep_context=non-requeueable deps ti=<TaskInstance: spark-pg-etl-dag-example.spark_submit_task manual__2024-11-02T06:07:12.777074+00:00 [queued]>
[2024-11-02T06:07:13.707+0000] {taskinstance.py:1979} INFO - Dependencies all met for dep_context=requeueable deps ti=<TaskInstance: spark-pg-etl-dag-example.spark_submit_task manual__2024-11-02T06:07:12.777074+00:00 [queued]>
[2024-11-02T06:07:13.708+0000] {taskinstance.py:2193} INFO - Starting attempt 1 of 1
[2024-11-02T06:07:13.727+0000] {taskinstance.py:2214} INFO - Executing <Task(SparkSubmitOperator): spark_submit_task> on 2024-11-02 06:07:12.777074+00:00
[2024-11-02T06:07:13.733+0000] {standard_task_runner.py:60} INFO - Started process 2203 to run task
[2024-11-02T06:07:13.737+0000] {standard_task_runner.py:87} INFO - Running: ['airflow', 'tasks', 'run', 'spark-pg-etl-dag-example', 'spark_submit_task', 'manual__2024-11-02T06:07:12.777074+00:00', '--job-id', '8', '--raw', '--subdir', 'DAGS_FOLDER/spark-pg-etl-dag-example.py', '--cfg-path', '/tmp/tmp6dsm_jme']
[2024-11-02T06:07:13.740+0000] {standard_task_runner.py:88} INFO - Job 8: Subtask spark_submit_task
[2024-11-02T06:07:13.759+0000] {logging_mixin.py:188} WARNING - /home/airflow/.local/lib/python3.9/site-packages/airflow/settings.py:194 DeprecationWarning: The sql_alchemy_conn option in [core] has been moved to the sql_alchemy_conn option in [database] - the old setting has been used, but please update your config.
[2024-11-02T06:07:13.799+0000] {task_command.py:423} INFO - Running <TaskInstance: spark-pg-etl-dag-example.spark_submit_task manual__2024-11-02T06:07:12.777074+00:00 [running]> on host dataeng-airflow-scheduler
[2024-11-02T06:07:13.878+0000] {taskinstance.py:2510} INFO - Exporting env vars: AIRFLOW_CTX_DAG_OWNER='dibimbing' AIRFLOW_CTX_DAG_ID='spark-pg-etl-dag-example' AIRFLOW_CTX_TASK_ID='spark_submit_task' AIRFLOW_CTX_EXECUTION_DATE='2024-11-02T06:07:12.777074+00:00' AIRFLOW_CTX_TRY_NUMBER='1' AIRFLOW_CTX_DAG_RUN_ID='manual__2024-11-02T06:07:12.777074+00:00'
[2024-11-02T06:07:13.885+0000] {base.py:83} INFO - Using connection ID 'spark_main' for task execution.
[2024-11-02T06:07:13.887+0000] {spark_submit.py:473} INFO - Spark-Submit cmd: spark-submit --master spark://dataeng-spark-master:7077 --jars /spark-scripts/jars/jars_postgresql-42.2.20.jar --name arrow-spark /spark-scripts/spark-pg-etl-example.py
[2024-11-02T06:07:15.325+0000] {spark_submit.py:634} INFO - 24/11/02 06:07:15 WARN NativeCodeLoader: Unable to load native-hadoop library for your platform... using builtin-java classes where applicable
[2024-11-02T06:07:16.071+0000] {spark_submit.py:634} INFO - 24/11/02 06:07:16 INFO SparkContext: Running Spark version 3.3.2
[2024-11-02T06:07:16.093+0000] {spark_submit.py:634} INFO - 24/11/02 06:07:16 INFO ResourceUtils: ==============================================================
[2024-11-02T06:07:16.093+0000] {spark_submit.py:634} INFO - 24/11/02 06:07:16 INFO ResourceUtils: No custom resources configured for spark.driver.
[2024-11-02T06:07:16.094+0000] {spark_submit.py:634} INFO - 24/11/02 06:07:16 INFO ResourceUtils: ==============================================================
[2024-11-02T06:07:16.094+0000] {spark_submit.py:634} INFO - 24/11/02 06:07:16 INFO SparkContext: Submitted application: Dibimbing
[2024-11-02T06:07:16.109+0000] {spark_submit.py:634} INFO - 24/11/02 06:07:16 INFO ResourceProfile: Default ResourceProfile created, executor resources: Map(cores -> name: cores, amount: 1, script: , vendor: , memory -> name: memory, amount: 1024, script: , vendor: , offHeap -> name: offHeap, amount: 0, script: , vendor: ), task resources: Map(cpus -> name: cpus, amount: 1.0)
[2024-11-02T06:07:16.116+0000] {spark_submit.py:634} INFO - 24/11/02 06:07:16 INFO ResourceProfile: Limiting resource is cpu
[2024-11-02T06:07:16.116+0000] {spark_submit.py:634} INFO - 24/11/02 06:07:16 INFO ResourceProfileManager: Added ResourceProfile id: 0
[2024-11-02T06:07:16.149+0000] {spark_submit.py:634} INFO - 24/11/02 06:07:16 INFO SecurityManager: Changing view acls to: airflow
[2024-11-02T06:07:16.150+0000] {spark_submit.py:634} INFO - 24/11/02 06:07:16 INFO SecurityManager: Changing modify acls to: airflow
[2024-11-02T06:07:16.151+0000] {spark_submit.py:634} INFO - 24/11/02 06:07:16 INFO SecurityManager: Changing view acls groups to:
[2024-11-02T06:07:16.151+0000] {spark_submit.py:634} INFO - 24/11/02 06:07:16 INFO SecurityManager: Changing modify acls groups to:
[2024-11-02T06:07:16.151+0000] {spark_submit.py:634} INFO - 24/11/02 06:07:16 INFO SecurityManager: SecurityManager: authentication disabled; ui acls disabled; users  with view permissions: Set(airflow); groups with view permissions: Set(); users  with modify permissions: Set(airflow); groups with modify permissions: Set()
[2024-11-02T06:07:16.356+0000] {spark_submit.py:634} INFO - 24/11/02 06:07:16 INFO Utils: Successfully started service 'sparkDriver' on port 45049.
[2024-11-02T06:07:16.381+0000] {spark_submit.py:634} INFO - 24/11/02 06:07:16 INFO SparkEnv: Registering MapOutputTracker
[2024-11-02T06:07:16.411+0000] {spark_submit.py:634} INFO - 24/11/02 06:07:16 INFO SparkEnv: Registering BlockManagerMaster
[2024-11-02T06:07:16.425+0000] {spark_submit.py:634} INFO - 24/11/02 06:07:16 INFO BlockManagerMasterEndpoint: Using org.apache.spark.storage.DefaultTopologyMapper for getting topology information
[2024-11-02T06:07:16.426+0000] {spark_submit.py:634} INFO - 24/11/02 06:07:16 INFO BlockManagerMasterEndpoint: BlockManagerMasterEndpoint up
[2024-11-02T06:07:16.429+0000] {spark_submit.py:634} INFO - 24/11/02 06:07:16 INFO SparkEnv: Registering BlockManagerMasterHeartbeat
[2024-11-02T06:07:16.448+0000] {spark_submit.py:634} INFO - 24/11/02 06:07:16 INFO DiskBlockManager: Created local directory at /tmp/blockmgr-dda39de1-995f-44e4-ac86-822a482e9625
[2024-11-02T06:07:16.461+0000] {spark_submit.py:634} INFO - 24/11/02 06:07:16 INFO MemoryStore: MemoryStore started with capacity 434.4 MiB
[2024-11-02T06:07:16.483+0000] {spark_submit.py:634} INFO - 24/11/02 06:07:16 INFO SparkEnv: Registering OutputCommitCoordinator
[2024-11-02T06:07:16.639+0000] {spark_submit.py:634} INFO - 24/11/02 06:07:16 INFO Utils: Successfully started service 'SparkUI' on port 4040.
[2024-11-02T06:07:16.674+0000] {spark_submit.py:634} INFO - 24/11/02 06:07:16 ERROR SparkContext: Failed to add /opt/bitnami/spark/jars/postgresql-42.2.18.jar to Spark environment
[2024-11-02T06:07:16.675+0000] {spark_submit.py:634} INFO - java.io.FileNotFoundException: Jar /opt/bitnami/spark/jars/postgresql-42.2.18.jar not found
[2024-11-02T06:07:16.676+0000] {spark_submit.py:634} INFO - at org.apache.spark.SparkContext.addLocalJarFile$1(SparkContext.scala:1959)
[2024-11-02T06:07:16.676+0000] {spark_submit.py:634} INFO - at org.apache.spark.SparkContext.addJar(SparkContext.scala:2014)
[2024-11-02T06:07:16.677+0000] {spark_submit.py:634} INFO - at org.apache.spark.SparkContext.$anonfun$new$12(SparkContext.scala:507)
[2024-11-02T06:07:16.678+0000] {spark_submit.py:634} INFO - at org.apache.spark.SparkContext.$anonfun$new$12$adapted(SparkContext.scala:507)
[2024-11-02T06:07:16.678+0000] {spark_submit.py:634} INFO - at scala.collection.mutable.ResizableArray.foreach(ResizableArray.scala:62)
[2024-11-02T06:07:16.678+0000] {spark_submit.py:634} INFO - at scala.collection.mutable.ResizableArray.foreach$(ResizableArray.scala:55)
[2024-11-02T06:07:16.678+0000] {spark_submit.py:634} INFO - at scala.collection.mutable.ArrayBuffer.foreach(ArrayBuffer.scala:49)
[2024-11-02T06:07:16.679+0000] {spark_submit.py:634} INFO - at org.apache.spark.SparkContext.<init>(SparkContext.scala:507)
[2024-11-02T06:07:16.679+0000] {spark_submit.py:634} INFO - at org.apache.spark.api.java.JavaSparkContext.<init>(JavaSparkContext.scala:58)
[2024-11-02T06:07:16.679+0000] {spark_submit.py:634} INFO - at java.base/jdk.internal.reflect.NativeConstructorAccessorImpl.newInstance0(Native Method)
[2024-11-02T06:07:16.679+0000] {spark_submit.py:634} INFO - at java.base/jdk.internal.reflect.NativeConstructorAccessorImpl.newInstance(NativeConstructorAccessorImpl.java:77)
[2024-11-02T06:07:16.680+0000] {spark_submit.py:634} INFO - at java.base/jdk.internal.reflect.DelegatingConstructorAccessorImpl.newInstance(DelegatingConstructorAccessorImpl.java:45)
[2024-11-02T06:07:16.680+0000] {spark_submit.py:634} INFO - at java.base/java.lang.reflect.Constructor.newInstanceWithCaller(Constructor.java:500)
[2024-11-02T06:07:16.680+0000] {spark_submit.py:634} INFO - at java.base/java.lang.reflect.Constructor.newInstance(Constructor.java:481)
[2024-11-02T06:07:16.681+0000] {spark_submit.py:634} INFO - at py4j.reflection.MethodInvoker.invoke(MethodInvoker.java:247)
[2024-11-02T06:07:16.681+0000] {spark_submit.py:634} INFO - at py4j.reflection.ReflectionEngine.invoke(ReflectionEngine.java:357)
[2024-11-02T06:07:16.682+0000] {spark_submit.py:634} INFO - at py4j.Gateway.invoke(Gateway.java:238)
[2024-11-02T06:07:16.682+0000] {spark_submit.py:634} INFO - at py4j.commands.ConstructorCommand.invokeConstructor(ConstructorCommand.java:80)
[2024-11-02T06:07:16.682+0000] {spark_submit.py:634} INFO - at py4j.commands.ConstructorCommand.execute(ConstructorCommand.java:69)
[2024-11-02T06:07:16.683+0000] {spark_submit.py:634} INFO - at py4j.ClientServerConnection.waitForCommands(ClientServerConnection.java:182)
[2024-11-02T06:07:16.683+0000] {spark_submit.py:634} INFO - at py4j.ClientServerConnection.run(ClientServerConnection.java:106)
[2024-11-02T06:07:16.683+0000] {spark_submit.py:634} INFO - at java.base/java.lang.Thread.run(Thread.java:840)
[2024-11-02T06:07:16.735+0000] {spark_submit.py:634} INFO - 24/11/02 06:07:16 INFO StandaloneAppClient$ClientEndpoint: Connecting to master spark://dibimbing-dataeng-spark-master:7077...
[2024-11-02T06:07:16.770+0000] {spark_submit.py:634} INFO - 24/11/02 06:07:16 INFO TransportClientFactory: Successfully created connection to dibimbing-dataeng-spark-master/172.18.0.2:7077 after 20 ms (0 ms spent in bootstraps)
[2024-11-02T06:07:16.840+0000] {spark_submit.py:634} INFO - 24/11/02 06:07:16 INFO StandaloneSchedulerBackend: Connected to Spark cluster with app ID app-20241102060716-0006
[2024-11-02T06:07:16.842+0000] {spark_submit.py:634} INFO - 24/11/02 06:07:16 INFO StandaloneAppClient$ClientEndpoint: Executor added: app-20241102060716-0006/0 on worker-20241102054001-172.18.0.3-35871 (172.18.0.3:35871) with 1 core(s)
[2024-11-02T06:07:16.844+0000] {spark_submit.py:634} INFO - 24/11/02 06:07:16 INFO StandaloneSchedulerBackend: Granted executor ID app-20241102060716-0006/0 on hostPort 172.18.0.3:35871 with 1 core(s), 1024.0 MiB RAM
[2024-11-02T06:07:16.845+0000] {spark_submit.py:634} INFO - 24/11/02 06:07:16 INFO Utils: Successfully started service 'org.apache.spark.network.netty.NettyBlockTransferService' on port 33171.
[2024-11-02T06:07:16.846+0000] {spark_submit.py:634} INFO - 24/11/02 06:07:16 INFO NettyBlockTransferService: Server created on dataeng-airflow-scheduler:33171
[2024-11-02T06:07:16.847+0000] {spark_submit.py:634} INFO - 24/11/02 06:07:16 INFO BlockManager: Using org.apache.spark.storage.RandomBlockReplicationPolicy for block replication policy
[2024-11-02T06:07:16.851+0000] {spark_submit.py:634} INFO - 24/11/02 06:07:16 INFO BlockManagerMaster: Registering BlockManager BlockManagerId(driver, dataeng-airflow-scheduler, 33171, None)
[2024-11-02T06:07:16.854+0000] {spark_submit.py:634} INFO - 24/11/02 06:07:16 INFO BlockManagerMasterEndpoint: Registering block manager dataeng-airflow-scheduler:33171 with 434.4 MiB RAM, BlockManagerId(driver, dataeng-airflow-scheduler, 33171, None)
[2024-11-02T06:07:16.856+0000] {spark_submit.py:634} INFO - 24/11/02 06:07:16 INFO BlockManagerMaster: Registered BlockManager BlockManagerId(driver, dataeng-airflow-scheduler, 33171, None)
[2024-11-02T06:07:16.857+0000] {spark_submit.py:634} INFO - 24/11/02 06:07:16 INFO BlockManager: Initialized BlockManager: BlockManagerId(driver, dataeng-airflow-scheduler, 33171, None)
[2024-11-02T06:07:16.890+0000] {spark_submit.py:634} INFO - 24/11/02 06:07:16 INFO StandaloneAppClient$ClientEndpoint: Executor updated: app-20241102060716-0006/0 is now RUNNING
[2024-11-02T06:07:17.007+0000] {spark_submit.py:634} INFO - 24/11/02 06:07:17 INFO StandaloneSchedulerBackend: SchedulerBackend is ready for scheduling beginning after reached minRegisteredResourcesRatio: 0.0
[2024-11-02T06:07:23.036+0000] {spark_submit.py:634} INFO - +---------------------+-----------------------------+
[2024-11-02T06:07:23.037+0000] {spark_submit.py:634} INFO - |product_category_name|product_category_name_english|
[2024-11-02T06:07:23.037+0000] {spark_submit.py:634} INFO - +---------------------+-----------------------------+
[2024-11-02T06:07:23.038+0000] {spark_submit.py:634} INFO - |         beleza_saude|                health_beauty|
[2024-11-02T06:07:23.038+0000] {spark_submit.py:634} INFO - | informatica_acess...|         computers_accesso...|
[2024-11-02T06:07:23.039+0000] {spark_submit.py:634} INFO - |           automotivo|                         auto|
[2024-11-02T06:07:23.039+0000] {spark_submit.py:634} INFO - |      cama_mesa_banho|               bed_bath_table|
[2024-11-02T06:07:23.039+0000] {spark_submit.py:634} INFO - |     moveis_decoracao|              furniture_decor|
[2024-11-02T06:07:23.040+0000] {spark_submit.py:634} INFO - +---------------------+-----------------------------+
[2024-11-02T06:07:23.040+0000] {spark_submit.py:634} INFO - only showing top 5 rows
[2024-11-02T06:07:23.040+0000] {spark_submit.py:634} INFO - 
[2024-11-02T06:07:23.159+0000] {taskinstance.py:1149} INFO - Marking task as SUCCESS. dag_id=spark-pg-etl-dag-example, task_id=spark_submit_task, execution_date=20241102T060712, start_date=20241102T060713, end_date=20241102T060723
[2024-11-02T06:07:23.192+0000] {local_task_job_runner.py:234} INFO - Task exited with return code 0
[2024-11-02T06:07:23.205+0000] {taskinstance.py:3309} INFO - 0 downstream tasks scheduled from follow-on schedule check
