[2024-11-02T06:01:59.338+0000] {taskinstance.py:1979} INFO - Dependencies all met for dep_context=non-requeueable deps ti=<TaskInstance: spark-pg-read-dag-example.spark_submit_task manual__2024-11-02T06:01:58.710863+00:00 [queued]>
[2024-11-02T06:01:59.347+0000] {taskinstance.py:1979} INFO - Dependencies all met for dep_context=requeueable deps ti=<TaskInstance: spark-pg-read-dag-example.spark_submit_task manual__2024-11-02T06:01:58.710863+00:00 [queued]>
[2024-11-02T06:01:59.348+0000] {taskinstance.py:2193} INFO - Starting attempt 1 of 1
[2024-11-02T06:01:59.363+0000] {taskinstance.py:2214} INFO - Executing <Task(SparkSubmitOperator): spark_submit_task> on 2024-11-02 06:01:58.710863+00:00
[2024-11-02T06:01:59.383+0000] {standard_task_runner.py:60} INFO - Started process 1435 to run task
[2024-11-02T06:01:59.386+0000] {standard_task_runner.py:87} INFO - Running: ['airflow', 'tasks', 'run', 'spark-pg-read-dag-example', 'spark_submit_task', 'manual__2024-11-02T06:01:58.710863+00:00', '--job-id', '5', '--raw', '--subdir', 'DAGS_FOLDER/spark-pg-read-dag-example.py', '--cfg-path', '/tmp/tmpvsjyrz0s']
[2024-11-02T06:01:59.389+0000] {standard_task_runner.py:88} INFO - Job 5: Subtask spark_submit_task
[2024-11-02T06:01:59.406+0000] {logging_mixin.py:188} WARNING - /home/airflow/.local/lib/python3.9/site-packages/airflow/settings.py:194 DeprecationWarning: The sql_alchemy_conn option in [core] has been moved to the sql_alchemy_conn option in [database] - the old setting has been used, but please update your config.
[2024-11-02T06:01:59.441+0000] {task_command.py:423} INFO - Running <TaskInstance: spark-pg-read-dag-example.spark_submit_task manual__2024-11-02T06:01:58.710863+00:00 [running]> on host dataeng-airflow-scheduler
[2024-11-02T06:01:59.510+0000] {taskinstance.py:2510} INFO - Exporting env vars: AIRFLOW_CTX_DAG_OWNER='dibimbing' AIRFLOW_CTX_DAG_ID='spark-pg-read-dag-example' AIRFLOW_CTX_TASK_ID='spark_submit_task' AIRFLOW_CTX_EXECUTION_DATE='2024-11-02T06:01:58.710863+00:00' AIRFLOW_CTX_TRY_NUMBER='1' AIRFLOW_CTX_DAG_RUN_ID='manual__2024-11-02T06:01:58.710863+00:00'
[2024-11-02T06:01:59.517+0000] {base.py:83} INFO - Using connection ID 'spark_main' for task execution.
[2024-11-02T06:01:59.518+0000] {spark_submit.py:473} INFO - Spark-Submit cmd: spark-submit --master spark://dataeng-spark-master:7077 --jars /spark-scripts/jars/jars_postgresql-42.2.20.jar --name arrow-spark /spark-scripts/spark-pg-read-example.py
[2024-11-02T06:02:01.857+0000] {spark_submit.py:634} INFO - 24/11/02 06:02:01 WARN NativeCodeLoader: Unable to load native-hadoop library for your platform... using builtin-java classes where applicable
[2024-11-02T06:02:02.866+0000] {spark_submit.py:634} INFO - 24/11/02 06:02:02 INFO SparkContext: Running Spark version 3.3.2
[2024-11-02T06:02:02.890+0000] {spark_submit.py:634} INFO - 24/11/02 06:02:02 INFO ResourceUtils: ==============================================================
[2024-11-02T06:02:02.891+0000] {spark_submit.py:634} INFO - 24/11/02 06:02:02 INFO ResourceUtils: No custom resources configured for spark.driver.
[2024-11-02T06:02:02.891+0000] {spark_submit.py:634} INFO - 24/11/02 06:02:02 INFO ResourceUtils: ==============================================================
[2024-11-02T06:02:02.891+0000] {spark_submit.py:634} INFO - 24/11/02 06:02:02 INFO SparkContext: Submitted application: Dibimbing
[2024-11-02T06:02:02.913+0000] {spark_submit.py:634} INFO - 24/11/02 06:02:02 INFO ResourceProfile: Default ResourceProfile created, executor resources: Map(cores -> name: cores, amount: 1, script: , vendor: , memory -> name: memory, amount: 1024, script: , vendor: , offHeap -> name: offHeap, amount: 0, script: , vendor: ), task resources: Map(cpus -> name: cpus, amount: 1.0)
[2024-11-02T06:02:02.920+0000] {spark_submit.py:634} INFO - 24/11/02 06:02:02 INFO ResourceProfile: Limiting resource is cpu
[2024-11-02T06:02:02.921+0000] {spark_submit.py:634} INFO - 24/11/02 06:02:02 INFO ResourceProfileManager: Added ResourceProfile id: 0
[2024-11-02T06:02:02.973+0000] {spark_submit.py:634} INFO - 24/11/02 06:02:02 INFO SecurityManager: Changing view acls to: airflow
[2024-11-02T06:02:02.973+0000] {spark_submit.py:634} INFO - 24/11/02 06:02:02 INFO SecurityManager: Changing modify acls to: airflow
[2024-11-02T06:02:02.974+0000] {spark_submit.py:634} INFO - 24/11/02 06:02:02 INFO SecurityManager: Changing view acls groups to:
[2024-11-02T06:02:02.974+0000] {spark_submit.py:634} INFO - 24/11/02 06:02:02 INFO SecurityManager: Changing modify acls groups to:
[2024-11-02T06:02:02.974+0000] {spark_submit.py:634} INFO - 24/11/02 06:02:02 INFO SecurityManager: SecurityManager: authentication disabled; ui acls disabled; users  with view permissions: Set(airflow); groups with view permissions: Set(); users  with modify permissions: Set(airflow); groups with modify permissions: Set()
[2024-11-02T06:02:03.229+0000] {spark_submit.py:634} INFO - 24/11/02 06:02:03 INFO Utils: Successfully started service 'sparkDriver' on port 43581.
[2024-11-02T06:02:03.268+0000] {spark_submit.py:634} INFO - 24/11/02 06:02:03 INFO SparkEnv: Registering MapOutputTracker
[2024-11-02T06:02:03.303+0000] {spark_submit.py:634} INFO - 24/11/02 06:02:03 INFO SparkEnv: Registering BlockManagerMaster
[2024-11-02T06:02:03.323+0000] {spark_submit.py:634} INFO - 24/11/02 06:02:03 INFO BlockManagerMasterEndpoint: Using org.apache.spark.storage.DefaultTopologyMapper for getting topology information
[2024-11-02T06:02:03.324+0000] {spark_submit.py:634} INFO - 24/11/02 06:02:03 INFO BlockManagerMasterEndpoint: BlockManagerMasterEndpoint up
[2024-11-02T06:02:03.328+0000] {spark_submit.py:634} INFO - 24/11/02 06:02:03 INFO SparkEnv: Registering BlockManagerMasterHeartbeat
[2024-11-02T06:02:03.366+0000] {spark_submit.py:634} INFO - 24/11/02 06:02:03 INFO DiskBlockManager: Created local directory at /tmp/blockmgr-64050fac-2135-4b6d-b6c2-dd19c8d7bec5
[2024-11-02T06:02:03.380+0000] {spark_submit.py:634} INFO - 24/11/02 06:02:03 INFO MemoryStore: MemoryStore started with capacity 434.4 MiB
[2024-11-02T06:02:03.394+0000] {spark_submit.py:634} INFO - 24/11/02 06:02:03 INFO SparkEnv: Registering OutputCommitCoordinator
[2024-11-02T06:02:03.597+0000] {spark_submit.py:634} INFO - 24/11/02 06:02:03 INFO Utils: Successfully started service 'SparkUI' on port 4040.
[2024-11-02T06:02:03.630+0000] {spark_submit.py:634} INFO - 24/11/02 06:02:03 ERROR SparkContext: Failed to add /opt/bitnami/spark/jars/postgresql-42.2.18.jar to Spark environment
[2024-11-02T06:02:03.631+0000] {spark_submit.py:634} INFO - java.io.FileNotFoundException: Jar /opt/bitnami/spark/jars/postgresql-42.2.18.jar not found
[2024-11-02T06:02:03.632+0000] {spark_submit.py:634} INFO - at org.apache.spark.SparkContext.addLocalJarFile$1(SparkContext.scala:1959)
[2024-11-02T06:02:03.632+0000] {spark_submit.py:634} INFO - at org.apache.spark.SparkContext.addJar(SparkContext.scala:2014)
[2024-11-02T06:02:03.633+0000] {spark_submit.py:634} INFO - at org.apache.spark.SparkContext.$anonfun$new$12(SparkContext.scala:507)
[2024-11-02T06:02:03.633+0000] {spark_submit.py:634} INFO - at org.apache.spark.SparkContext.$anonfun$new$12$adapted(SparkContext.scala:507)
[2024-11-02T06:02:03.633+0000] {spark_submit.py:634} INFO - at scala.collection.mutable.ResizableArray.foreach(ResizableArray.scala:62)
[2024-11-02T06:02:03.634+0000] {spark_submit.py:634} INFO - at scala.collection.mutable.ResizableArray.foreach$(ResizableArray.scala:55)
[2024-11-02T06:02:03.634+0000] {spark_submit.py:634} INFO - at scala.collection.mutable.ArrayBuffer.foreach(ArrayBuffer.scala:49)
[2024-11-02T06:02:03.635+0000] {spark_submit.py:634} INFO - at org.apache.spark.SparkContext.<init>(SparkContext.scala:507)
[2024-11-02T06:02:03.635+0000] {spark_submit.py:634} INFO - at org.apache.spark.api.java.JavaSparkContext.<init>(JavaSparkContext.scala:58)
[2024-11-02T06:02:03.635+0000] {spark_submit.py:634} INFO - at java.base/jdk.internal.reflect.NativeConstructorAccessorImpl.newInstance0(Native Method)
[2024-11-02T06:02:03.635+0000] {spark_submit.py:634} INFO - at java.base/jdk.internal.reflect.NativeConstructorAccessorImpl.newInstance(NativeConstructorAccessorImpl.java:77)
[2024-11-02T06:02:03.636+0000] {spark_submit.py:634} INFO - at java.base/jdk.internal.reflect.DelegatingConstructorAccessorImpl.newInstance(DelegatingConstructorAccessorImpl.java:45)
[2024-11-02T06:02:03.636+0000] {spark_submit.py:634} INFO - at java.base/java.lang.reflect.Constructor.newInstanceWithCaller(Constructor.java:500)
[2024-11-02T06:02:03.636+0000] {spark_submit.py:634} INFO - at java.base/java.lang.reflect.Constructor.newInstance(Constructor.java:481)
[2024-11-02T06:02:03.637+0000] {spark_submit.py:634} INFO - at py4j.reflection.MethodInvoker.invoke(MethodInvoker.java:247)
[2024-11-02T06:02:03.637+0000] {spark_submit.py:634} INFO - at py4j.reflection.ReflectionEngine.invoke(ReflectionEngine.java:357)
[2024-11-02T06:02:03.637+0000] {spark_submit.py:634} INFO - at py4j.Gateway.invoke(Gateway.java:238)
[2024-11-02T06:02:03.638+0000] {spark_submit.py:634} INFO - at py4j.commands.ConstructorCommand.invokeConstructor(ConstructorCommand.java:80)
[2024-11-02T06:02:03.638+0000] {spark_submit.py:634} INFO - at py4j.commands.ConstructorCommand.execute(ConstructorCommand.java:69)
[2024-11-02T06:02:03.638+0000] {spark_submit.py:634} INFO - at py4j.ClientServerConnection.waitForCommands(ClientServerConnection.java:182)
[2024-11-02T06:02:03.639+0000] {spark_submit.py:634} INFO - at py4j.ClientServerConnection.run(ClientServerConnection.java:106)
[2024-11-02T06:02:03.639+0000] {spark_submit.py:634} INFO - at java.base/java.lang.Thread.run(Thread.java:840)
[2024-11-02T06:02:03.706+0000] {spark_submit.py:634} INFO - 24/11/02 06:02:03 INFO StandaloneAppClient$ClientEndpoint: Connecting to master spark://dibimbing-dataeng-spark-master:7077...
[2024-11-02T06:02:03.744+0000] {spark_submit.py:634} INFO - 24/11/02 06:02:03 INFO TransportClientFactory: Successfully created connection to dibimbing-dataeng-spark-master/172.18.0.2:7077 after 22 ms (0 ms spent in bootstraps)
[2024-11-02T06:02:03.819+0000] {spark_submit.py:634} INFO - 24/11/02 06:02:03 INFO StandaloneSchedulerBackend: Connected to Spark cluster with app ID app-20241102060203-0003
[2024-11-02T06:02:03.822+0000] {spark_submit.py:634} INFO - 24/11/02 06:02:03 INFO StandaloneAppClient$ClientEndpoint: Executor added: app-20241102060203-0003/0 on worker-20241102054001-172.18.0.3-35871 (172.18.0.3:35871) with 1 core(s)
[2024-11-02T06:02:03.823+0000] {spark_submit.py:634} INFO - 24/11/02 06:02:03 INFO StandaloneSchedulerBackend: Granted executor ID app-20241102060203-0003/0 on hostPort 172.18.0.3:35871 with 1 core(s), 1024.0 MiB RAM
[2024-11-02T06:02:03.827+0000] {spark_submit.py:634} INFO - 24/11/02 06:02:03 INFO Utils: Successfully started service 'org.apache.spark.network.netty.NettyBlockTransferService' on port 37257.
[2024-11-02T06:02:03.828+0000] {spark_submit.py:634} INFO - 24/11/02 06:02:03 INFO NettyBlockTransferService: Server created on dataeng-airflow-scheduler:37257
[2024-11-02T06:02:03.829+0000] {spark_submit.py:634} INFO - 24/11/02 06:02:03 INFO BlockManager: Using org.apache.spark.storage.RandomBlockReplicationPolicy for block replication policy
[2024-11-02T06:02:03.835+0000] {spark_submit.py:634} INFO - 24/11/02 06:02:03 INFO BlockManagerMaster: Registering BlockManager BlockManagerId(driver, dataeng-airflow-scheduler, 37257, None)
[2024-11-02T06:02:03.838+0000] {spark_submit.py:634} INFO - 24/11/02 06:02:03 INFO BlockManagerMasterEndpoint: Registering block manager dataeng-airflow-scheduler:37257 with 434.4 MiB RAM, BlockManagerId(driver, dataeng-airflow-scheduler, 37257, None)
[2024-11-02T06:02:03.840+0000] {spark_submit.py:634} INFO - 24/11/02 06:02:03 INFO BlockManagerMaster: Registered BlockManager BlockManagerId(driver, dataeng-airflow-scheduler, 37257, None)
[2024-11-02T06:02:03.842+0000] {spark_submit.py:634} INFO - 24/11/02 06:02:03 INFO BlockManager: Initialized BlockManager: BlockManagerId(driver, dataeng-airflow-scheduler, 37257, None)
[2024-11-02T06:02:03.879+0000] {spark_submit.py:634} INFO - 24/11/02 06:02:03 INFO StandaloneAppClient$ClientEndpoint: Executor updated: app-20241102060203-0003/0 is now RUNNING
[2024-11-02T06:02:04.040+0000] {spark_submit.py:634} INFO - 24/11/02 06:02:04 INFO StandaloneSchedulerBackend: SchedulerBackend is ready for scheduling beginning after reached minRegisteredResourcesRatio: 0.0
[2024-11-02T06:02:05.345+0000] {spark_submit.py:634} INFO - Traceback (most recent call last):
[2024-11-02T06:02:05.345+0000] {spark_submit.py:634} INFO - File "/spark-scripts/spark-pg-read-example.py", line 37, in <module>
[2024-11-02T06:02:05.347+0000] {spark_submit.py:634} INFO - retail_df = spark.read.jdbc(
[2024-11-02T06:02:05.347+0000] {spark_submit.py:634} INFO - File "/home/airflow/.local/lib/python3.9/site-packages/pyspark/python/lib/pyspark.zip/pyspark/sql/readwriter.py", line 716, in jdbc
[2024-11-02T06:02:05.348+0000] {spark_submit.py:634} INFO - File "/home/airflow/.local/lib/python3.9/site-packages/pyspark/python/lib/py4j-0.10.9.5-src.zip/py4j/java_gateway.py", line 1321, in __call__
[2024-11-02T06:02:05.348+0000] {spark_submit.py:634} INFO - File "/home/airflow/.local/lib/python3.9/site-packages/pyspark/python/lib/pyspark.zip/pyspark/sql/utils.py", line 190, in deco
[2024-11-02T06:02:05.349+0000] {spark_submit.py:634} INFO - File "/home/airflow/.local/lib/python3.9/site-packages/pyspark/python/lib/py4j-0.10.9.5-src.zip/py4j/protocol.py", line 326, in get_return_value
[2024-11-02T06:02:05.349+0000] {spark_submit.py:634} INFO - py4j.protocol.Py4JJavaError: An error occurred while calling o28.jdbc.
[2024-11-02T06:02:05.349+0000] {spark_submit.py:634} INFO - : org.postgresql.util.PSQLException: ERROR: relation "public.sample_retail" does not exist
[2024-11-02T06:02:05.350+0000] {spark_submit.py:634} INFO - Position: 15
[2024-11-02T06:02:05.350+0000] {spark_submit.py:634} INFO - at org.postgresql.core.v3.QueryExecutorImpl.receiveErrorResponse(QueryExecutorImpl.java:2553)
[2024-11-02T06:02:05.350+0000] {spark_submit.py:634} INFO - at org.postgresql.core.v3.QueryExecutorImpl.processResults(QueryExecutorImpl.java:2285)
[2024-11-02T06:02:05.351+0000] {spark_submit.py:634} INFO - at org.postgresql.core.v3.QueryExecutorImpl.execute(QueryExecutorImpl.java:323)
[2024-11-02T06:02:05.351+0000] {spark_submit.py:634} INFO - at org.postgresql.jdbc.PgStatement.executeInternal(PgStatement.java:481)
[2024-11-02T06:02:05.351+0000] {spark_submit.py:634} INFO - at org.postgresql.jdbc.PgStatement.execute(PgStatement.java:401)
[2024-11-02T06:02:05.352+0000] {spark_submit.py:634} INFO - at org.postgresql.jdbc.PgPreparedStatement.executeWithFlags(PgPreparedStatement.java:164)
[2024-11-02T06:02:05.352+0000] {spark_submit.py:634} INFO - at org.postgresql.jdbc.PgPreparedStatement.executeQuery(PgPreparedStatement.java:114)
[2024-11-02T06:02:05.352+0000] {spark_submit.py:634} INFO - at org.apache.spark.sql.execution.datasources.jdbc.JDBCRDD$.getQueryOutputSchema(JDBCRDD.scala:68)
[2024-11-02T06:02:05.352+0000] {spark_submit.py:634} INFO - at org.apache.spark.sql.execution.datasources.jdbc.JDBCRDD$.resolveTable(JDBCRDD.scala:58)
[2024-11-02T06:02:05.353+0000] {spark_submit.py:634} INFO - at org.apache.spark.sql.execution.datasources.jdbc.JDBCRelation$.getSchema(JDBCRelation.scala:242)
[2024-11-02T06:02:05.353+0000] {spark_submit.py:634} INFO - at org.apache.spark.sql.execution.datasources.jdbc.JdbcRelationProvider.createRelation(JdbcRelationProvider.scala:37)
[2024-11-02T06:02:05.353+0000] {spark_submit.py:634} INFO - at org.apache.spark.sql.execution.datasources.DataSource.resolveRelation(DataSource.scala:350)
[2024-11-02T06:02:05.354+0000] {spark_submit.py:634} INFO - at org.apache.spark.sql.DataFrameReader.loadV1Source(DataFrameReader.scala:228)
[2024-11-02T06:02:05.354+0000] {spark_submit.py:634} INFO - at org.apache.spark.sql.DataFrameReader.$anonfun$load$2(DataFrameReader.scala:210)
[2024-11-02T06:02:05.354+0000] {spark_submit.py:634} INFO - at scala.Option.getOrElse(Option.scala:189)
[2024-11-02T06:02:05.355+0000] {spark_submit.py:634} INFO - at org.apache.spark.sql.DataFrameReader.load(DataFrameReader.scala:210)
[2024-11-02T06:02:05.355+0000] {spark_submit.py:634} INFO - at org.apache.spark.sql.DataFrameReader.load(DataFrameReader.scala:171)
[2024-11-02T06:02:05.355+0000] {spark_submit.py:634} INFO - at org.apache.spark.sql.DataFrameReader.jdbc(DataFrameReader.scala:248)
[2024-11-02T06:02:05.356+0000] {spark_submit.py:634} INFO - at java.base/jdk.internal.reflect.NativeMethodAccessorImpl.invoke0(Native Method)
[2024-11-02T06:02:05.356+0000] {spark_submit.py:634} INFO - at java.base/jdk.internal.reflect.NativeMethodAccessorImpl.invoke(NativeMethodAccessorImpl.java:77)
[2024-11-02T06:02:05.356+0000] {spark_submit.py:634} INFO - at java.base/jdk.internal.reflect.DelegatingMethodAccessorImpl.invoke(DelegatingMethodAccessorImpl.java:43)
[2024-11-02T06:02:05.357+0000] {spark_submit.py:634} INFO - at java.base/java.lang.reflect.Method.invoke(Method.java:569)
[2024-11-02T06:02:05.357+0000] {spark_submit.py:634} INFO - at py4j.reflection.MethodInvoker.invoke(MethodInvoker.java:244)
[2024-11-02T06:02:05.357+0000] {spark_submit.py:634} INFO - at py4j.reflection.ReflectionEngine.invoke(ReflectionEngine.java:357)
[2024-11-02T06:02:05.358+0000] {spark_submit.py:634} INFO - at py4j.Gateway.invoke(Gateway.java:282)
[2024-11-02T06:02:05.358+0000] {spark_submit.py:634} INFO - at py4j.commands.AbstractCommand.invokeMethod(AbstractCommand.java:132)
[2024-11-02T06:02:05.359+0000] {spark_submit.py:634} INFO - at py4j.commands.CallCommand.execute(CallCommand.java:79)
[2024-11-02T06:02:05.359+0000] {spark_submit.py:634} INFO - at py4j.ClientServerConnection.waitForCommands(ClientServerConnection.java:182)
[2024-11-02T06:02:05.359+0000] {spark_submit.py:634} INFO - at py4j.ClientServerConnection.run(ClientServerConnection.java:106)
[2024-11-02T06:02:05.360+0000] {spark_submit.py:634} INFO - at java.base/java.lang.Thread.run(Thread.java:840)
[2024-11-02T06:02:05.360+0000] {spark_submit.py:634} INFO - 
[2024-11-02T06:02:05.506+0000] {taskinstance.py:2728} ERROR - Task failed with exception
Traceback (most recent call last):
  File "/home/airflow/.local/lib/python3.9/site-packages/airflow/models/taskinstance.py", line 444, in _execute_task
    result = _execute_callable(context=context, **execute_callable_kwargs)
  File "/home/airflow/.local/lib/python3.9/site-packages/airflow/models/taskinstance.py", line 414, in _execute_callable
    return execute_callable(context=context, **execute_callable_kwargs)
  File "/home/airflow/.local/lib/python3.9/site-packages/airflow/providers/apache/spark/operators/spark_submit.py", line 176, in execute
    self._hook.submit(self.application)
  File "/home/airflow/.local/lib/python3.9/site-packages/airflow/providers/apache/spark/hooks/spark_submit.py", line 560, in submit
    raise AirflowException(
airflow.exceptions.AirflowException: Cannot execute: spark-submit --master spark://dataeng-spark-master:7077 --jars /spark-scripts/jars/jars_postgresql-42.2.20.jar --name arrow-spark /spark-scripts/spark-pg-read-example.py. Error code is: 1.
[2024-11-02T06:02:05.511+0000] {taskinstance.py:1149} INFO - Marking task as FAILED. dag_id=spark-pg-read-dag-example, task_id=spark_submit_task, execution_date=20241102T060158, start_date=20241102T060159, end_date=20241102T060205
[2024-11-02T06:02:05.525+0000] {standard_task_runner.py:107} ERROR - Failed to execute job 5 for task spark_submit_task (Cannot execute: spark-submit --master spark://dataeng-spark-master:7077 --jars /spark-scripts/jars/jars_postgresql-42.2.20.jar --name arrow-spark /spark-scripts/spark-pg-read-example.py. Error code is: 1.; 1435)
[2024-11-02T06:02:05.543+0000] {local_task_job_runner.py:234} INFO - Task exited with return code 1
[2024-11-02T06:02:05.556+0000] {taskinstance.py:3309} INFO - 0 downstream tasks scheduled from follow-on schedule check
